[ 2019-12-13T10:30:33+08:00 ] 10.20.10.145 /kqxt/
INFO: [ app_init ] --START--
INFO: Run Behavior\BuildLiteBehavior [ RunTime:0.000000s ]
INFO: [ app_init ] --END-- [ RunTime:0.023000s ]
INFO: [ app_begin ] --START--
INFO: Run Behavior\ReadHtmlCacheBehavior [ RunTime:0.032000s ]
INFO: [ app_begin ] --END-- [ RunTime:0.032000s ]
INFO: [ view_parse ] --START--
INFO: [ template_filter ] --START--
INFO: Run Behavior\ContentReplaceBehavior [ RunTime:0.000000s ]
INFO: [ template_filter ] --END-- [ RunTime:0.000000s ]
INFO: Run Behavior\ParseTemplateBehavior [ RunTime:0.061000s ]
INFO: [ view_parse ] --END-- [ RunTime:0.061000s ]
INFO: [ view_filter ] --START--
INFO: Run Behavior\WriteHtmlCacheBehavior [ RunTime:0.054000s ]
INFO: [ view_filter ] --END-- [ RunTime:0.054000s ]
INFO: [ app_end ] --START--
INFO: Run Behavior\ShowPageTraceBehavior [ RunTime:0.048000s ]
INFO: [ app_end ] --END-- [ RunTime:0.048000s ]

[ 2019-12-13T10:30:38+08:00 ] 10.20.10.145 /kqxt/index.php/Home/User/xsland.html
INFO: [ app_init ] --START--
INFO: Run Behavior\BuildLiteBehavior [ RunTime:0.000000s ]
INFO: [ app_init ] --END-- [ RunTime:0.002000s ]
INFO: [ app_begin ] --START--
INFO: Run Behavior\ReadHtmlCacheBehavior [ RunTime:0.003000s ]
INFO: [ app_begin ] --END-- [ RunTime:0.003000s ]
INFO: [ view_parse ] --START--
INFO: [ template_filter ] --START--
INFO: Run Behavior\ContentReplaceBehavior [ RunTime:0.000000s ]
INFO: [ template_filter ] --END-- [ RunTime:0.000000s ]
INFO: Run Behavior\ParseTemplateBehavior [ RunTime:0.014000s ]
INFO: [ view_parse ] --END-- [ RunTime:0.014000s ]
INFO: [ view_filter ] --START--
INFO: Run Behavior\WriteHtmlCacheBehavior [ RunTime:0.004000s ]
INFO: [ view_filter ] --END-- [ RunTime:0.004000s ]
INFO: [ app_end ] --START--
INFO: Run Behavior\ShowPageTraceBehavior [ RunTime:0.003000s ]
INFO: [ app_end ] --END-- [ RunTime:0.003000s ]

[ 2019-12-13T10:30:48+08:00 ] 10.20.10.145 /kqxt/index.php/Home/User/xsland.html
INFO: [ app_init ] --START--
INFO: Run Behavior\BuildLiteBehavior [ RunTime:0.000000s ]
INFO: [ app_init ] --END-- [ RunTime:0.001000s ]
INFO: [ app_begin ] --START--
INFO: Run Behavior\ReadHtmlCacheBehavior [ RunTime:0.002000s ]
INFO: [ app_begin ] --END-- [ RunTime:0.002000s ]
INFO: [ view_parse ] --START--
INFO: [ template_filter ] --START--
INFO: Run Behavior\ContentReplaceBehavior [ RunTime:0.000000s ]
INFO: [ template_filter ] --END-- [ RunTime:0.000000s ]
INFO: Run Behavior\ParseTemplateBehavior [ RunTime:0.012000s ]
INFO: [ view_parse ] --END-- [ RunTime:0.012000s ]
INFO: [ view_filter ] --START--
INFO: Run Behavior\WriteHtmlCacheBehavior [ RunTime:0.002000s ]
INFO: [ view_filter ] --END-- [ RunTime:0.002000s ]
INFO: [ app_end ] --START--
INFO: Run Behavior\ShowPageTraceBehavior [ RunTime:0.002000s ]
INFO: [ app_end ] --END-- [ RunTime:0.002000s ]

[ 2019-12-13T10:31:22+08:00 ] 10.20.10.145 /kqxt/index.php/Home/User/do_login_student
INFO: [ app_init ] --START--
INFO: Run Behavior\BuildLiteBehavior [ RunTime:0.000000s ]
INFO: [ app_init ] --END-- [ RunTime:0.001000s ]
INFO: [ app_begin ] --START--
INFO: Run Behavior\ReadHtmlCacheBehavior [ RunTime:0.002000s ]
INFO: [ app_begin ] --END-- [ RunTime:0.002000s ]
SQL: SHOW COLUMNS FROM `student` [ RunTime:0.0170s ]
SQL: SELECT * FROM `student` WHERE ( s_name='曾同学' and s_number='2017001' ) LIMIT 1   [ RunTime:0.0010s ]
INFO: [ app_end ] --START--
INFO: Run Behavior\ShowPageTraceBehavior [ RunTime:0.011000s ]
INFO: [ app_end ] --END-- [ RunTime:0.011000s ]

[ 2019-12-13T10:31:23+08:00 ] 10.20.10.145 /kqxt/index.php/Home/index/xsqd.html
INFO: [ app_init ] --START--
INFO: Run Behavior\BuildLiteBehavior [ RunTime:0.000000s ]
INFO: [ app_init ] --END-- [ RunTime:0.001000s ]
INFO: [ app_begin ] --START--
INFO: Run Behavior\ReadHtmlCacheBehavior [ RunTime:0.003000s ]
INFO: [ app_begin ] --END-- [ RunTime:0.003000s ]
INFO: [ view_parse ] --START--
INFO: [ template_filter ] --START--
INFO: Run Behavior\ContentReplaceBehavior [ RunTime:0.000000s ]
INFO: [ template_filter ] --END-- [ RunTime:0.000000s ]
INFO: Run Behavior\ParseTemplateBehavior [ RunTime:1.007000s ]
INFO: [ view_parse ] --END-- [ RunTime:1.007000s ]
INFO: [ view_filter ] --START--
INFO: Run Behavior\WriteHtmlCacheBehavior [ RunTime:0.004000s ]
INFO: [ view_filter ] --END-- [ RunTime:0.004000s ]
INFO: [ app_end ] --START--
INFO: Run Behavior\ShowPageTraceBehavior [ RunTime:0.003000s ]
INFO: [ app_end ] --END-- [ RunTime:0.003000s ]

[ 2019-12-13T10:31:29+08:00 ] 10.20.10.145 /kqxt/index.php/Home/index/Judge
INFO: [ app_init ] --START--
INFO: Run Behavior\BuildLiteBehavior [ RunTime:0.000000s ]
INFO: [ app_init ] --END-- [ RunTime:0.000000s ]
INFO: [ app_begin ] --START--
INFO: Run Behavior\ReadHtmlCacheBehavior [ RunTime:0.002000s ]
INFO: [ app_begin ] --END-- [ RunTime:0.002000s ]
SQL: SHOW COLUMNS FROM `attendance` [ RunTime:0.0160s ]
NOTIC: [8] Use of undefined constant ture - assumed 'ture' C:\phpStudy\PHPTutorial\WWW\kqxt\Application\Home\Controller\IndexController.class.php 第 24 行.
SQL: SELECT * FROM `attendance` INNER JOIN student ON attendance.student_id = student.id INNER JOIN class ON student.class_id = class.id INNER JOIN classtime ON attendance.classtime_id = classtime.id INNER JOIN course_jihua ON classtime.course_jihua_id = course_jihua.id INNER JOIN course ON course_jihua.course_id = course.id INNER JOIN major_jihua ON course_jihua.major_jihua_id = major_jihua.id  WHERE student.s_name = '曾同学' AND classtime.weeks = 'Fri' AND classtime.weeklyTimes = 16 AND classtime.lesson = 3  [ RunTime:0.0030s ]

[ 2019-12-13T10:33:14+08:00 ] 10.20.10.145 /kqxt/index.php/Home/index/xsqd.html
INFO: [ app_init ] --START--
INFO: Run Behavior\BuildLiteBehavior [ RunTime:0.000000s ]
INFO: [ app_init ] --END-- [ RunTime:0.001000s ]
INFO: [ app_begin ] --START--
INFO: Run Behavior\ReadHtmlCacheBehavior [ RunTime:0.001000s ]
INFO: [ app_begin ] --END-- [ RunTime:0.001000s ]
INFO: [ view_parse ] --START--
INFO: [ template_filter ] --START--
INFO: Run Behavior\ContentReplaceBehavior [ RunTime:0.001000s ]
INFO: [ template_filter ] --END-- [ RunTime:0.001000s ]
INFO: Run Behavior\ParseTemplateBehavior [ RunTime:0.361000s ]
INFO: [ view_parse ] --END-- [ RunTime:0.361000s ]
INFO: [ view_filter ] --START--
INFO: Run Behavior\WriteHtmlCacheBehavior [ RunTime:0.002000s ]
INFO: [ view_filter ] --END-- [ RunTime:0.002000s ]
INFO: [ app_end ] --START--
INFO: Run Behavior\ShowPageTraceBehavior [ RunTime:0.001000s ]
INFO: [ app_end ] --END-- [ RunTime:0.001000s ]

[ 2019-12-13T10:33:17+08:00 ] 10.20.10.145 /kqxt/index.php/Home/index/Judge
INFO: [ app_init ] --START--
INFO: Run Behavior\BuildLiteBehavior [ RunTime:0.000000s ]
INFO: [ app_init ] --END-- [ RunTime:0.001000s ]
INFO: [ app_begin ] --START--
INFO: Run Behavior\ReadHtmlCacheBehavior [ RunTime:0.002000s ]
INFO: [ app_begin ] --END-- [ RunTime:0.002000s ]
SQL: SHOW COLUMNS FROM `attendance` [ RunTime:0.0160s ]
NOTIC: [8] Use of undefined constant ture - assumed 'ture' C:\phpStudy\PHPTutorial\WWW\kqxt\Application\Home\Controller\IndexController.class.php 第 24 行.
SQL: SELECT * FROM `attendance` INNER JOIN student ON attendance.student_id = student.id INNER JOIN class ON student.class_id = class.id INNER JOIN classtime ON attendance.classtime_id = classtime.id INNER JOIN course_jihua ON classtime.course_jihua_id = course_jihua.id INNER JOIN course ON course_jihua.course_id = course.id INNER JOIN major_jihua ON course_jihua.major_jihua_id = major_jihua.id  WHERE student.s_name = '曾同学' AND classtime.weeks = 'Fri' AND classtime.weeklyTimes = 16 AND classtime.lesson = 3  [ RunTime:0.0030s ]

[ 2019-12-13T10:33:23+08:00 ] 10.20.10.145 /kqxt/index.php/Home/Index/kaoqin
INFO: [ app_init ] --START--
INFO: Run Behavior\BuildLiteBehavior [ RunTime:0.000000s ]
INFO: [ app_init ] --END-- [ RunTime:0.000000s ]
INFO: [ app_begin ] --START--
INFO: Run Behavior\ReadHtmlCacheBehavior [ RunTime:0.002000s ]
INFO: [ app_begin ] --END-- [ RunTime:0.002000s ]
SQL: SHOW COLUMNS FROM `attendance` [ RunTime:0.0150s ]
SQL: SHOW COLUMNS FROM `mac` [ RunTime:0.0160s ]
SQL: SHOW COLUMNS FROM `ip` [ RunTime:0.0170s ]
SQL: SELECT `id` FROM `ip` WHERE `ip` = '10.20.10.145' LIMIT 1   [ RunTime:0.0010s ]
SQL: SELECT `id` FROM `mac` WHERE `mac` = '00-23-24-C3-EC-96' LIMIT 1   [ RunTime:0.0010s ]
NOTIC: [8] Use of undefined constant id - assumed 'id' C:\phpStudy\PHPTutorial\WWW\kqxt\Application\Home\Controller\IndexController.class.php 第 119 行.
SQL: UPDATE `attendance` SET `kaoqin`='2',`ip_id`='2' WHERE `student_id` = 1 AND `classtime_id` = 27 [ RunTime:0.0320s ]

[ 2019-12-13T10:33:34+08:00 ] 10.20.10.145 /kqxt/
INFO: [ app_init ] --START--
INFO: Run Behavior\BuildLiteBehavior [ RunTime:0.000000s ]
INFO: [ app_init ] --END-- [ RunTime:0.000000s ]
INFO: [ app_begin ] --START--
INFO: Run Behavior\ReadHtmlCacheBehavior [ RunTime:0.001000s ]
INFO: [ app_begin ] --END-- [ RunTime:0.001000s ]
INFO: [ view_parse ] --START--
INFO: [ template_filter ] --START--
INFO: Run Behavior\ContentReplaceBehavior [ RunTime:0.000000s ]
INFO: [ template_filter ] --END-- [ RunTime:0.000000s ]
INFO: Run Behavior\ParseTemplateBehavior [ RunTime:0.008000s ]
INFO: [ view_parse ] --END-- [ RunTime:0.008000s ]
INFO: [ view_filter ] --START--
INFO: Run Behavior\WriteHtmlCacheBehavior [ RunTime:0.001000s ]
INFO: [ view_filter ] --END-- [ RunTime:0.001000s ]
INFO: [ app_end ] --START--
INFO: Run Behavior\ShowPageTraceBehavior [ RunTime:0.001000s ]
INFO: [ app_end ] --END-- [ RunTime:0.002000s ]

[ 2019-12-13T10:33:35+08:00 ] 10.20.10.145 /kqxt/index.php/Home/User/lsland.html
INFO: [ app_init ] --START--
INFO: Run Behavior\BuildLiteBehavior [ RunTime:0.000000s ]
INFO: [ app_init ] --END-- [ RunTime:0.000000s ]
INFO: [ app_begin ] --START--
INFO: Run Behavior\ReadHtmlCacheBehavior [ RunTime:0.002000s ]
INFO: [ app_begin ] --END-- [ RunTime:0.002000s ]
INFO: [ view_parse ] --START--
INFO: [ template_filter ] --START--
INFO: Run Behavior\ContentReplaceBehavior [ RunTime:0.000000s ]
INFO: [ template_filter ] --END-- [ RunTime:0.000000s ]
INFO: Run Behavior\ParseTemplateBehavior [ RunTime:0.008000s ]
INFO: [ view_parse ] --END-- [ RunTime:0.009000s ]
INFO: [ view_filter ] --START--
INFO: Run Behavior\WriteHtmlCacheBehavior [ RunTime:0.001000s ]
INFO: [ view_filter ] --END-- [ RunTime:0.001000s ]
INFO: [ app_end ] --START--
INFO: Run Behavior\ShowPageTraceBehavior [ RunTime:0.002000s ]
INFO: [ app_end ] --END-- [ RunTime:0.002000s ]

[ 2019-12-13T10:33:58+08:00 ] 10.20.10.145 /kqxt/index.php/Home/User/do_login_teacher
INFO: [ app_init ] --START--
INFO: Run Behavior\BuildLiteBehavior [ RunTime:0.000000s ]
INFO: [ app_init ] --END-- [ RunTime:0.000000s ]
INFO: [ app_begin ] --START--
INFO: Run Behavior\ReadHtmlCacheBehavior [ RunTime:0.002000s ]
INFO: [ app_begin ] --END-- [ RunTime:0.002000s ]
SQL: SHOW COLUMNS FROM `teacher` [ RunTime:0.0160s ]
SQL: SELECT * FROM `teacher` WHERE ( t_name='张老师' and t_number='201701' ) LIMIT 1   [ RunTime:0.0010s ]
INFO: [ app_end ] --START--
INFO: Run Behavior\ShowPageTraceBehavior [ RunTime:0.005000s ]
INFO: [ app_end ] --END-- [ RunTime:0.006000s ]

[ 2019-12-13T10:33:58+08:00 ] 10.20.10.145 /kqxt/index.php/Home/index/lsjm.html
INFO: [ app_init ] --START--
INFO: Run Behavior\BuildLiteBehavior [ RunTime:0.000000s ]
INFO: [ app_init ] --END-- [ RunTime:0.001000s ]
INFO: [ app_begin ] --START--
INFO: Run Behavior\ReadHtmlCacheBehavior [ RunTime:0.003000s ]
INFO: [ app_begin ] --END-- [ RunTime:0.003000s ]
INFO: [ view_parse ] --START--
INFO: [ template_filter ] --START--
INFO: Run Behavior\ContentReplaceBehavior [ RunTime:0.000000s ]
INFO: [ template_filter ] --END-- [ RunTime:0.000000s ]
INFO: Run Behavior\ParseTemplateBehavior [ RunTime:0.012000s ]
INFO: [ view_parse ] --END-- [ RunTime:0.012000s ]
INFO: [ view_filter ] --START--
INFO: Run Behavior\WriteHtmlCacheBehavior [ RunTime:0.001000s ]
INFO: [ view_filter ] --END-- [ RunTime:0.001000s ]
INFO: [ app_end ] --START--
INFO: Run Behavior\ShowPageTraceBehavior [ RunTime:0.002000s ]
INFO: [ app_end ] --END-- [ RunTime:0.002000s ]

[ 2019-12-13T10:33:59+08:00 ] 10.20.10.145 /kqxt/index.php/Home/index/student_list
INFO: [ app_init ] --START--
INFO: Run Behavior\BuildLiteBehavior [ RunTime:0.000000s ]
INFO: [ app_init ] --END-- [ RunTime:0.001000s ]
INFO: [ app_begin ] --START--
INFO: Run Behavior\ReadHtmlCacheBehavior [ RunTime:0.002000s ]
INFO: [ app_begin ] --END-- [ RunTime:0.002000s ]
SQL: SHOW COLUMNS FROM `attendance` [ RunTime:0.0030s ]
SQL: SELECT * FROM `attendance` INNER JOIN student ON attendance.student_id = student.id INNER JOIN classtime ON attendance.classtime_id = classtime.id INNER JOIN ip ON attendance.ip_id = ip.id  WHERE classtime.weeks = 'Fri' AND classtime.weeklyTimes = 16 AND classtime.lesson = 3  [ RunTime:0.0000s ]
SQL: SELECT * FROM `attendance` INNER JOIN student ON attendance.student_id = student.id INNER JOIN classtime ON attendance.classtime_id = classtime.id  WHERE classtime.weeks = 'Fri' AND classtime.weeklyTimes = 16 AND classtime.lesson = 3  [ RunTime:0.0010s ]

[ 2019-12-13T10:34:31+08:00 ] 10.20.10.145 /kqxt/index.php/Home/index/xsqd.html
INFO: [ app_init ] --START--
INFO: Run Behavior\BuildLiteBehavior [ RunTime:0.000000s ]
INFO: [ app_init ] --END-- [ RunTime:0.001000s ]
INFO: [ app_begin ] --START--
INFO: Run Behavior\ReadHtmlCacheBehavior [ RunTime:0.002000s ]
INFO: [ app_begin ] --END-- [ RunTime:0.002000s ]
INFO: [ view_parse ] --START--
INFO: [ template_filter ] --START--
INFO: Run Behavior\ContentReplaceBehavior [ RunTime:0.000000s ]
INFO: [ template_filter ] --END-- [ RunTime:0.000000s ]
INFO: Run Behavior\ParseTemplateBehavior [ RunTime:0.613000s ]
INFO: [ view_parse ] --END-- [ RunTime:0.613000s ]
INFO: [ view_filter ] --START--
INFO: Run Behavior\WriteHtmlCacheBehavior [ RunTime:0.002000s ]
INFO: [ view_filter ] --END-- [ RunTime:0.002000s ]
INFO: [ app_end ] --START--
INFO: Run Behavior\ShowPageTraceBehavior [ RunTime:0.002000s ]
INFO: [ app_end ] --END-- [ RunTime:0.002000s ]

[ 2019-12-13T10:34:34+08:00 ] 10.20.10.145 /kqxt/index.php/Home/index/Judge
INFO: [ app_init ] --START--
INFO: Run Behavior\BuildLiteBehavior [ RunTime:0.000000s ]
INFO: [ app_init ] --END-- [ RunTime:0.000000s ]
INFO: [ app_begin ] --START--
INFO: Run Behavior\ReadHtmlCacheBehavior [ RunTime:0.001000s ]
INFO: [ app_begin ] --END-- [ RunTime:0.001000s ]
SQL: SHOW COLUMNS FROM `attendance` [ RunTime:0.0120s ]
NOTIC: [8] Use of undefined constant ture - assumed 'ture' C:\phpStudy\PHPTutorial\WWW\kqxt\Application\Home\Controller\IndexController.class.php 第 24 行.
SQL: SELECT * FROM `attendance` INNER JOIN student ON attendance.student_id = student.id INNER JOIN class ON student.class_id = class.id INNER JOIN classtime ON attendance.classtime_id = classtime.id INNER JOIN course_jihua ON classtime.course_jihua_id = course_jihua.id INNER JOIN course ON course_jihua.course_id = course.id INNER JOIN major_jihua ON course_jihua.major_jihua_id = major_jihua.id  WHERE student.s_name = '曾同学' AND classtime.weeks = 'Fri' AND classtime.weeklyTimes = 16 AND classtime.lesson = 3  [ RunTime:0.0020s ]

[ 2019-12-13T10:34:39+08:00 ] 10.20.10.145 /kqxt/index.php/Home/Index/kaoqin
INFO: [ app_init ] --START--
INFO: Run Behavior\BuildLiteBehavior [ RunTime:0.000000s ]
INFO: [ app_init ] --END-- [ RunTime:0.001000s ]
INFO: [ app_begin ] --START--
INFO: Run Behavior\ReadHtmlCacheBehavior [ RunTime:0.002000s ]
INFO: [ app_begin ] --END-- [ RunTime:0.002000s ]
SQL: SHOW COLUMNS FROM `attendance` [ RunTime:0.0160s ]
SQL: SHOW COLUMNS FROM `mac` [ RunTime:0.0150s ]
SQL: SHOW COLUMNS FROM `ip` [ RunTime:0.0140s ]
SQL: SELECT `id` FROM `ip` WHERE `ip` = '10.20.10.145' LIMIT 1   [ RunTime:0.0000s ]
SQL: SELECT `id` FROM `mac` WHERE `mac` = '00-23-24-C3-EC-96' LIMIT 1   [ RunTime:0.0000s ]
NOTIC: [8] Use of undefined constant id - assumed 'id' C:\phpStudy\PHPTutorial\WWW\kqxt\Application\Home\Controller\IndexController.class.php 第 119 行.
SQL: UPDATE `attendance` SET `kaoqin`='2',`ip_id`='2' WHERE `student_id` = 1 AND `classtime_id` = 27 [ RunTime:0.0340s ]

[ 2019-12-13T10:34:46+08:00 ] 10.20.10.145 /kqxt/index.php/Home/index/xsqd.html
INFO: [ app_init ] --START--
INFO: Run Behavior\BuildLiteBehavior [ RunTime:0.000000s ]
INFO: [ app_init ] --END-- [ RunTime:0.001000s ]
INFO: [ app_begin ] --START--
INFO: Run Behavior\ReadHtmlCacheBehavior [ RunTime:0.001000s ]
INFO: [ app_begin ] --END-- [ RunTime:0.001000s ]
INFO: [ view_parse ] --START--
INFO: [ template_filter ] --START--
INFO: Run Behavior\ContentReplaceBehavior [ RunTime:0.000000s ]
INFO: [ template_filter ] --END-- [ RunTime:0.000000s ]
INFO: Run Behavior\ParseTemplateBehavior [ RunTime:0.090000s ]
INFO: [ view_parse ] --END-- [ RunTime:0.090000s ]
INFO: [ view_filter ] --START--
INFO: Run Behavior\WriteHtmlCacheBehavior [ RunTime:0.002000s ]
INFO: [ view_filter ] --END-- [ RunTime:0.002000s ]
INFO: [ app_end ] --START--
INFO: Run Behavior\ShowPageTraceBehavior [ RunTime:0.002000s ]
INFO: [ app_end ] --END-- [ RunTime:0.003000s ]

[ 2019-12-13T10:34:50+08:00 ] 10.20.10.145 /kqxt/index.php/Home/index/Judge
INFO: [ app_init ] --START--
INFO: Run Behavior\BuildLiteBehavior [ RunTime:0.000000s ]
INFO: [ app_init ] --END-- [ RunTime:0.001000s ]
INFO: [ app_begin ] --START--
INFO: Run Behavior\ReadHtmlCacheBehavior [ RunTime:0.002000s ]
INFO: [ app_begin ] --END-- [ RunTime:0.002000s ]
SQL: SHOW COLUMNS FROM `attendance` [ RunTime:0.0160s ]
NOTIC: [8] Use of undefined constant ture - assumed 'ture' C:\phpStudy\PHPTutorial\WWW\kqxt\Application\Home\Controller\IndexController.class.php 第 24 行.
SQL: SELECT * FROM `attendance` INNER JOIN student ON attendance.student_id = student.id INNER JOIN class ON student.class_id = class.id INNER JOIN classtime ON attendance.classtime_id = classtime.id INNER JOIN course_jihua ON classtime.course_jihua_id = course_jihua.id INNER JOIN course ON course_jihua.course_id = course.id INNER JOIN major_jihua ON course_jihua.major_jihua_id = major_jihua.id  WHERE student.s_name = '曾同学' AND classtime.weeks = 'Fri' AND classtime.weeklyTimes = 16 AND classtime.lesson = 3  [ RunTime:0.0030s ]

[ 2019-12-13T10:34:51+08:00 ] 10.20.10.145 /kqxt/index.php/Home/Index/kaoqin
INFO: [ app_init ] --START--
INFO: Run Behavior\BuildLiteBehavior [ RunTime:0.000000s ]
INFO: [ app_init ] --END-- [ RunTime:0.001000s ]
INFO: [ app_begin ] --START--
INFO: Run Behavior\ReadHtmlCacheBehavior [ RunTime:0.002000s ]
INFO: [ app_begin ] --END-- [ RunTime:0.002000s ]
SQL: SHOW COLUMNS FROM `attendance` [ RunTime:0.0170s ]
SQL: SHOW COLUMNS FROM `mac` [ RunTime:0.0160s ]
SQL: SHOW COLUMNS FROM `ip` [ RunTime:0.0130s ]
SQL: SELECT `id` FROM `ip` WHERE `ip` = '10.20.10.145' LIMIT 1   [ RunTime:0.0000s ]
SQL: SELECT `id` FROM `mac` WHERE `mac` = '00-23-24-C3-EC-96' LIMIT 1   [ RunTime:0.0000s ]
NOTIC: [8] Use of undefined constant id - assumed 'id' C:\phpStudy\PHPTutorial\WWW\kqxt\Application\Home\Controller\IndexController.class.php 第 119 行.
SQL: UPDATE `attendance` SET `kaoqin`='1',`ip_id`='2' WHERE `student_id` = 1 AND `classtime_id` = 27 [ RunTime:0.0700s ]

[ 2019-12-13T10:34:53+08:00 ] 10.20.10.145 /kqxt/index.php/Home/index/lsjm.html
INFO: [ app_init ] --START--
INFO: Run Behavior\BuildLiteBehavior [ RunTime:0.000000s ]
INFO: [ app_init ] --END-- [ RunTime:0.000000s ]
INFO: [ app_begin ] --START--
INFO: Run Behavior\ReadHtmlCacheBehavior [ RunTime:0.002000s ]
INFO: [ app_begin ] --END-- [ RunTime:0.002000s ]
INFO: [ view_parse ] --START--
INFO: [ template_filter ] --START--
INFO: Run Behavior\ContentReplaceBehavior [ RunTime:0.000000s ]
INFO: [ template_filter ] --END-- [ RunTime:0.000000s ]
INFO: Run Behavior\ParseTemplateBehavior [ RunTime:0.010000s ]
INFO: [ view_parse ] --END-- [ RunTime:0.010000s ]
INFO: [ view_filter ] --START--
INFO: Run Behavior\WriteHtmlCacheBehavior [ RunTime:0.001000s ]
INFO: [ view_filter ] --END-- [ RunTime:0.001000s ]
INFO: [ app_end ] --START--
INFO: Run Behavior\ShowPageTraceBehavior [ RunTime:0.001000s ]
INFO: [ app_end ] --END-- [ RunTime:0.001000s ]

[ 2019-12-13T10:34:54+08:00 ] 10.20.10.145 /kqxt/index.php/Home/index/student_list
INFO: [ app_init ] --START--
INFO: Run Behavior\BuildLiteBehavior [ RunTime:0.000000s ]
INFO: [ app_init ] --END-- [ RunTime:0.001000s ]
INFO: [ app_begin ] --START--
INFO: Run Behavior\ReadHtmlCacheBehavior [ RunTime:0.002000s ]
INFO: [ app_begin ] --END-- [ RunTime:0.002000s ]
SQL: SHOW COLUMNS FROM `attendance` [ RunTime:0.0030s ]
SQL: SELECT * FROM `attendance` INNER JOIN student ON attendance.student_id = student.id INNER JOIN classtime ON attendance.classtime_id = classtime.id INNER JOIN ip ON attendance.ip_id = ip.id  WHERE classtime.weeks = 'Fri' AND classtime.weeklyTimes = 16 AND classtime.lesson = 3  [ RunTime:0.0000s ]
SQL: SELECT * FROM `attendance` INNER JOIN student ON attendance.student_id = student.id INNER JOIN classtime ON attendance.classtime_id = classtime.id  WHERE classtime.weeks = 'Fri' AND classtime.weeklyTimes = 16 AND classtime.lesson = 3  [ RunTime:0.0010s ]

[ 2019-12-13T10:35:16+08:00 ] 10.20.10.145 /kqxt/index.php/Home/index/xsqd.html
INFO: [ app_init ] --START--
INFO: Run Behavior\BuildLiteBehavior [ RunTime:0.000000s ]
INFO: [ app_init ] --END-- [ RunTime:0.000000s ]
INFO: [ app_begin ] --START--
INFO: Run Behavior\ReadHtmlCacheBehavior [ RunTime:0.001000s ]
INFO: [ app_begin ] --END-- [ RunTime:0.001000s ]
INFO: [ view_parse ] --START--
INFO: [ template_filter ] --START--
INFO: Run Behavior\ContentReplaceBehavior [ RunTime:0.000000s ]
INFO: [ template_filter ] --END-- [ RunTime:0.000000s ]
INFO: Run Behavior\ParseTemplateBehavior [ RunTime:0.111000s ]
INFO: [ view_parse ] --END-- [ RunTime:0.111000s ]
INFO: [ view_filter ] --START--
INFO: Run Behavior\WriteHtmlCacheBehavior [ RunTime:0.002000s ]
INFO: [ view_filter ] --END-- [ RunTime:0.002000s ]
INFO: [ app_end ] --START--
INFO: Run Behavior\ShowPageTraceBehavior [ RunTime:0.002000s ]
INFO: [ app_end ] --END-- [ RunTime:0.002000s ]

[ 2019-12-13T10:48:45+08:00 ] 10.20.10.145 /kqxt/index.php/Home/index/Judge
INFO: [ app_init ] --START--
INFO: Run Behavior\BuildLiteBehavior [ RunTime:0.000000s ]
INFO: [ app_init ] --END-- [ RunTime:0.001000s ]
INFO: [ app_begin ] --START--
INFO: Run Behavior\ReadHtmlCacheBehavior [ RunTime:0.002000s ]
INFO: [ app_begin ] --END-- [ RunTime:0.002000s ]
SQL: SHOW COLUMNS FROM `attendance` [ RunTime:0.0140s ]
NOTIC: [8] Use of undefined constant ture - assumed 'ture' C:\phpStudy\PHPTutorial\WWW\kqxt\Application\Home\Controller\IndexController.class.php 第 24 行.
SQL: SELECT * FROM `attendance` INNER JOIN student ON attendance.student_id = student.id INNER JOIN class ON student.class_id = class.id INNER JOIN classtime ON attendance.classtime_id = classtime.id INNER JOIN course_jihua ON classtime.course_jihua_id = course_jihua.id INNER JOIN course ON course_jihua.course_id = course.id INNER JOIN major_jihua ON course_jihua.major_jihua_id = major_jihua.id  WHERE student.s_name = '曾同学' AND classtime.weeks = 'Fri' AND classtime.weeklyTimes = 16 AND classtime.lesson = 3  [ RunTime:0.0020s ]

[ 2019-12-13T10:48:46+08:00 ] 10.20.10.145 /kqxt/index.php/Home/Index/kaoqin
INFO: [ app_init ] --START--
INFO: Run Behavior\BuildLiteBehavior [ RunTime:0.000000s ]
INFO: [ app_init ] --END-- [ RunTime:0.000000s ]
INFO: [ app_begin ] --START--
INFO: Run Behavior\ReadHtmlCacheBehavior [ RunTime:0.001000s ]
INFO: [ app_begin ] --END-- [ RunTime:0.001000s ]
SQL: SHOW COLUMNS FROM `attendance` [ RunTime:0.0170s ]
SQL: SHOW COLUMNS FROM `mac` [ RunTime:0.0080s ]
SQL: SHOW COLUMNS FROM `ip` [ RunTime:0.0060s ]
SQL: SELECT `id` FROM `ip` WHERE `ip` = '10.20.10.145' LIMIT 1   [ RunTime:0.0010s ]
SQL: SELECT `id` FROM `mac` WHERE `mac` = '00-23-24-C3-EC-96' LIMIT 1   [ RunTime:0.0000s ]
NOTIC: [8] Use of undefined constant id - assumed 'id' C:\phpStudy\PHPTutorial\WWW\kqxt\Application\Home\Controller\IndexController.class.php 第 119 行.
SQL: UPDATE `attendance` SET `kaoqin`='1',`ip_id`='2' WHERE `student_id` = 1 AND `classtime_id` = 27 [ RunTime:0.0460s ]

[ 2019-12-13T10:49:46+08:00 ] 10.20.10.145 /kqxt/index.php/Home/index/update_attendance_grade
INFO: [ app_init ] --START--
INFO: Run Behavior\BuildLiteBehavior [ RunTime:0.000000s ]
INFO: [ app_init ] --END-- [ RunTime:0.001000s ]
INFO: [ app_begin ] --START--
INFO: Run Behavior\ReadHtmlCacheBehavior [ RunTime:0.001000s ]
INFO: [ app_begin ] --END-- [ RunTime:0.001000s ]
SQL: SHOW COLUMNS FROM `attendance` [ RunTime:0.0160s ]
SQL: SHOW COLUMNS FROM `student` [ RunTime:0.0150s ]
SQL: SELECT `id` FROM `student` WHERE `s_name` = '曾同学' LIMIT 1   [ RunTime:0.0010s ]
NOTIC: [8] Use of undefined constant id - assumed 'id' C:\phpStudy\PHPTutorial\WWW\kqxt\Application\Home\Controller\IndexController.class.php 第 194 行.
SQL: SELECT * FROM `attendance` INNER JOIN student ON attendance.student_id = student.id INNER JOIN classtime ON attendance.classtime_id = classtime.id  WHERE `student_id` = '1'  [ RunTime:0.0020s ]

[ 2019-12-13T10:49:46+08:00 ] 10.20.10.145 /kqxt/index.php
INFO: [ app_init ] --START--
INFO: Run Behavior\BuildLiteBehavior [ RunTime:0.000000s ]
INFO: [ app_init ] --END-- [ RunTime:0.001000s ]
INFO: [ app_begin ] --START--
INFO: Run Behavior\ReadHtmlCacheBehavior [ RunTime:0.002000s ]
INFO: [ app_begin ] --END-- [ RunTime:0.002000s ]
INFO: [ view_parse ] --START--
INFO: [ template_filter ] --START--
INFO: Run Behavior\ContentReplaceBehavior [ RunTime:0.000000s ]
INFO: [ template_filter ] --END-- [ RunTime:0.000000s ]
INFO: Run Behavior\ParseTemplateBehavior [ RunTime:0.014000s ]
INFO: [ view_parse ] --END-- [ RunTime:0.014000s ]
INFO: [ view_filter ] --START--
INFO: Run Behavior\WriteHtmlCacheBehavior [ RunTime:0.001000s ]
INFO: [ view_filter ] --END-- [ RunTime:0.001000s ]
INFO: [ app_end ] --START--
INFO: Run Behavior\ShowPageTraceBehavior [ RunTime:0.002000s ]
INFO: [ app_end ] --END-- [ RunTime:0.002000s ]

[ 2019-12-13T10:49:49+08:00 ] 10.20.10.145 /kqxt/index.php/Home/index/update_attendance_grade
INFO: [ app_init ] --START--
INFO: Run Behavior\BuildLiteBehavior [ RunTime:0.000000s ]
INFO: [ app_init ] --END-- [ RunTime:0.000000s ]
INFO: [ app_begin ] --START--
INFO: Run Behavior\ReadHtmlCacheBehavior [ RunTime:0.001000s ]
INFO: [ app_begin ] --END-- [ RunTime:0.001000s ]
SQL: SHOW COLUMNS FROM `attendance` [ RunTime:0.0170s ]
SQL: SHOW COLUMNS FROM `student` [ RunTime:0.0160s ]
SQL: SELECT `id` FROM `student` WHERE `s_name` = '曾同学' LIMIT 1   [ RunTime:0.0010s ]
NOTIC: [8] Use of undefined constant id - assumed 'id' C:\phpStudy\PHPTutorial\WWW\kqxt\Application\Home\Controller\IndexController.class.php 第 194 行.
SQL: SELECT * FROM `attendance` INNER JOIN student ON attendance.student_id = student.id INNER JOIN classtime ON attendance.classtime_id = classtime.id  WHERE `student_id` = '1'  [ RunTime:0.0020s ]

[ 2019-12-13T10:49:51+08:00 ] 10.20.10.145 /kqxt/index.php/Home/index/update_attendance_grade
INFO: [ app_init ] --START--
INFO: Run Behavior\BuildLiteBehavior [ RunTime:0.000000s ]
INFO: [ app_init ] --END-- [ RunTime:0.001000s ]
INFO: [ app_begin ] --START--
INFO: Run Behavior\ReadHtmlCacheBehavior [ RunTime:0.001000s ]
INFO: [ app_begin ] --END-- [ RunTime:0.001000s ]
SQL: SHOW COLUMNS FROM `attendance` [ RunTime:0.0150s ]
SQL: SHOW COLUMNS FROM `student` [ RunTime:0.0100s ]
SQL: SELECT `id` FROM `student` WHERE `s_name` = '曾同学' LIMIT 1   [ RunTime:0.0000s ]
NOTIC: [8] Use of undefined constant id - assumed 'id' C:\phpStudy\PHPTutorial\WWW\kqxt\Application\Home\Controller\IndexController.class.php 第 194 行.
SQL: SELECT * FROM `attendance` INNER JOIN student ON attendance.student_id = student.id INNER JOIN classtime ON attendance.classtime_id = classtime.id  WHERE `student_id` = '1'  [ RunTime:0.0010s ]

[ 2019-12-13T10:49:53+08:00 ] 10.20.10.145 /kqxt/index.php/Home/index/update_attendance_grade
INFO: [ app_init ] --START--
INFO: Run Behavior\BuildLiteBehavior [ RunTime:0.000000s ]
INFO: [ app_init ] --END-- [ RunTime:0.000000s ]
INFO: [ app_begin ] --START--
INFO: Run Behavior\ReadHtmlCacheBehavior [ RunTime:0.001000s ]
INFO: [ app_begin ] --END-- [ RunTime:0.001000s ]
SQL: SHOW COLUMNS FROM `attendance` [ RunTime:0.0160s ]
SQL: SHOW COLUMNS FROM `student` [ RunTime:0.0110s ]
SQL: SELECT `id` FROM `student` WHERE `s_name` = '曾同学' LIMIT 1   [ RunTime:0.0000s ]
NOTIC: [8] Use of undefined constant id - assumed 'id' C:\phpStudy\PHPTutorial\WWW\kqxt\Application\Home\Controller\IndexController.class.php 第 194 行.
SQL: SELECT * FROM `attendance` INNER JOIN student ON attendance.student_id = student.id INNER JOIN classtime ON attendance.classtime_id = classtime.id  WHERE `student_id` = '1'  [ RunTime:0.0010s ]

[ 2019-12-13T10:50:04+08:00 ] 10.20.10.145 /kqxt/index.php/Home/index/update_attendance_grade
INFO: [ app_init ] --START--
INFO: Run Behavior\BuildLiteBehavior [ RunTime:0.000000s ]
INFO: [ app_init ] --END-- [ RunTime:0.001000s ]
INFO: [ app_begin ] --START--
INFO: Run Behavior\ReadHtmlCacheBehavior [ RunTime:0.002000s ]
INFO: [ app_begin ] --END-- [ RunTime:0.002000s ]
SQL: SHOW COLUMNS FROM `attendance` [ RunTime:0.0160s ]
SQL: SHOW COLUMNS FROM `student` [ RunTime:0.0090s ]
SQL: SELECT `id` FROM `student` WHERE `s_name` = '曾同学' LIMIT 1   [ RunTime:0.0000s ]
NOTIC: [8] Use of undefined constant id - assumed 'id' C:\phpStudy\PHPTutorial\WWW\kqxt\Application\Home\Controller\IndexController.class.php 第 194 行.
SQL: SELECT * FROM `attendance` INNER JOIN student ON attendance.student_id = student.id INNER JOIN classtime ON attendance.classtime_id = classtime.id  WHERE `student_id` = '1'  [ RunTime:0.0010s ]

[ 2019-12-13T10:50:06+08:00 ] 10.20.10.145 /kqxt/index.php/Home/index/update_attendance_grade
INFO: [ app_init ] --START--
INFO: Run Behavior\BuildLiteBehavior [ RunTime:0.000000s ]
INFO: [ app_init ] --END-- [ RunTime:0.001000s ]
INFO: [ app_begin ] --START--
INFO: Run Behavior\ReadHtmlCacheBehavior [ RunTime:0.002000s ]
INFO: [ app_begin ] --END-- [ RunTime:0.002000s ]
SQL: SHOW COLUMNS FROM `attendance` [ RunTime:0.0180s ]
SQL: SHOW COLUMNS FROM `student` [ RunTime:0.0080s ]
SQL: SELECT `id` FROM `student` WHERE `s_name` = '曾同学' LIMIT 1   [ RunTime:0.0010s ]
NOTIC: [8] Use of undefined constant id - assumed 'id' C:\phpStudy\PHPTutorial\WWW\kqxt\Application\Home\Controller\IndexController.class.php 第 194 行.
SQL: SELECT * FROM `attendance` INNER JOIN student ON attendance.student_id = student.id INNER JOIN classtime ON attendance.classtime_id = classtime.id  WHERE `student_id` = '1'  [ RunTime:0.0000s ]

[ 2019-12-13T10:50:08+08:00 ] 10.20.10.145 /kqxt/index.php/Home/index/update_attendance_grade
INFO: [ app_init ] --START--
INFO: Run Behavior\BuildLiteBehavior [ RunTime:0.000000s ]
INFO: [ app_init ] --END-- [ RunTime:0.001000s ]
INFO: [ app_begin ] --START--
INFO: Run Behavior\ReadHtmlCacheBehavior [ RunTime:0.004000s ]
INFO: [ app_begin ] --END-- [ RunTime:0.004000s ]
SQL: SHOW COLUMNS FROM `attendance` [ RunTime:0.0160s ]
SQL: SHOW COLUMNS FROM `student` [ RunTime:0.0130s ]
SQL: SELECT `id` FROM `student` WHERE `s_name` = '&lt;a href=&quot;&quot;&gt;&lt;/a&gt;' LIMIT 1   [ RunTime:0.0010s ]
NOTIC: [8] Use of undefined constant id - assumed 'id' C:\phpStudy\PHPTutorial\WWW\kqxt\Application\Home\Controller\IndexController.class.php 第 194 行.
SQL: SELECT * FROM `attendance` INNER JOIN student ON attendance.student_id = student.id INNER JOIN classtime ON attendance.classtime_id = classtime.id  WHERE `student_id` = null  [ RunTime:0.0000s ]

[ 2019-12-13T10:50:09+08:00 ] 10.20.10.145 /kqxt/index.php/Home/index/update_attendance_grade
INFO: [ app_init ] --START--
INFO: Run Behavior\BuildLiteBehavior [ RunTime:0.000000s ]
INFO: [ app_init ] --END-- [ RunTime:0.001000s ]
INFO: [ app_begin ] --START--
INFO: Run Behavior\ReadHtmlCacheBehavior [ RunTime:0.001000s ]
INFO: [ app_begin ] --END-- [ RunTime:0.001000s ]
SQL: SHOW COLUMNS FROM `attendance` [ RunTime:0.0150s ]
SQL: SHOW COLUMNS FROM `student` [ RunTime:0.0140s ]
SQL: SELECT `id` FROM `student` WHERE `s_name` = '&lt;a href=&quot;&quot;&gt;&lt;/a&gt;' LIMIT 1   [ RunTime:0.0000s ]
NOTIC: [8] Use of undefined constant id - assumed 'id' C:\phpStudy\PHPTutorial\WWW\kqxt\Application\Home\Controller\IndexController.class.php 第 194 行.
SQL: SELECT * FROM `attendance` INNER JOIN student ON attendance.student_id = student.id INNER JOIN classtime ON attendance.classtime_id = classtime.id  WHERE `student_id` = null  [ RunTime:0.0000s ]

[ 2019-12-13T10:50:10+08:00 ] 10.20.10.145 /kqxt/index.php/Home/index/update_attendance_grade
INFO: [ app_init ] --START--
INFO: Run Behavior\BuildLiteBehavior [ RunTime:0.000000s ]
INFO: [ app_init ] --END-- [ RunTime:0.000000s ]
INFO: [ app_begin ] --START--
INFO: Run Behavior\ReadHtmlCacheBehavior [ RunTime:0.002000s ]
INFO: [ app_begin ] --END-- [ RunTime:0.002000s ]
SQL: SHOW COLUMNS FROM `attendance` [ RunTime:0.0110s ]
SQL: SHOW COLUMNS FROM `student` [ RunTime:0.0080s ]
SQL: SELECT `id` FROM `student` WHERE `s_name` = '&lt;a href=&quot;&quot;&gt;&lt;/a&gt;' LIMIT 1   [ RunTime:0.0000s ]
NOTIC: [8] Use of undefined constant id - assumed 'id' C:\phpStudy\PHPTutorial\WWW\kqxt\Application\Home\Controller\IndexController.class.php 第 194 行.
SQL: SELECT * FROM `attendance` INNER JOIN student ON attendance.student_id = student.id INNER JOIN classtime ON attendance.classtime_id = classtime.id  WHERE `student_id` = null  [ RunTime:0.0000s ]

[ 2019-12-13T10:50:11+08:00 ] 10.20.10.145 /kqxt/index.php/Home/index/update_attendance_grade
INFO: [ app_init ] --START--
INFO: Run Behavior\BuildLiteBehavior [ RunTime:0.000000s ]
INFO: [ app_init ] --END-- [ RunTime:0.005000s ]
INFO: [ app_begin ] --START--
INFO: Run Behavior\ReadHtmlCacheBehavior [ RunTime:0.002000s ]
INFO: [ app_begin ] --END-- [ RunTime:0.002000s ]
SQL: SHOW COLUMNS FROM `attendance` [ RunTime:0.0160s ]
SQL: SHOW COLUMNS FROM `student` [ RunTime:0.0130s ]
SQL: SELECT `id` FROM `student` WHERE `s_name` = '&lt;a href=&quot;&quot;&gt;&lt;/a&gt;' LIMIT 1   [ RunTime:0.0010s ]
NOTIC: [8] Use of undefined constant id - assumed 'id' C:\phpStudy\PHPTutorial\WWW\kqxt\Application\Home\Controller\IndexController.class.php 第 194 行.
SQL: SELECT * FROM `attendance` INNER JOIN student ON attendance.student_id = student.id INNER JOIN classtime ON attendance.classtime_id = classtime.id  WHERE `student_id` = null  [ RunTime:0.0010s ]

[ 2019-12-13T10:50:12+08:00 ] 10.20.10.145 /kqxt/index.php/Home/index/update_attendance_grade
INFO: [ app_init ] --START--
INFO: Run Behavior\BuildLiteBehavior [ RunTime:0.000000s ]
INFO: [ app_init ] --END-- [ RunTime:0.000000s ]
INFO: [ app_begin ] --START--
INFO: Run Behavior\ReadHtmlCacheBehavior [ RunTime:0.001000s ]
INFO: [ app_begin ] --END-- [ RunTime:0.001000s ]
SQL: SHOW COLUMNS FROM `attendance` [ RunTime:0.0150s ]
SQL: SHOW COLUMNS FROM `student` [ RunTime:0.0110s ]
SQL: SELECT `id` FROM `student` WHERE `s_name` = '&lt;a href=&quot;&quot;&gt;&lt;/a&gt;' LIMIT 1   [ RunTime:0.0000s ]
NOTIC: [8] Use of undefined constant id - assumed 'id' C:\phpStudy\PHPTutorial\WWW\kqxt\Application\Home\Controller\IndexController.class.php 第 194 行.
SQL: SELECT * FROM `attendance` INNER JOIN student ON attendance.student_id = student.id INNER JOIN classtime ON attendance.classtime_id = classtime.id  WHERE `student_id` = null  [ RunTime:0.0010s ]

[ 2019-12-13T10:50:13+08:00 ] 10.20.10.145 /kqxt/index.php/Home/index/update_attendance_grade
INFO: [ app_init ] --START--
INFO: Run Behavior\BuildLiteBehavior [ RunTime:0.000000s ]
INFO: [ app_init ] --END-- [ RunTime:0.000000s ]
INFO: [ app_begin ] --START--
INFO: Run Behavior\ReadHtmlCacheBehavior [ RunTime:0.001000s ]
INFO: [ app_begin ] --END-- [ RunTime:0.001000s ]
SQL: SHOW COLUMNS FROM `attendance` [ RunTime:0.0170s ]
SQL: SHOW COLUMNS FROM `student` [ RunTime:0.0120s ]
SQL: SELECT `id` FROM `student` WHERE `s_name` = '&lt;a href=&quot;&quot;&gt;&lt;/a&gt;' LIMIT 1   [ RunTime:0.0000s ]
NOTIC: [8] Use of undefined constant id - assumed 'id' C:\phpStudy\PHPTutorial\WWW\kqxt\Application\Home\Controller\IndexController.class.php 第 194 行.
SQL: SELECT * FROM `attendance` INNER JOIN student ON attendance.student_id = student.id INNER JOIN classtime ON attendance.classtime_id = classtime.id  WHERE `student_id` = null  [ RunTime:0.0010s ]

[ 2019-12-13T10:50:14+08:00 ] 10.20.10.145 /kqxt/index.php/Home/index/update_attendance_grade
INFO: [ app_init ] --START--
INFO: Run Behavior\BuildLiteBehavior [ RunTime:0.000000s ]
INFO: [ app_init ] --END-- [ RunTime:0.000000s ]
INFO: [ app_begin ] --START--
INFO: Run Behavior\ReadHtmlCacheBehavior [ RunTime:0.002000s ]
INFO: [ app_begin ] --END-- [ RunTime:0.002000s ]
SQL: SHOW COLUMNS FROM `attendance` [ RunTime:0.0170s ]
SQL: SHOW COLUMNS FROM `student` [ RunTime:0.0130s ]
SQL: SELECT `id` FROM `student` WHERE `s_name` = '&lt;a href=&quot;&quot;&gt;&lt;/a&gt;' LIMIT 1   [ RunTime:0.0010s ]
NOTIC: [8] Use of undefined constant id - assumed 'id' C:\phpStudy\PHPTutorial\WWW\kqxt\Application\Home\Controller\IndexController.class.php 第 194 行.
SQL: SELECT * FROM `attendance` INNER JOIN student ON attendance.student_id = student.id INNER JOIN classtime ON attendance.classtime_id = classtime.id  WHERE `student_id` = null  [ RunTime:0.0010s ]

[ 2019-12-13T10:50:15+08:00 ] 10.20.10.145 /kqxt/index.php/Home/index/update_attendance_grade
INFO: [ app_init ] --START--
INFO: Run Behavior\BuildLiteBehavior [ RunTime:0.000000s ]
INFO: [ app_init ] --END-- [ RunTime:0.001000s ]
INFO: [ app_begin ] --START--
INFO: Run Behavior\ReadHtmlCacheBehavior [ RunTime:0.002000s ]
INFO: [ app_begin ] --END-- [ RunTime:0.002000s ]
SQL: SHOW COLUMNS FROM `attendance` [ RunTime:0.0120s ]
SQL: SHOW COLUMNS FROM `student` [ RunTime:0.0050s ]
SQL: SELECT `id` FROM `student` WHERE `s_name` = '&lt;a href=&quot;&quot;&gt;&lt;/a&gt;' LIMIT 1   [ RunTime:0.0000s ]
NOTIC: [8] Use of undefined constant id - assumed 'id' C:\phpStudy\PHPTutorial\WWW\kqxt\Application\Home\Controller\IndexController.class.php 第 194 行.
SQL: SELECT * FROM `attendance` INNER JOIN student ON attendance.student_id = student.id INNER JOIN classtime ON attendance.classtime_id = classtime.id  WHERE `student_id` = null  [ RunTime:0.0010s ]

[ 2019-12-13T10:50:16+08:00 ] 10.20.10.145 /kqxt/index.php/Home/index/update_attendance_grade
INFO: [ app_init ] --START--
INFO: Run Behavior\BuildLiteBehavior [ RunTime:0.000000s ]
INFO: [ app_init ] --END-- [ RunTime:0.000000s ]
INFO: [ app_begin ] --START--
INFO: Run Behavior\ReadHtmlCacheBehavior [ RunTime:0.001000s ]
INFO: [ app_begin ] --END-- [ RunTime:0.001000s ]
SQL: SHOW COLUMNS FROM `attendance` [ RunTime:0.0160s ]
SQL: SHOW COLUMNS FROM `student` [ RunTime:0.0130s ]
SQL: SELECT `id` FROM `student` WHERE `s_name` = '

       &lt;a href=&quot;&quot;&gt;&lt;/a&gt;

    ' LIMIT 1   [ RunTime:0.0010s ]
NOTIC: [8] Use of undefined constant id - assumed 'id' C:\phpStudy\PHPTutorial\WWW\kqxt\Application\Home\Controller\IndexController.class.php 第 194 行.
SQL: SELECT * FROM `attendance` INNER JOIN student ON attendance.student_id = student.id INNER JOIN classtime ON attendance.classtime_id = classtime.id  WHERE `student_id` = null  [ RunTime:0.0010s ]

[ 2019-12-13T10:50:16+08:00 ] 10.20.10.145 /kqxt/index.php/Home/index/lsjm.html
INFO: [ app_init ] --START--
INFO: Run Behavior\BuildLiteBehavior [ RunTime:0.000000s ]
INFO: [ app_init ] --END-- [ RunTime:0.000000s ]
INFO: [ app_begin ] --START--
INFO: Run Behavior\ReadHtmlCacheBehavior [ RunTime:0.001000s ]
INFO: [ app_begin ] --END-- [ RunTime:0.001000s ]
INFO: [ view_parse ] --START--
INFO: [ template_filter ] --START--
INFO: Run Behavior\ContentReplaceBehavior [ RunTime:0.000000s ]
INFO: [ template_filter ] --END-- [ RunTime:0.000000s ]
INFO: Run Behavior\ParseTemplateBehavior [ RunTime:0.019000s ]
INFO: [ view_parse ] --END-- [ RunTime:0.019000s ]
INFO: [ view_filter ] --START--
INFO: Run Behavior\WriteHtmlCacheBehavior [ RunTime:0.002000s ]
INFO: [ view_filter ] --END-- [ RunTime:0.002000s ]
INFO: [ app_end ] --START--
INFO: Run Behavior\ShowPageTraceBehavior [ RunTime:0.002000s ]
INFO: [ app_end ] --END-- [ RunTime:0.002000s ]

[ 2019-12-13T10:50:17+08:00 ] 10.20.10.145 /kqxt/index.php/Home/index/update_attendance_grade
INFO: [ app_init ] --START--
INFO: Run Behavior\BuildLiteBehavior [ RunTime:0.000000s ]
INFO: [ app_init ] --END-- [ RunTime:0.000000s ]
INFO: [ app_begin ] --START--
INFO: Run Behavior\ReadHtmlCacheBehavior [ RunTime:0.001000s ]
INFO: [ app_begin ] --END-- [ RunTime:0.001000s ]
SQL: SHOW COLUMNS FROM `attendance` [ RunTime:0.0040s ]
SQL: SHOW COLUMNS FROM `student` [ RunTime:0.0040s ]
SQL: SELECT `id` FROM `student` WHERE `s_name` = '曾同学' LIMIT 1   [ RunTime:0.0000s ]
NOTIC: [8] Use of undefined constant id - assumed 'id' C:\phpStudy\PHPTutorial\WWW\kqxt\Application\Home\Controller\IndexController.class.php 第 194 行.
SQL: SELECT * FROM `attendance` INNER JOIN student ON attendance.student_id = student.id INNER JOIN classtime ON attendance.classtime_id = classtime.id  WHERE `student_id` = '1'  [ RunTime:0.0000s ]

[ 2019-12-13T10:50:18+08:00 ] 10.20.10.145 /kqxt/index.php/Home/index/student_list
INFO: [ app_init ] --START--
INFO: Run Behavior\BuildLiteBehavior [ RunTime:0.000000s ]
INFO: [ app_init ] --END-- [ RunTime:0.000000s ]
INFO: [ app_begin ] --START--
INFO: Run Behavior\ReadHtmlCacheBehavior [ RunTime:0.002000s ]
INFO: [ app_begin ] --END-- [ RunTime:0.002000s ]
SQL: SHOW COLUMNS FROM `attendance` [ RunTime:0.0050s ]
SQL: SELECT * FROM `attendance` INNER JOIN student ON attendance.student_id = student.id INNER JOIN classtime ON attendance.classtime_id = classtime.id INNER JOIN ip ON attendance.ip_id = ip.id  WHERE classtime.weeks = 'Fri' AND classtime.weeklyTimes = 16 AND classtime.lesson = 3  [ RunTime:0.0000s ]
SQL: SELECT * FROM `attendance` INNER JOIN student ON attendance.student_id = student.id INNER JOIN classtime ON attendance.classtime_id = classtime.id  WHERE classtime.weeks = 'Fri' AND classtime.weeklyTimes = 16 AND classtime.lesson = 3  [ RunTime:0.0010s ]

[ 2019-12-13T10:50:20+08:00 ] 10.20.10.145 /kqxt/index.php/Home/index/update_attendance_grade
INFO: [ app_init ] --START--
INFO: Run Behavior\BuildLiteBehavior [ RunTime:0.000000s ]
INFO: [ app_init ] --END-- [ RunTime:0.001000s ]
INFO: [ app_begin ] --START--
INFO: Run Behavior\ReadHtmlCacheBehavior [ RunTime:0.001000s ]
INFO: [ app_begin ] --END-- [ RunTime:0.001000s ]
SQL: SHOW COLUMNS FROM `attendance` [ RunTime:0.0120s ]
SQL: SHOW COLUMNS FROM `student` [ RunTime:0.0120s ]
SQL: SELECT `id` FROM `student` WHERE `s_name` = '曾同学' LIMIT 1   [ RunTime:0.0010s ]
NOTIC: [8] Use of undefined constant id - assumed 'id' C:\phpStudy\PHPTutorial\WWW\kqxt\Application\Home\Controller\IndexController.class.php 第 194 行.
SQL: SELECT * FROM `attendance` INNER JOIN student ON attendance.student_id = student.id INNER JOIN classtime ON attendance.classtime_id = classtime.id  WHERE `student_id` = '1'  [ RunTime:0.0010s ]

[ 2019-12-13T10:50:23+08:00 ] 10.20.10.145 /kqxt/index.php/Home/index/update_attendance_grade
INFO: [ app_init ] --START--
INFO: Run Behavior\BuildLiteBehavior [ RunTime:0.000000s ]
INFO: [ app_init ] --END-- [ RunTime:0.001000s ]
INFO: [ app_begin ] --START--
INFO: Run Behavior\ReadHtmlCacheBehavior [ RunTime:0.002000s ]
INFO: [ app_begin ] --END-- [ RunTime:0.002000s ]
SQL: SHOW COLUMNS FROM `attendance` [ RunTime:0.0160s ]
SQL: SHOW COLUMNS FROM `student` [ RunTime:0.0150s ]
SQL: SELECT `id` FROM `student` WHERE `s_name` = '&lt;a href=&quot;&quot;&gt;&lt;/a&gt;' LIMIT 1   [ RunTime:0.0000s ]
NOTIC: [8] Use of undefined constant id - assumed 'id' C:\phpStudy\PHPTutorial\WWW\kqxt\Application\Home\Controller\IndexController.class.php 第 194 行.
SQL: SELECT * FROM `attendance` INNER JOIN student ON attendance.student_id = student.id INNER JOIN classtime ON attendance.classtime_id = classtime.id  WHERE `student_id` = null  [ RunTime:0.0010s ]

[ 2019-12-13T10:50:24+08:00 ] 10.20.10.145 /kqxt/index.php/Home/index/update_attendance_grade
INFO: [ app_init ] --START--
INFO: Run Behavior\BuildLiteBehavior [ RunTime:0.000000s ]
INFO: [ app_init ] --END-- [ RunTime:0.001000s ]
INFO: [ app_begin ] --START--
INFO: Run Behavior\ReadHtmlCacheBehavior [ RunTime:0.002000s ]
INFO: [ app_begin ] --END-- [ RunTime:0.002000s ]
SQL: SHOW COLUMNS FROM `attendance` [ RunTime:0.0160s ]
SQL: SHOW COLUMNS FROM `student` [ RunTime:0.0130s ]
SQL: SELECT `id` FROM `student` WHERE `s_name` = '&lt;a href=&quot;&quot;&gt;&lt;/a&gt;' LIMIT 1   [ RunTime:0.0010s ]
NOTIC: [8] Use of undefined constant id - assumed 'id' C:\phpStudy\PHPTutorial\WWW\kqxt\Application\Home\Controller\IndexController.class.php 第 194 行.
SQL: SELECT * FROM `attendance` INNER JOIN student ON attendance.student_id = student.id INNER JOIN classtime ON attendance.classtime_id = classtime.id  WHERE `student_id` = null  [ RunTime:0.0010s ]

[ 2019-12-13T10:50:25+08:00 ] 10.20.10.145 /kqxt/index.php/Home/index/update_attendance_grade
INFO: [ app_init ] --START--
INFO: Run Behavior\BuildLiteBehavior [ RunTime:0.000000s ]
INFO: [ app_init ] --END-- [ RunTime:0.001000s ]
INFO: [ app_begin ] --START--
INFO: Run Behavior\ReadHtmlCacheBehavior [ RunTime:0.001000s ]
INFO: [ app_begin ] --END-- [ RunTime:0.001000s ]
SQL: SHOW COLUMNS FROM `attendance` [ RunTime:0.0090s ]
SQL: SHOW COLUMNS FROM `student` [ RunTime:0.0080s ]
SQL: SELECT `id` FROM `student` WHERE `s_name` = '&lt;a href=&quot;&quot;&gt;&lt;/a&gt;' LIMIT 1   [ RunTime:0.0000s ]
NOTIC: [8] Use of undefined constant id - assumed 'id' C:\phpStudy\PHPTutorial\WWW\kqxt\Application\Home\Controller\IndexController.class.php 第 194 行.
SQL: SELECT * FROM `attendance` INNER JOIN student ON attendance.student_id = student.id INNER JOIN classtime ON attendance.classtime_id = classtime.id  WHERE `student_id` = null  [ RunTime:0.0000s ]

[ 2019-12-13T10:50:26+08:00 ] 10.20.10.145 /kqxt/index.php/Home/index/update_attendance_grade
INFO: [ app_init ] --START--
INFO: Run Behavior\BuildLiteBehavior [ RunTime:0.000000s ]
INFO: [ app_init ] --END-- [ RunTime:0.001000s ]
INFO: [ app_begin ] --START--
INFO: Run Behavior\ReadHtmlCacheBehavior [ RunTime:0.002000s ]
INFO: [ app_begin ] --END-- [ RunTime:0.002000s ]
SQL: SHOW COLUMNS FROM `attendance` [ RunTime:0.0140s ]
SQL: SHOW COLUMNS FROM `student` [ RunTime:0.0130s ]
SQL: SELECT `id` FROM `student` WHERE `s_name` = '&lt;a href=&quot;&quot;&gt;&lt;/a&gt;' LIMIT 1   [ RunTime:0.0010s ]
NOTIC: [8] Use of undefined constant id - assumed 'id' C:\phpStudy\PHPTutorial\WWW\kqxt\Application\Home\Controller\IndexController.class.php 第 194 行.
SQL: SELECT * FROM `attendance` INNER JOIN student ON attendance.student_id = student.id INNER JOIN classtime ON attendance.classtime_id = classtime.id  WHERE `student_id` = null  [ RunTime:0.0000s ]

[ 2019-12-13T10:50:27+08:00 ] 10.20.10.145 /kqxt/index.php/Home/index/update_attendance_grade
INFO: [ app_init ] --START--
INFO: Run Behavior\BuildLiteBehavior [ RunTime:0.000000s ]
INFO: [ app_init ] --END-- [ RunTime:0.001000s ]
INFO: [ app_begin ] --START--
INFO: Run Behavior\ReadHtmlCacheBehavior [ RunTime:0.001000s ]
INFO: [ app_begin ] --END-- [ RunTime:0.001000s ]
SQL: SHOW COLUMNS FROM `attendance` [ RunTime:0.0040s ]
SQL: SHOW COLUMNS FROM `student` [ RunTime:0.0040s ]
SQL: SELECT `id` FROM `student` WHERE `s_name` = '&lt;a href=&quot;&quot;&gt;&lt;/a&gt;' LIMIT 1   [ RunTime:0.0010s ]
NOTIC: [8] Use of undefined constant id - assumed 'id' C:\phpStudy\PHPTutorial\WWW\kqxt\Application\Home\Controller\IndexController.class.php 第 194 行.
SQL: SELECT * FROM `attendance` INNER JOIN student ON attendance.student_id = student.id INNER JOIN classtime ON attendance.classtime_id = classtime.id  WHERE `student_id` = null  [ RunTime:0.0000s ]

[ 2019-12-13T10:50:28+08:00 ] 10.20.10.145 /kqxt/index.php/Home/index/update_attendance_grade
INFO: [ app_init ] --START--
INFO: Run Behavior\BuildLiteBehavior [ RunTime:0.000000s ]
INFO: [ app_init ] --END-- [ RunTime:0.001000s ]
INFO: [ app_begin ] --START--
INFO: Run Behavior\ReadHtmlCacheBehavior [ RunTime:0.002000s ]
INFO: [ app_begin ] --END-- [ RunTime:0.002000s ]
SQL: SHOW COLUMNS FROM `attendance` [ RunTime:0.0140s ]
SQL: SHOW COLUMNS FROM `student` [ RunTime:0.0120s ]
SQL: SELECT `id` FROM `student` WHERE `s_name` = '&lt;a href=&quot;&quot;&gt;&lt;/a&gt;' LIMIT 1   [ RunTime:0.0000s ]
NOTIC: [8] Use of undefined constant id - assumed 'id' C:\phpStudy\PHPTutorial\WWW\kqxt\Application\Home\Controller\IndexController.class.php 第 194 行.
SQL: SELECT * FROM `attendance` INNER JOIN student ON attendance.student_id = student.id INNER JOIN classtime ON attendance.classtime_id = classtime.id  WHERE `student_id` = null  [ RunTime:0.0000s ]

[ 2019-12-13T10:50:29+08:00 ] 10.20.10.145 /kqxt/index.php/Home/index/update_attendance_grade
INFO: [ app_init ] --START--
INFO: Run Behavior\BuildLiteBehavior [ RunTime:0.000000s ]
INFO: [ app_init ] --END-- [ RunTime:0.001000s ]
INFO: [ app_begin ] --START--
INFO: Run Behavior\ReadHtmlCacheBehavior [ RunTime:0.002000s ]
INFO: [ app_begin ] --END-- [ RunTime:0.002000s ]
SQL: SHOW COLUMNS FROM `attendance` [ RunTime:0.0160s ]
SQL: SHOW COLUMNS FROM `student` [ RunTime:0.0100s ]
SQL: SELECT `id` FROM `student` WHERE `s_name` = '&lt;a href=&quot;&quot;&gt;&lt;/a&gt;' LIMIT 1   [ RunTime:0.0000s ]
NOTIC: [8] Use of undefined constant id - assumed 'id' C:\phpStudy\PHPTutorial\WWW\kqxt\Application\Home\Controller\IndexController.class.php 第 194 行.
SQL: SELECT * FROM `attendance` INNER JOIN student ON attendance.student_id = student.id INNER JOIN classtime ON attendance.classtime_id = classtime.id  WHERE `student_id` = null  [ RunTime:0.0010s ]

[ 2019-12-13T10:50:30+08:00 ] 10.20.10.145 /kqxt/index.php/Home/index/update_attendance_grade
INFO: [ app_init ] --START--
INFO: Run Behavior\BuildLiteBehavior [ RunTime:0.000000s ]
INFO: [ app_init ] --END-- [ RunTime:0.001000s ]
INFO: [ app_begin ] --START--
INFO: Run Behavior\ReadHtmlCacheBehavior [ RunTime:0.002000s ]
INFO: [ app_begin ] --END-- [ RunTime:0.002000s ]
SQL: SHOW COLUMNS FROM `attendance` [ RunTime:0.0170s ]
SQL: SHOW COLUMNS FROM `student` [ RunTime:0.0110s ]
SQL: SELECT `id` FROM `student` WHERE `s_name` = '&lt;a href=&quot;&quot;&gt;&lt;/a&gt;' LIMIT 1   [ RunTime:0.0000s ]
NOTIC: [8] Use of undefined constant id - assumed 'id' C:\phpStudy\PHPTutorial\WWW\kqxt\Application\Home\Controller\IndexController.class.php 第 194 行.
SQL: SELECT * FROM `attendance` INNER JOIN student ON attendance.student_id = student.id INNER JOIN classtime ON attendance.classtime_id = classtime.id  WHERE `student_id` = null  [ RunTime:0.0000s ]

[ 2019-12-13T10:50:32+08:00 ] 10.20.10.145 /kqxt/index.php/Home/index/update_attendance_grade
INFO: [ app_init ] --START--
INFO: Run Behavior\BuildLiteBehavior [ RunTime:0.000000s ]
INFO: [ app_init ] --END-- [ RunTime:0.001000s ]
INFO: [ app_begin ] --START--
INFO: Run Behavior\ReadHtmlCacheBehavior [ RunTime:0.002000s ]
INFO: [ app_begin ] --END-- [ RunTime:0.002000s ]
SQL: SHOW COLUMNS FROM `attendance` [ RunTime:0.0170s ]
SQL: SHOW COLUMNS FROM `student` [ RunTime:0.0090s ]
SQL: SELECT `id` FROM `student` WHERE `s_name` = '&lt;a href=&quot;&quot;&gt;&lt;/a&gt;' LIMIT 1   [ RunTime:0.0010s ]
NOTIC: [8] Use of undefined constant id - assumed 'id' C:\phpStudy\PHPTutorial\WWW\kqxt\Application\Home\Controller\IndexController.class.php 第 194 行.
SQL: SELECT * FROM `attendance` INNER JOIN student ON attendance.student_id = student.id INNER JOIN classtime ON attendance.classtime_id = classtime.id  WHERE `student_id` = null  [ RunTime:0.0000s ]

[ 2019-12-13T10:50:33+08:00 ] 10.20.10.145 /kqxt/index.php/Home/index/update_attendance_grade
INFO: [ app_init ] --START--
INFO: Run Behavior\BuildLiteBehavior [ RunTime:0.000000s ]
INFO: [ app_init ] --END-- [ RunTime:0.001000s ]
INFO: [ app_begin ] --START--
INFO: Run Behavior\ReadHtmlCacheBehavior [ RunTime:0.002000s ]
INFO: [ app_begin ] --END-- [ RunTime:0.002000s ]
SQL: SHOW COLUMNS FROM `attendance` [ RunTime:0.0150s ]
SQL: SHOW COLUMNS FROM `student` [ RunTime:0.0130s ]
SQL: SELECT `id` FROM `student` WHERE `s_name` = '&lt;a href=&quot;&quot;&gt;&lt;/a&gt;' LIMIT 1   [ RunTime:0.0010s ]
NOTIC: [8] Use of undefined constant id - assumed 'id' C:\phpStudy\PHPTutorial\WWW\kqxt\Application\Home\Controller\IndexController.class.php 第 194 行.
SQL: SELECT * FROM `attendance` INNER JOIN student ON attendance.student_id = student.id INNER JOIN classtime ON attendance.classtime_id = classtime.id  WHERE `student_id` = null  [ RunTime:0.0010s ]

[ 2019-12-13T10:50:34+08:00 ] 10.20.10.145 /kqxt/index.php/Home/index/update_attendance_grade
INFO: [ app_init ] --START--
INFO: Run Behavior\BuildLiteBehavior [ RunTime:0.000000s ]
INFO: [ app_init ] --END-- [ RunTime:0.000000s ]
INFO: [ app_begin ] --START--
INFO: Run Behavior\ReadHtmlCacheBehavior [ RunTime:0.002000s ]
INFO: [ app_begin ] --END-- [ RunTime:0.002000s ]
SQL: SHOW COLUMNS FROM `attendance` [ RunTime:0.0140s ]
SQL: SHOW COLUMNS FROM `student` [ RunTime:0.0100s ]
SQL: SELECT `id` FROM `student` WHERE `s_name` = '&lt;a href=&quot;&quot;&gt;&lt;/a&gt;' LIMIT 1   [ RunTime:0.0000s ]
NOTIC: [8] Use of undefined constant id - assumed 'id' C:\phpStudy\PHPTutorial\WWW\kqxt\Application\Home\Controller\IndexController.class.php 第 194 行.
SQL: SELECT * FROM `attendance` INNER JOIN student ON attendance.student_id = student.id INNER JOIN classtime ON attendance.classtime_id = classtime.id  WHERE `student_id` = null  [ RunTime:0.0000s ]

[ 2019-12-13T10:50:35+08:00 ] 10.20.10.145 /kqxt/index.php/Home/index/update_attendance_grade
INFO: [ app_init ] --START--
INFO: Run Behavior\BuildLiteBehavior [ RunTime:0.000000s ]
INFO: [ app_init ] --END-- [ RunTime:0.001000s ]
INFO: [ app_begin ] --START--
INFO: Run Behavior\ReadHtmlCacheBehavior [ RunTime:0.002000s ]
INFO: [ app_begin ] --END-- [ RunTime:0.002000s ]
SQL: SHOW COLUMNS FROM `attendance` [ RunTime:0.0080s ]
SQL: SHOW COLUMNS FROM `student` [ RunTime:0.0080s ]
SQL: SELECT `id` FROM `student` WHERE `s_name` = '&lt;a href=&quot;&quot;&gt;&lt;/a&gt;' LIMIT 1   [ RunTime:0.0000s ]
NOTIC: [8] Use of undefined constant id - assumed 'id' C:\phpStudy\PHPTutorial\WWW\kqxt\Application\Home\Controller\IndexController.class.php 第 194 行.
SQL: SELECT * FROM `attendance` INNER JOIN student ON attendance.student_id = student.id INNER JOIN classtime ON attendance.classtime_id = classtime.id  WHERE `student_id` = null  [ RunTime:0.0010s ]

[ 2019-12-13T10:50:36+08:00 ] 10.20.10.145 /kqxt/index.php/Home/index/update_attendance_grade
INFO: [ app_init ] --START--
INFO: Run Behavior\BuildLiteBehavior [ RunTime:0.000000s ]
INFO: [ app_init ] --END-- [ RunTime:0.000000s ]
INFO: [ app_begin ] --START--
INFO: Run Behavior\ReadHtmlCacheBehavior [ RunTime:0.001000s ]
INFO: [ app_begin ] --END-- [ RunTime:0.001000s ]
SQL: SHOW COLUMNS FROM `attendance` [ RunTime:0.0110s ]
SQL: SHOW COLUMNS FROM `student` [ RunTime:0.0080s ]
SQL: SELECT `id` FROM `student` WHERE `s_name` = '&lt;a href=&quot;&quot;&gt;&lt;/a&gt;' LIMIT 1   [ RunTime:0.0000s ]
NOTIC: [8] Use of undefined constant id - assumed 'id' C:\phpStudy\PHPTutorial\WWW\kqxt\Application\Home\Controller\IndexController.class.php 第 194 行.
SQL: SELECT * FROM `attendance` INNER JOIN student ON attendance.student_id = student.id INNER JOIN classtime ON attendance.classtime_id = classtime.id  WHERE `student_id` = null  [ RunTime:0.0010s ]

[ 2019-12-13T10:50:37+08:00 ] 10.20.10.145 /kqxt/index.php/Home/index/update_attendance_grade
INFO: [ app_init ] --START--
INFO: Run Behavior\BuildLiteBehavior [ RunTime:0.000000s ]
INFO: [ app_init ] --END-- [ RunTime:0.001000s ]
INFO: [ app_begin ] --START--
INFO: Run Behavior\ReadHtmlCacheBehavior [ RunTime:0.002000s ]
INFO: [ app_begin ] --END-- [ RunTime:0.002000s ]
SQL: SHOW COLUMNS FROM `attendance` [ RunTime:0.0150s ]
SQL: SHOW COLUMNS FROM `student` [ RunTime:0.0110s ]
SQL: SELECT `id` FROM `student` WHERE `s_name` = '&lt;a href=&quot;&quot;&gt;&lt;/a&gt;' LIMIT 1   [ RunTime:0.0010s ]
NOTIC: [8] Use of undefined constant id - assumed 'id' C:\phpStudy\PHPTutorial\WWW\kqxt\Application\Home\Controller\IndexController.class.php 第 194 行.
SQL: SELECT * FROM `attendance` INNER JOIN student ON attendance.student_id = student.id INNER JOIN classtime ON attendance.classtime_id = classtime.id  WHERE `student_id` = null  [ RunTime:0.0000s ]

[ 2019-12-13T10:50:38+08:00 ] 10.20.10.145 /kqxt/index.php/Home/index/update_attendance_grade
INFO: [ app_init ] --START--
INFO: Run Behavior\BuildLiteBehavior [ RunTime:0.000000s ]
INFO: [ app_init ] --END-- [ RunTime:0.001000s ]
INFO: [ app_begin ] --START--
INFO: Run Behavior\ReadHtmlCacheBehavior [ RunTime:0.002000s ]
INFO: [ app_begin ] --END-- [ RunTime:0.002000s ]
SQL: SHOW COLUMNS FROM `attendance` [ RunTime:0.0150s ]
SQL: SHOW COLUMNS FROM `student` [ RunTime:0.0130s ]
SQL: SELECT `id` FROM `student` WHERE `s_name` = '&lt;a href=&quot;&quot;&gt;&lt;/a&gt;' LIMIT 1   [ RunTime:0.0000s ]
NOTIC: [8] Use of undefined constant id - assumed 'id' C:\phpStudy\PHPTutorial\WWW\kqxt\Application\Home\Controller\IndexController.class.php 第 194 行.
SQL: SELECT * FROM `attendance` INNER JOIN student ON attendance.student_id = student.id INNER JOIN classtime ON attendance.classtime_id = classtime.id  WHERE `student_id` = null  [ RunTime:0.0000s ]

[ 2019-12-13T10:50:39+08:00 ] 10.20.10.145 /kqxt/index.php/Home/index/update_attendance_grade
INFO: [ app_init ] --START--
INFO: Run Behavior\BuildLiteBehavior [ RunTime:0.000000s ]
INFO: [ app_init ] --END-- [ RunTime:0.000000s ]
INFO: [ app_begin ] --START--
INFO: Run Behavior\ReadHtmlCacheBehavior [ RunTime:0.001000s ]
INFO: [ app_begin ] --END-- [ RunTime:0.001000s ]
SQL: SHOW COLUMNS FROM `attendance` [ RunTime:0.0170s ]
SQL: SHOW COLUMNS FROM `student` [ RunTime:0.0090s ]
SQL: SELECT `id` FROM `student` WHERE `s_name` = '&lt;a href=&quot;&quot;&gt;&lt;/a&gt;' LIMIT 1   [ RunTime:0.0010s ]
NOTIC: [8] Use of undefined constant id - assumed 'id' C:\phpStudy\PHPTutorial\WWW\kqxt\Application\Home\Controller\IndexController.class.php 第 194 行.
SQL: SELECT * FROM `attendance` INNER JOIN student ON attendance.student_id = student.id INNER JOIN classtime ON attendance.classtime_id = classtime.id  WHERE `student_id` = null  [ RunTime:0.0000s ]

[ 2019-12-13T10:50:40+08:00 ] 10.20.10.145 /kqxt/index.php/Home/index/update_attendance_grade
INFO: [ app_init ] --START--
INFO: Run Behavior\BuildLiteBehavior [ RunTime:0.000000s ]
INFO: [ app_init ] --END-- [ RunTime:0.000000s ]
INFO: [ app_begin ] --START--
INFO: Run Behavior\ReadHtmlCacheBehavior [ RunTime:0.002000s ]
INFO: [ app_begin ] --END-- [ RunTime:0.002000s ]
SQL: SHOW COLUMNS FROM `attendance` [ RunTime:0.0120s ]
SQL: SHOW COLUMNS FROM `student` [ RunTime:0.0070s ]
SQL: SELECT `id` FROM `student` WHERE `s_name` = '&lt;a href=&quot;&quot;&gt;&lt;/a&gt;' LIMIT 1   [ RunTime:0.0010s ]
NOTIC: [8] Use of undefined constant id - assumed 'id' C:\phpStudy\PHPTutorial\WWW\kqxt\Application\Home\Controller\IndexController.class.php 第 194 行.
SQL: SELECT * FROM `attendance` INNER JOIN student ON attendance.student_id = student.id INNER JOIN classtime ON attendance.classtime_id = classtime.id  WHERE `student_id` = null  [ RunTime:0.0000s ]

[ 2019-12-13T10:50:41+08:00 ] 10.20.10.145 /kqxt/index.php/Home/index/update_attendance_grade
INFO: [ app_init ] --START--
INFO: Run Behavior\BuildLiteBehavior [ RunTime:0.000000s ]
INFO: [ app_init ] --END-- [ RunTime:0.000000s ]
INFO: [ app_begin ] --START--
INFO: Run Behavior\ReadHtmlCacheBehavior [ RunTime:0.002000s ]
INFO: [ app_begin ] --END-- [ RunTime:0.002000s ]
SQL: SHOW COLUMNS FROM `attendance` [ RunTime:0.0110s ]
SQL: SHOW COLUMNS FROM `student` [ RunTime:0.0090s ]
SQL: SELECT `id` FROM `student` WHERE `s_name` = '&lt;a href=&quot;&quot;&gt;&lt;/a&gt;' LIMIT 1   [ RunTime:0.0000s ]
NOTIC: [8] Use of undefined constant id - assumed 'id' C:\phpStudy\PHPTutorial\WWW\kqxt\Application\Home\Controller\IndexController.class.php 第 194 行.
SQL: SELECT * FROM `attendance` INNER JOIN student ON attendance.student_id = student.id INNER JOIN classtime ON attendance.classtime_id = classtime.id  WHERE `student_id` = null  [ RunTime:0.0010s ]

[ 2019-12-13T10:50:42+08:00 ] 10.20.10.145 /kqxt/index.php/Home/index/update_attendance_grade
INFO: [ app_init ] --START--
INFO: Run Behavior\BuildLiteBehavior [ RunTime:0.000000s ]
INFO: [ app_init ] --END-- [ RunTime:0.001000s ]
INFO: [ app_begin ] --START--
INFO: Run Behavior\ReadHtmlCacheBehavior [ RunTime:0.002000s ]
INFO: [ app_begin ] --END-- [ RunTime:0.002000s ]
SQL: SHOW COLUMNS FROM `attendance` [ RunTime:0.0160s ]
SQL: SHOW COLUMNS FROM `student` [ RunTime:0.0140s ]
SQL: SELECT `id` FROM `student` WHERE `s_name` = '&lt;a href=&quot;&quot;&gt;&lt;/a&gt;' LIMIT 1   [ RunTime:0.0010s ]
NOTIC: [8] Use of undefined constant id - assumed 'id' C:\phpStudy\PHPTutorial\WWW\kqxt\Application\Home\Controller\IndexController.class.php 第 194 行.
SQL: SELECT * FROM `attendance` INNER JOIN student ON attendance.student_id = student.id INNER JOIN classtime ON attendance.classtime_id = classtime.id  WHERE `student_id` = null  [ RunTime:0.0010s ]

[ 2019-12-13T10:50:43+08:00 ] 10.20.10.145 /kqxt/index.php/Home/index/update_attendance_grade
INFO: [ app_init ] --START--
INFO: Run Behavior\BuildLiteBehavior [ RunTime:0.000000s ]
INFO: [ app_init ] --END-- [ RunTime:0.000000s ]
INFO: [ app_begin ] --START--
INFO: Run Behavior\ReadHtmlCacheBehavior [ RunTime:0.004000s ]
INFO: [ app_begin ] --END-- [ RunTime:0.004000s ]
SQL: SHOW COLUMNS FROM `attendance` [ RunTime:0.0140s ]
SQL: SHOW COLUMNS FROM `student` [ RunTime:0.0140s ]
SQL: SELECT `id` FROM `student` WHERE `s_name` = '&lt;a href=&quot;&quot;&gt;&lt;/a&gt;' LIMIT 1   [ RunTime:0.0010s ]
NOTIC: [8] Use of undefined constant id - assumed 'id' C:\phpStudy\PHPTutorial\WWW\kqxt\Application\Home\Controller\IndexController.class.php 第 194 行.
SQL: SELECT * FROM `attendance` INNER JOIN student ON attendance.student_id = student.id INNER JOIN classtime ON attendance.classtime_id = classtime.id  WHERE `student_id` = null  [ RunTime:0.0000s ]

[ 2019-12-13T10:50:44+08:00 ] 10.20.10.145 /kqxt/index.php/Home/index/update_attendance_grade
INFO: [ app_init ] --START--
INFO: Run Behavior\BuildLiteBehavior [ RunTime:0.000000s ]
INFO: [ app_init ] --END-- [ RunTime:0.001000s ]
INFO: [ app_begin ] --START--
INFO: Run Behavior\ReadHtmlCacheBehavior [ RunTime:0.003000s ]
INFO: [ app_begin ] --END-- [ RunTime:0.004000s ]
SQL: SHOW COLUMNS FROM `attendance` [ RunTime:0.0110s ]
SQL: SHOW COLUMNS FROM `student` [ RunTime:0.0050s ]
SQL: SELECT `id` FROM `student` WHERE `s_name` = '&lt;a href=&quot;&quot;&gt;&lt;/a&gt;' LIMIT 1   [ RunTime:0.0000s ]
NOTIC: [8] Use of undefined constant id - assumed 'id' C:\phpStudy\PHPTutorial\WWW\kqxt\Application\Home\Controller\IndexController.class.php 第 194 行.
SQL: SELECT * FROM `attendance` INNER JOIN student ON attendance.student_id = student.id INNER JOIN classtime ON attendance.classtime_id = classtime.id  WHERE `student_id` = null  [ RunTime:0.0010s ]

[ 2019-12-13T10:50:46+08:00 ] 10.20.10.145 /kqxt/index.php/Home/index/update_attendance_grade
INFO: [ app_init ] --START--
INFO: Run Behavior\BuildLiteBehavior [ RunTime:0.000000s ]
INFO: [ app_init ] --END-- [ RunTime:0.000000s ]
INFO: [ app_begin ] --START--
INFO: Run Behavior\ReadHtmlCacheBehavior [ RunTime:0.001000s ]
INFO: [ app_begin ] --END-- [ RunTime:0.001000s ]
SQL: SHOW COLUMNS FROM `attendance` [ RunTime:0.0150s ]
SQL: SHOW COLUMNS FROM `student` [ RunTime:0.0130s ]
SQL: SELECT `id` FROM `student` WHERE `s_name` = '&lt;a href=&quot;&quot;&gt;&lt;/a&gt;' LIMIT 1   [ RunTime:0.0010s ]
NOTIC: [8] Use of undefined constant id - assumed 'id' C:\phpStudy\PHPTutorial\WWW\kqxt\Application\Home\Controller\IndexController.class.php 第 194 行.
SQL: SELECT * FROM `attendance` INNER JOIN student ON attendance.student_id = student.id INNER JOIN classtime ON attendance.classtime_id = classtime.id  WHERE `student_id` = null  [ RunTime:0.0000s ]

[ 2019-12-13T10:50:47+08:00 ] 10.20.10.145 /kqxt/index.php/Home/index/update_attendance_grade
INFO: [ app_init ] --START--
INFO: Run Behavior\BuildLiteBehavior [ RunTime:0.000000s ]
INFO: [ app_init ] --END-- [ RunTime:0.001000s ]
INFO: [ app_begin ] --START--
INFO: Run Behavior\ReadHtmlCacheBehavior [ RunTime:0.002000s ]
INFO: [ app_begin ] --END-- [ RunTime:0.002000s ]
SQL: SHOW COLUMNS FROM `attendance` [ RunTime:0.0140s ]
SQL: SHOW COLUMNS FROM `student` [ RunTime:0.0130s ]
SQL: SELECT `id` FROM `student` WHERE `s_name` = '&lt;a href=&quot;&quot;&gt;&lt;/a&gt;' LIMIT 1   [ RunTime:0.0010s ]
NOTIC: [8] Use of undefined constant id - assumed 'id' C:\phpStudy\PHPTutorial\WWW\kqxt\Application\Home\Controller\IndexController.class.php 第 194 行.
SQL: SELECT * FROM `attendance` INNER JOIN student ON attendance.student_id = student.id INNER JOIN classtime ON attendance.classtime_id = classtime.id  WHERE `student_id` = null  [ RunTime:0.0000s ]

[ 2019-12-13T10:50:48+08:00 ] 10.20.10.145 /kqxt/index.php/Home/index/update_attendance_grade
INFO: [ app_init ] --START--
INFO: Run Behavior\BuildLiteBehavior [ RunTime:0.000000s ]
INFO: [ app_init ] --END-- [ RunTime:0.001000s ]
INFO: [ app_begin ] --START--
INFO: Run Behavior\ReadHtmlCacheBehavior [ RunTime:0.002000s ]
INFO: [ app_begin ] --END-- [ RunTime:0.002000s ]
SQL: SHOW COLUMNS FROM `attendance` [ RunTime:0.0150s ]
SQL: SHOW COLUMNS FROM `student` [ RunTime:0.0120s ]
SQL: SELECT `id` FROM `student` WHERE `s_name` = '&lt;a href=&quot;&quot;&gt;&lt;/a&gt;' LIMIT 1   [ RunTime:0.0010s ]
NOTIC: [8] Use of undefined constant id - assumed 'id' C:\phpStudy\PHPTutorial\WWW\kqxt\Application\Home\Controller\IndexController.class.php 第 194 行.
SQL: SELECT * FROM `attendance` INNER JOIN student ON attendance.student_id = student.id INNER JOIN classtime ON attendance.classtime_id = classtime.id  WHERE `student_id` = null  [ RunTime:0.0010s ]

[ 2019-12-13T10:50:49+08:00 ] 10.20.10.145 /kqxt/index.php/Home/index/update_attendance_grade
INFO: [ app_init ] --START--
INFO: Run Behavior\BuildLiteBehavior [ RunTime:0.000000s ]
INFO: [ app_init ] --END-- [ RunTime:0.000000s ]
INFO: [ app_begin ] --START--
INFO: Run Behavior\ReadHtmlCacheBehavior [ RunTime:0.002000s ]
INFO: [ app_begin ] --END-- [ RunTime:0.002000s ]
SQL: SHOW COLUMNS FROM `attendance` [ RunTime:0.0160s ]
SQL: SHOW COLUMNS FROM `student` [ RunTime:0.0100s ]
SQL: SELECT `id` FROM `student` WHERE `s_name` = '&lt;a href=&quot;&quot;&gt;&lt;/a&gt;' LIMIT 1   [ RunTime:0.0000s ]
NOTIC: [8] Use of undefined constant id - assumed 'id' C:\phpStudy\PHPTutorial\WWW\kqxt\Application\Home\Controller\IndexController.class.php 第 194 行.
SQL: SELECT * FROM `attendance` INNER JOIN student ON attendance.student_id = student.id INNER JOIN classtime ON attendance.classtime_id = classtime.id  WHERE `student_id` = null  [ RunTime:0.0000s ]

[ 2019-12-13T10:50:50+08:00 ] 10.20.10.145 /kqxt/index.php/Home/index/update_attendance_grade
INFO: [ app_init ] --START--
INFO: Run Behavior\BuildLiteBehavior [ RunTime:0.000000s ]
INFO: [ app_init ] --END-- [ RunTime:0.001000s ]
INFO: [ app_begin ] --START--
INFO: Run Behavior\ReadHtmlCacheBehavior [ RunTime:0.002000s ]
INFO: [ app_begin ] --END-- [ RunTime:0.002000s ]
SQL: SHOW COLUMNS FROM `attendance` [ RunTime:0.0050s ]
SQL: SHOW COLUMNS FROM `student` [ RunTime:0.0040s ]
SQL: SELECT `id` FROM `student` WHERE `s_name` = '&lt;a href=&quot;&quot;&gt;&lt;/a&gt;' LIMIT 1   [ RunTime:0.0010s ]
NOTIC: [8] Use of undefined constant id - assumed 'id' C:\phpStudy\PHPTutorial\WWW\kqxt\Application\Home\Controller\IndexController.class.php 第 194 行.
SQL: SELECT * FROM `attendance` INNER JOIN student ON attendance.student_id = student.id INNER JOIN classtime ON attendance.classtime_id = classtime.id  WHERE `student_id` = null  [ RunTime:0.0000s ]

[ 2019-12-13T10:50:51+08:00 ] 10.20.10.145 /kqxt/index.php/Home/index/update_attendance_grade
INFO: [ app_init ] --START--
INFO: Run Behavior\BuildLiteBehavior [ RunTime:0.000000s ]
INFO: [ app_init ] --END-- [ RunTime:0.001000s ]
INFO: [ app_begin ] --START--
INFO: Run Behavior\ReadHtmlCacheBehavior [ RunTime:0.001000s ]
INFO: [ app_begin ] --END-- [ RunTime:0.001000s ]
SQL: SHOW COLUMNS FROM `attendance` [ RunTime:0.0030s ]
SQL: SHOW COLUMNS FROM `student` [ RunTime:0.0030s ]
SQL: SELECT `id` FROM `student` WHERE `s_name` = '&lt;a href=&quot;&quot;&gt;&lt;/a&gt;' LIMIT 1   [ RunTime:0.0010s ]
NOTIC: [8] Use of undefined constant id - assumed 'id' C:\phpStudy\PHPTutorial\WWW\kqxt\Application\Home\Controller\IndexController.class.php 第 194 行.
SQL: SELECT * FROM `attendance` INNER JOIN student ON attendance.student_id = student.id INNER JOIN classtime ON attendance.classtime_id = classtime.id  WHERE `student_id` = null  [ RunTime:0.0000s ]

[ 2019-12-13T10:50:52+08:00 ] 10.20.10.145 /kqxt/index.php/Home/index/update_attendance_grade
INFO: [ app_init ] --START--
INFO: Run Behavior\BuildLiteBehavior [ RunTime:0.000000s ]
INFO: [ app_init ] --END-- [ RunTime:0.001000s ]
INFO: [ app_begin ] --START--
INFO: Run Behavior\ReadHtmlCacheBehavior [ RunTime:0.001000s ]
INFO: [ app_begin ] --END-- [ RunTime:0.001000s ]
SQL: SHOW COLUMNS FROM `attendance` [ RunTime:0.0040s ]
SQL: SHOW COLUMNS FROM `student` [ RunTime:0.0040s ]
SQL: SELECT `id` FROM `student` WHERE `s_name` = '&lt;a href=&quot;&quot;&gt;&lt;/a&gt;' LIMIT 1   [ RunTime:0.0000s ]
NOTIC: [8] Use of undefined constant id - assumed 'id' C:\phpStudy\PHPTutorial\WWW\kqxt\Application\Home\Controller\IndexController.class.php 第 194 行.
SQL: SELECT * FROM `attendance` INNER JOIN student ON attendance.student_id = student.id INNER JOIN classtime ON attendance.classtime_id = classtime.id  WHERE `student_id` = null  [ RunTime:0.0010s ]

[ 2019-12-13T11:26:16+08:00 ] 10.20.10.145 /kqxt/index.php/Home/index/lsjm.html
INFO: [ app_init ] --START--
INFO: Run Behavior\BuildLiteBehavior [ RunTime:0.000000s ]
INFO: [ app_init ] --END-- [ RunTime:0.000000s ]
INFO: [ app_begin ] --START--
INFO: Run Behavior\ReadHtmlCacheBehavior [ RunTime:0.002000s ]
INFO: [ app_begin ] --END-- [ RunTime:0.002000s ]
INFO: [ view_parse ] --START--
INFO: [ template_filter ] --START--
INFO: Run Behavior\ContentReplaceBehavior [ RunTime:0.000000s ]
INFO: [ template_filter ] --END-- [ RunTime:0.000000s ]
INFO: Run Behavior\ParseTemplateBehavior [ RunTime:0.010000s ]
INFO: [ view_parse ] --END-- [ RunTime:0.010000s ]
INFO: [ view_filter ] --START--
INFO: Run Behavior\WriteHtmlCacheBehavior [ RunTime:0.001000s ]
INFO: [ view_filter ] --END-- [ RunTime:0.001000s ]
INFO: [ app_end ] --START--
INFO: Run Behavior\ShowPageTraceBehavior [ RunTime:0.002000s ]
INFO: [ app_end ] --END-- [ RunTime:0.002000s ]

[ 2019-12-13T11:26:17+08:00 ] 10.20.10.145 /kqxt/index.php/Home/index/student_list
INFO: [ app_init ] --START--
INFO: Run Behavior\BuildLiteBehavior [ RunTime:0.000000s ]
INFO: [ app_init ] --END-- [ RunTime:0.001000s ]
INFO: [ app_begin ] --START--
INFO: Run Behavior\ReadHtmlCacheBehavior [ RunTime:0.003000s ]
INFO: [ app_begin ] --END-- [ RunTime:0.003000s ]
SQL: SHOW COLUMNS FROM `attendance` [ RunTime:0.0180s ]
SQL: SELECT * FROM `attendance` INNER JOIN student ON attendance.student_id = student.id INNER JOIN classtime ON attendance.classtime_id = classtime.id INNER JOIN ip ON attendance.ip_id = ip.id  WHERE classtime.weeks = 'Fri' AND classtime.weeklyTimes = 16 AND classtime.lesson = 3  [ RunTime:0.0060s ]
SQL: SELECT * FROM `attendance` INNER JOIN student ON attendance.student_id = student.id INNER JOIN classtime ON attendance.classtime_id = classtime.id  WHERE classtime.weeks = 'Fri' AND classtime.weeklyTimes = 16 AND classtime.lesson = 3  [ RunTime:0.0010s ]

[ 2019-12-13T11:26:30+08:00 ] 10.20.10.145 /kqxt/index.php/Home/index/lsjm.html
INFO: [ app_init ] --START--
INFO: Run Behavior\BuildLiteBehavior [ RunTime:0.000000s ]
INFO: [ app_init ] --END-- [ RunTime:0.000000s ]
INFO: [ app_begin ] --START--
INFO: Run Behavior\ReadHtmlCacheBehavior [ RunTime:0.001000s ]
INFO: [ app_begin ] --END-- [ RunTime:0.001000s ]
INFO: [ view_parse ] --START--
INFO: [ template_filter ] --START--
INFO: Run Behavior\ContentReplaceBehavior [ RunTime:0.000000s ]
INFO: [ template_filter ] --END-- [ RunTime:0.000000s ]
INFO: Run Behavior\ParseTemplateBehavior [ RunTime:0.009000s ]
INFO: [ view_parse ] --END-- [ RunTime:0.009000s ]
INFO: [ view_filter ] --START--
INFO: Run Behavior\WriteHtmlCacheBehavior [ RunTime:0.001000s ]
INFO: [ view_filter ] --END-- [ RunTime:0.001000s ]
INFO: [ app_end ] --START--
INFO: Run Behavior\ShowPageTraceBehavior [ RunTime:0.002000s ]
INFO: [ app_end ] --END-- [ RunTime:0.002000s ]

[ 2019-12-13T11:26:31+08:00 ] 10.20.10.145 /kqxt/index.php/Home/index/student_list
INFO: [ app_init ] --START--
INFO: Run Behavior\BuildLiteBehavior [ RunTime:0.000000s ]
INFO: [ app_init ] --END-- [ RunTime:0.001000s ]
INFO: [ app_begin ] --START--
INFO: Run Behavior\ReadHtmlCacheBehavior [ RunTime:0.002000s ]
INFO: [ app_begin ] --END-- [ RunTime:0.002000s ]
SQL: SHOW COLUMNS FROM `attendance` [ RunTime:0.0160s ]
SQL: SELECT * FROM `attendance` INNER JOIN student ON attendance.student_id = student.id INNER JOIN classtime ON attendance.classtime_id = classtime.id INNER JOIN ip ON attendance.ip_id = ip.id  WHERE classtime.weeks = 'Fri' AND classtime.weeklyTimes = 16 AND classtime.lesson = 3  [ RunTime:0.0020s ]
SQL: SELECT * FROM `attendance` INNER JOIN student ON attendance.student_id = student.id INNER JOIN classtime ON attendance.classtime_id = classtime.id  WHERE classtime.weeks = 'Fri' AND classtime.weeklyTimes = 16 AND classtime.lesson = 3  [ RunTime:0.0020s ]

[ 2019-12-13T11:26:31+08:00 ] 10.20.10.145 /kqxt/index.php/Home/index/lsjm.html
INFO: [ app_init ] --START--
INFO: Run Behavior\BuildLiteBehavior [ RunTime:0.000000s ]
INFO: [ app_init ] --END-- [ RunTime:0.000000s ]
INFO: [ app_begin ] --START--
INFO: Run Behavior\ReadHtmlCacheBehavior [ RunTime:0.001000s ]
INFO: [ app_begin ] --END-- [ RunTime:0.001000s ]
INFO: [ view_parse ] --START--
INFO: [ template_filter ] --START--
INFO: Run Behavior\ContentReplaceBehavior [ RunTime:0.000000s ]
INFO: [ template_filter ] --END-- [ RunTime:0.000000s ]
INFO: Run Behavior\ParseTemplateBehavior [ RunTime:0.024000s ]
INFO: [ view_parse ] --END-- [ RunTime:0.024000s ]
INFO: [ view_filter ] --START--
INFO: Run Behavior\WriteHtmlCacheBehavior [ RunTime:0.001000s ]
INFO: [ view_filter ] --END-- [ RunTime:0.001000s ]
INFO: [ app_end ] --START--
INFO: Run Behavior\ShowPageTraceBehavior [ RunTime:0.001000s ]
INFO: [ app_end ] --END-- [ RunTime:0.001000s ]

[ 2019-12-13T11:26:32+08:00 ] 10.20.10.145 /kqxt/index.php/Home/index/student_list
INFO: [ app_init ] --START--
INFO: Run Behavior\BuildLiteBehavior [ RunTime:0.000000s ]
INFO: [ app_init ] --END-- [ RunTime:0.000000s ]
INFO: [ app_begin ] --START--
INFO: Run Behavior\ReadHtmlCacheBehavior [ RunTime:0.002000s ]
INFO: [ app_begin ] --END-- [ RunTime:0.002000s ]
SQL: SHOW COLUMNS FROM `attendance` [ RunTime:0.0150s ]
SQL: SELECT * FROM `attendance` INNER JOIN student ON attendance.student_id = student.id INNER JOIN classtime ON attendance.classtime_id = classtime.id INNER JOIN ip ON attendance.ip_id = ip.id  WHERE classtime.weeks = 'Fri' AND classtime.weeklyTimes = 16 AND classtime.lesson = 3  [ RunTime:0.0010s ]
SQL: SELECT * FROM `attendance` INNER JOIN student ON attendance.student_id = student.id INNER JOIN classtime ON attendance.classtime_id = classtime.id  WHERE classtime.weeks = 'Fri' AND classtime.weeklyTimes = 16 AND classtime.lesson = 3  [ RunTime:0.0020s ]

[ 2019-12-13T11:26:35+08:00 ] 10.20.10.145 /kqxt/index.php/Home/index/update_attendance_grade
INFO: [ app_init ] --START--
INFO: Run Behavior\BuildLiteBehavior [ RunTime:0.000000s ]
INFO: [ app_init ] --END-- [ RunTime:0.001000s ]
INFO: [ app_begin ] --START--
INFO: Run Behavior\ReadHtmlCacheBehavior [ RunTime:0.002000s ]
INFO: [ app_begin ] --END-- [ RunTime:0.002000s ]
SQL: SHOW COLUMNS FROM `attendance` [ RunTime:0.0160s ]
SQL: SHOW COLUMNS FROM `student` [ RunTime:0.0150s ]
SQL: SELECT `id` FROM `student` WHERE `s_name` = '曾同学' LIMIT 1   [ RunTime:0.0010s ]
NOTIC: [8] Use of undefined constant id - assumed 'id' C:\phpStudy\PHPTutorial\WWW\kqxt\Application\Home\Controller\IndexController.class.php 第 194 行.
SQL: SELECT * FROM `attendance` INNER JOIN student ON attendance.student_id = student.id INNER JOIN classtime ON attendance.classtime_id = classtime.id  WHERE `student_id` = '1'  [ RunTime:0.0010s ]

[ 2019-12-13T11:27:32+08:00 ] 10.20.10.145 /kqxt/index.php/Home/index/update_attendance_grade
INFO: [ app_init ] --START--
INFO: Run Behavior\BuildLiteBehavior [ RunTime:0.000000s ]
INFO: [ app_init ] --END-- [ RunTime:0.001000s ]
INFO: [ app_begin ] --START--
INFO: Run Behavior\ReadHtmlCacheBehavior [ RunTime:0.001000s ]
INFO: [ app_begin ] --END-- [ RunTime:0.001000s ]
SQL: SHOW COLUMNS FROM `attendance` [ RunTime:0.0160s ]
SQL: SHOW COLUMNS FROM `student` [ RunTime:0.0150s ]
SQL: SELECT `id` FROM `student` WHERE `s_name` = '曾同学' LIMIT 1   [ RunTime:0.0000s ]
NOTIC: [8] Use of undefined constant id - assumed 'id' C:\phpStudy\PHPTutorial\WWW\kqxt\Application\Home\Controller\IndexController.class.php 第 194 行.
SQL: SELECT * FROM `attendance` INNER JOIN student ON attendance.student_id = student.id INNER JOIN classtime ON attendance.classtime_id = classtime.id  WHERE `student_id` = '1'  [ RunTime:0.0010s ]

[ 2019-12-13T11:27:38+08:00 ] 10.20.10.145 /kqxt/index.php/Home/index/update_attendance_grade
INFO: [ app_init ] --START--
INFO: Run Behavior\BuildLiteBehavior [ RunTime:0.000000s ]
INFO: [ app_init ] --END-- [ RunTime:0.001000s ]
INFO: [ app_begin ] --START--
INFO: Run Behavior\ReadHtmlCacheBehavior [ RunTime:0.001000s ]
INFO: [ app_begin ] --END-- [ RunTime:0.001000s ]
SQL: SHOW COLUMNS FROM `attendance` [ RunTime:0.0150s ]
SQL: SHOW COLUMNS FROM `student` [ RunTime:0.0150s ]
SQL: SELECT `id` FROM `student` WHERE `s_name` = '曾同学' LIMIT 1   [ RunTime:0.0010s ]
NOTIC: [8] Use of undefined constant id - assumed 'id' C:\phpStudy\PHPTutorial\WWW\kqxt\Application\Home\Controller\IndexController.class.php 第 194 行.
SQL: SELECT * FROM `attendance` INNER JOIN student ON attendance.student_id = student.id INNER JOIN classtime ON attendance.classtime_id = classtime.id  WHERE `student_id` = '1'  [ RunTime:0.0010s ]

[ 2019-12-13T11:27:40+08:00 ] 10.20.10.145 /kqxt/index.php/Home/index/update_attendance_grade
INFO: [ app_init ] --START--
INFO: Run Behavior\BuildLiteBehavior [ RunTime:0.000000s ]
INFO: [ app_init ] --END-- [ RunTime:0.001000s ]
INFO: [ app_begin ] --START--
INFO: Run Behavior\ReadHtmlCacheBehavior [ RunTime:0.002000s ]
INFO: [ app_begin ] --END-- [ RunTime:0.002000s ]
SQL: SHOW COLUMNS FROM `attendance` [ RunTime:0.0140s ]
SQL: SHOW COLUMNS FROM `student` [ RunTime:0.0110s ]
SQL: SELECT `id` FROM `student` WHERE `s_name` = '曾同学' LIMIT 1   [ RunTime:0.0000s ]
NOTIC: [8] Use of undefined constant id - assumed 'id' C:\phpStudy\PHPTutorial\WWW\kqxt\Application\Home\Controller\IndexController.class.php 第 194 行.
SQL: SELECT * FROM `attendance` INNER JOIN student ON attendance.student_id = student.id INNER JOIN classtime ON attendance.classtime_id = classtime.id  WHERE `student_id` = '1'  [ RunTime:0.0010s ]

[ 2019-12-13T11:27:42+08:00 ] 10.20.10.145 /kqxt/index.php/Home/index/update_attendance_grade
INFO: [ app_init ] --START--
INFO: Run Behavior\BuildLiteBehavior [ RunTime:0.000000s ]
INFO: [ app_init ] --END-- [ RunTime:0.000000s ]
INFO: [ app_begin ] --START--
INFO: Run Behavior\ReadHtmlCacheBehavior [ RunTime:0.001000s ]
INFO: [ app_begin ] --END-- [ RunTime:0.001000s ]
SQL: SHOW COLUMNS FROM `attendance` [ RunTime:0.0150s ]
SQL: SHOW COLUMNS FROM `student` [ RunTime:0.0150s ]
SQL: SELECT `id` FROM `student` WHERE `s_name` = '曾同学' LIMIT 1   [ RunTime:0.0010s ]
NOTIC: [8] Use of undefined constant id - assumed 'id' C:\phpStudy\PHPTutorial\WWW\kqxt\Application\Home\Controller\IndexController.class.php 第 194 行.
SQL: SELECT * FROM `attendance` INNER JOIN student ON attendance.student_id = student.id INNER JOIN classtime ON attendance.classtime_id = classtime.id  WHERE `student_id` = '1'  [ RunTime:0.0020s ]

[ 2019-12-13T11:27:45+08:00 ] 10.20.10.145 /kqxt/index.php/Home/index/update_attendance_grade
INFO: [ app_init ] --START--
INFO: Run Behavior\BuildLiteBehavior [ RunTime:0.000000s ]
INFO: [ app_init ] --END-- [ RunTime:0.001000s ]
INFO: [ app_begin ] --START--
INFO: Run Behavior\ReadHtmlCacheBehavior [ RunTime:0.001000s ]
INFO: [ app_begin ] --END-- [ RunTime:0.001000s ]
SQL: SHOW COLUMNS FROM `attendance` [ RunTime:0.0160s ]
SQL: SHOW COLUMNS FROM `student` [ RunTime:0.0120s ]
SQL: SELECT `id` FROM `student` WHERE `s_name` = '曾同学' LIMIT 1   [ RunTime:0.0010s ]
NOTIC: [8] Use of undefined constant id - assumed 'id' C:\phpStudy\PHPTutorial\WWW\kqxt\Application\Home\Controller\IndexController.class.php 第 194 行.
SQL: SELECT * FROM `attendance` INNER JOIN student ON attendance.student_id = student.id INNER JOIN classtime ON attendance.classtime_id = classtime.id  WHERE `student_id` = '1'  [ RunTime:0.0010s ]

[ 2019-12-13T11:30:05+08:00 ] 10.20.10.145 /kqxt/index.php/Home/index/update_attendance_grade
INFO: [ app_init ] --START--
INFO: Run Behavior\BuildLiteBehavior [ RunTime:0.000000s ]
INFO: [ app_init ] --END-- [ RunTime:0.000000s ]
INFO: [ app_begin ] --START--
INFO: Run Behavior\ReadHtmlCacheBehavior [ RunTime:0.001000s ]
INFO: [ app_begin ] --END-- [ RunTime:0.001000s ]
SQL: SHOW COLUMNS FROM `attendance` [ RunTime:0.0180s ]
SQL: SHOW COLUMNS FROM `student` [ RunTime:0.0170s ]
SQL: SELECT `id` FROM `student` WHERE `s_name` = '曾同学' LIMIT 1   [ RunTime:0.0010s ]
NOTIC: [8] Use of undefined constant id - assumed 'id' C:\phpStudy\PHPTutorial\WWW\kqxt\Application\Home\Controller\IndexController.class.php 第 194 行.
SQL: SELECT * FROM `attendance` INNER JOIN student ON attendance.student_id = student.id INNER JOIN classtime ON attendance.classtime_id = classtime.id  WHERE `student_id` = '1'  [ RunTime:0.0040s ]

[ 2019-12-13T11:30:30+08:00 ] 10.20.10.145 /kqxt/index.php/Home/index/update_attendance_grade
INFO: [ app_init ] --START--
INFO: Run Behavior\BuildLiteBehavior [ RunTime:0.000000s ]
INFO: [ app_init ] --END-- [ RunTime:0.001000s ]
INFO: [ app_begin ] --START--
INFO: Run Behavior\ReadHtmlCacheBehavior [ RunTime:0.002000s ]
INFO: [ app_begin ] --END-- [ RunTime:0.002000s ]
SQL: SHOW COLUMNS FROM `attendance` [ RunTime:0.1060s ]
SQL: SHOW COLUMNS FROM `student` [ RunTime:0.0120s ]
SQL: SELECT `id` FROM `student` WHERE `s_name` = '曾同学' LIMIT 1   [ RunTime:0.0010s ]
NOTIC: [8] Use of undefined constant id - assumed 'id' C:\phpStudy\PHPTutorial\WWW\kqxt\Application\Home\Controller\IndexController.class.php 第 194 行.
SQL: SELECT * FROM `attendance` INNER JOIN student ON attendance.student_id = student.id INNER JOIN classtime ON attendance.classtime_id = classtime.id  WHERE `student_id` = '1'  [ RunTime:0.0010s ]

[ 2019-12-13T11:41:45+08:00 ] 10.20.10.145 /kqxt/index.php/Home/index/lsjm.html
INFO: [ app_init ] --START--
INFO: Run Behavior\BuildLiteBehavior [ RunTime:0.000000s ]
INFO: [ app_init ] --END-- [ RunTime:0.001000s ]
INFO: [ app_begin ] --START--
INFO: Run Behavior\ReadHtmlCacheBehavior [ RunTime:0.001000s ]
INFO: [ app_begin ] --END-- [ RunTime:0.001000s ]
INFO: [ view_parse ] --START--
INFO: [ template_filter ] --START--
INFO: Run Behavior\ContentReplaceBehavior [ RunTime:0.000000s ]
INFO: [ template_filter ] --END-- [ RunTime:0.000000s ]
INFO: Run Behavior\ParseTemplateBehavior [ RunTime:0.009000s ]
INFO: [ view_parse ] --END-- [ RunTime:0.009000s ]
INFO: [ view_filter ] --START--
INFO: Run Behavior\WriteHtmlCacheBehavior [ RunTime:0.000000s ]
INFO: [ view_filter ] --END-- [ RunTime:0.000000s ]
INFO: [ app_end ] --START--
INFO: Run Behavior\ShowPageTraceBehavior [ RunTime:0.001000s ]
INFO: [ app_end ] --END-- [ RunTime:0.001000s ]

[ 2019-12-13T11:41:46+08:00 ] 10.20.10.145 /kqxt/index.php/Home/index/student_list
INFO: [ app_init ] --START--
INFO: Run Behavior\BuildLiteBehavior [ RunTime:0.000000s ]
INFO: [ app_init ] --END-- [ RunTime:0.000000s ]
INFO: [ app_begin ] --START--
INFO: Run Behavior\ReadHtmlCacheBehavior [ RunTime:0.002000s ]
INFO: [ app_begin ] --END-- [ RunTime:0.002000s ]
SQL: SHOW COLUMNS FROM `attendance` [ RunTime:0.0160s ]
SQL: SELECT * FROM `attendance` INNER JOIN student ON attendance.student_id = student.id INNER JOIN classtime ON attendance.classtime_id = classtime.id INNER JOIN ip ON attendance.ip_id = ip.id  WHERE classtime.weeks = 'Fri' AND classtime.weeklyTimes = 16 AND classtime.lesson = 3  [ RunTime:0.0050s ]
SQL: SELECT * FROM `attendance` INNER JOIN student ON attendance.student_id = student.id INNER JOIN classtime ON attendance.classtime_id = classtime.id  WHERE classtime.weeks = 'Fri' AND classtime.weeklyTimes = 16 AND classtime.lesson = 3  [ RunTime:0.0020s ]

[ 2019-12-13T11:41:49+08:00 ] 10.20.10.145 /kqxt/index.php/Home/index/update_attendance_grade
INFO: [ app_init ] --START--
INFO: Run Behavior\BuildLiteBehavior [ RunTime:0.000000s ]
INFO: [ app_init ] --END-- [ RunTime:0.000000s ]
INFO: [ app_begin ] --START--
INFO: Run Behavior\ReadHtmlCacheBehavior [ RunTime:0.001000s ]
INFO: [ app_begin ] --END-- [ RunTime:0.001000s ]
SQL: SHOW COLUMNS FROM `attendance` [ RunTime:0.0150s ]
SQL: SHOW COLUMNS FROM `student` [ RunTime:0.0130s ]
SQL: SELECT `id` FROM `student` WHERE `s_name` = '曾同学' LIMIT 1   [ RunTime:0.0010s ]
NOTIC: [8] Use of undefined constant id - assumed 'id' C:\phpStudy\PHPTutorial\WWW\kqxt\Application\Home\Controller\IndexController.class.php 第 195 行.
SQL: SELECT * FROM `attendance` INNER JOIN student ON attendance.student_id = student.id INNER JOIN classtime ON attendance.classtime_id = classtime.id  WHERE `student_id` = '1' AND `classtime_id` = ''  [ RunTime:0.0000s ]

[ 2019-12-13T11:41:49+08:00 ] 10.20.10.145 /kqxt/index.php/Home/index/__URL__/update_attendance_grade
INFO: [ app_init ] --START--
INFO: Run Behavior\BuildLiteBehavior [ RunTime:0.000000s ]
INFO: [ app_init ] --END-- [ RunTime:0.001000s ]
INFO: [ app_begin ] --START--
INFO: Run Behavior\ReadHtmlCacheBehavior [ RunTime:0.001000s ]
INFO: [ app_begin ] --END-- [ RunTime:0.001000s ]
ERR: 非法操作:__URL__

[ 2019-12-13T11:43:37+08:00 ] 10.20.10.143 /kqxt/
INFO: [ app_init ] --START--
INFO: Run Behavior\BuildLiteBehavior [ RunTime:0.000000s ]
INFO: [ app_init ] --END-- [ RunTime:0.001000s ]
INFO: [ app_begin ] --START--
INFO: Run Behavior\ReadHtmlCacheBehavior [ RunTime:0.002000s ]
INFO: [ app_begin ] --END-- [ RunTime:0.002000s ]
INFO: [ view_parse ] --START--
INFO: [ template_filter ] --START--
INFO: Run Behavior\ContentReplaceBehavior [ RunTime:0.000000s ]
INFO: [ template_filter ] --END-- [ RunTime:0.000000s ]
INFO: Run Behavior\ParseTemplateBehavior [ RunTime:0.011000s ]
INFO: [ view_parse ] --END-- [ RunTime:0.011000s ]
INFO: [ view_filter ] --START--
INFO: Run Behavior\WriteHtmlCacheBehavior [ RunTime:0.001000s ]
INFO: [ view_filter ] --END-- [ RunTime:0.001000s ]
INFO: [ app_end ] --START--
INFO: Run Behavior\ShowPageTraceBehavior [ RunTime:0.002000s ]
INFO: [ app_end ] --END-- [ RunTime:0.002000s ]

[ 2019-12-13T11:43:39+08:00 ] 10.20.10.143 /kqxt/index.php/Home/User/xsland.html
INFO: [ app_init ] --START--
INFO: Run Behavior\BuildLiteBehavior [ RunTime:0.000000s ]
INFO: [ app_init ] --END-- [ RunTime:0.000000s ]
INFO: [ app_begin ] --START--
INFO: Run Behavior\ReadHtmlCacheBehavior [ RunTime:0.002000s ]
INFO: [ app_begin ] --END-- [ RunTime:0.002000s ]
INFO: [ view_parse ] --START--
INFO: [ template_filter ] --START--
INFO: Run Behavior\ContentReplaceBehavior [ RunTime:0.000000s ]
INFO: [ template_filter ] --END-- [ RunTime:0.000000s ]
INFO: Run Behavior\ParseTemplateBehavior [ RunTime:0.009000s ]
INFO: [ view_parse ] --END-- [ RunTime:0.009000s ]
INFO: [ view_filter ] --START--
INFO: Run Behavior\WriteHtmlCacheBehavior [ RunTime:0.001000s ]
INFO: [ view_filter ] --END-- [ RunTime:0.002000s ]
INFO: [ app_end ] --START--
INFO: Run Behavior\ShowPageTraceBehavior [ RunTime:0.001000s ]
INFO: [ app_end ] --END-- [ RunTime:0.001000s ]

[ 2019-12-13T11:43:43+08:00 ] 10.20.10.143 /kqxt/index.php/Home/User/lsland.html
INFO: [ app_init ] --START--
INFO: Run Behavior\BuildLiteBehavior [ RunTime:0.000000s ]
INFO: [ app_init ] --END-- [ RunTime:0.001000s ]
INFO: [ app_begin ] --START--
INFO: Run Behavior\ReadHtmlCacheBehavior [ RunTime:0.002000s ]
INFO: [ app_begin ] --END-- [ RunTime:0.002000s ]
INFO: [ view_parse ] --START--
INFO: [ template_filter ] --START--
INFO: Run Behavior\ContentReplaceBehavior [ RunTime:0.000000s ]
INFO: [ template_filter ] --END-- [ RunTime:0.000000s ]
INFO: Run Behavior\ParseTemplateBehavior [ RunTime:0.009000s ]
INFO: [ view_parse ] --END-- [ RunTime:0.009000s ]
INFO: [ view_filter ] --START--
INFO: Run Behavior\WriteHtmlCacheBehavior [ RunTime:0.002000s ]
INFO: [ view_filter ] --END-- [ RunTime:0.002000s ]
INFO: [ app_end ] --START--
INFO: Run Behavior\ShowPageTraceBehavior [ RunTime:0.002000s ]
INFO: [ app_end ] --END-- [ RunTime:0.002000s ]

[ 2019-12-13T11:43:51+08:00 ] 10.20.10.143 /kqxt/index.php/Home/User/do_login_teacher
INFO: [ app_init ] --START--
INFO: Run Behavior\BuildLiteBehavior [ RunTime:0.000000s ]
INFO: [ app_init ] --END-- [ RunTime:0.001000s ]
INFO: [ app_begin ] --START--
INFO: Run Behavior\ReadHtmlCacheBehavior [ RunTime:0.002000s ]
INFO: [ app_begin ] --END-- [ RunTime:0.002000s ]
SQL: SHOW COLUMNS FROM `teacher` [ RunTime:0.0200s ]
SQL: SELECT * FROM `teacher` WHERE ( t_name='张老师' and t_number='' ) LIMIT 1   [ RunTime:0.0250s ]
INFO: [ view_parse ] --START--
INFO: [ template_filter ] --START--
INFO: Run Behavior\ContentReplaceBehavior [ RunTime:0.000000s ]
INFO: [ template_filter ] --END-- [ RunTime:0.000000s ]
INFO: Run Behavior\ParseTemplateBehavior [ RunTime:0.010000s ]
INFO: [ view_parse ] --END-- [ RunTime:0.010000s ]
INFO: [ view_filter ] --START--
INFO: Run Behavior\WriteHtmlCacheBehavior [ RunTime:0.001000s ]
INFO: [ view_filter ] --END-- [ RunTime:0.001000s ]

[ 2019-12-13T11:43:59+08:00 ] 10.20.10.143 /kqxt/index.php/Home/User/do_login_teacher
INFO: [ app_init ] --START--
INFO: Run Behavior\BuildLiteBehavior [ RunTime:0.000000s ]
INFO: [ app_init ] --END-- [ RunTime:0.001000s ]
INFO: [ app_begin ] --START--
INFO: Run Behavior\ReadHtmlCacheBehavior [ RunTime:0.002000s ]
INFO: [ app_begin ] --END-- [ RunTime:0.002000s ]
SQL: SHOW COLUMNS FROM `teacher` [ RunTime:0.0140s ]
SQL: SELECT * FROM `teacher` WHERE ( t_name='张老师' and t_number='201701' ) LIMIT 1   [ RunTime:0.0000s ]
INFO: [ app_end ] --START--
INFO: Run Behavior\ShowPageTraceBehavior [ RunTime:0.004000s ]
INFO: [ app_end ] --END-- [ RunTime:0.004000s ]

[ 2019-12-13T11:43:59+08:00 ] 10.20.10.143 /kqxt/index.php/Home/index/lsjm.html
INFO: [ app_init ] --START--
INFO: Run Behavior\BuildLiteBehavior [ RunTime:0.000000s ]
INFO: [ app_init ] --END-- [ RunTime:0.000000s ]
INFO: [ app_begin ] --START--
INFO: Run Behavior\ReadHtmlCacheBehavior [ RunTime:0.002000s ]
INFO: [ app_begin ] --END-- [ RunTime:0.002000s ]
INFO: [ view_parse ] --START--
INFO: [ template_filter ] --START--
INFO: Run Behavior\ContentReplaceBehavior [ RunTime:0.000000s ]
INFO: [ template_filter ] --END-- [ RunTime:0.001000s ]
INFO: Run Behavior\ParseTemplateBehavior [ RunTime:0.009000s ]
INFO: [ view_parse ] --END-- [ RunTime:0.009000s ]
INFO: [ view_filter ] --START--
INFO: Run Behavior\WriteHtmlCacheBehavior [ RunTime:0.001000s ]
INFO: [ view_filter ] --END-- [ RunTime:0.001000s ]
INFO: [ app_end ] --START--
INFO: Run Behavior\ShowPageTraceBehavior [ RunTime:0.002000s ]
INFO: [ app_end ] --END-- [ RunTime:0.002000s ]

[ 2019-12-13T11:44:00+08:00 ] 10.20.10.143 /kqxt/index.php/Home/index/student_list
INFO: [ app_init ] --START--
INFO: Run Behavior\BuildLiteBehavior [ RunTime:0.000000s ]
INFO: [ app_init ] --END-- [ RunTime:0.001000s ]
INFO: [ app_begin ] --START--
INFO: Run Behavior\ReadHtmlCacheBehavior [ RunTime:0.001000s ]
INFO: [ app_begin ] --END-- [ RunTime:0.001000s ]
SQL: SHOW COLUMNS FROM `attendance` [ RunTime:0.0030s ]
SQL: SELECT * FROM `attendance` INNER JOIN student ON attendance.student_id = student.id INNER JOIN classtime ON attendance.classtime_id = classtime.id INNER JOIN ip ON attendance.ip_id = ip.id  WHERE classtime.weeks = 'Fri' AND classtime.weeklyTimes = 16 AND classtime.lesson = 3  [ RunTime:0.0000s ]
SQL: SELECT * FROM `attendance` INNER JOIN student ON attendance.student_id = student.id INNER JOIN classtime ON attendance.classtime_id = classtime.id  WHERE classtime.weeks = 'Fri' AND classtime.weeklyTimes = 16 AND classtime.lesson = 3  [ RunTime:0.0010s ]

[ 2019-12-13T11:44:03+08:00 ] 10.20.10.143 /kqxt/index.php/Home/index/update_attendance_grade
INFO: [ app_init ] --START--
INFO: Run Behavior\BuildLiteBehavior [ RunTime:0.000000s ]
INFO: [ app_init ] --END-- [ RunTime:0.001000s ]
INFO: [ app_begin ] --START--
INFO: Run Behavior\ReadHtmlCacheBehavior [ RunTime:0.003000s ]
INFO: [ app_begin ] --END-- [ RunTime:0.003000s ]
SQL: SHOW COLUMNS FROM `attendance` [ RunTime:0.0090s ]
SQL: SHOW COLUMNS FROM `student` [ RunTime:0.0070s ]
SQL: SELECT `id` FROM `student` WHERE `s_name` = '曾同学' LIMIT 1   [ RunTime:0.0000s ]
NOTIC: [8] Use of undefined constant id - assumed 'id' C:\phpStudy\PHPTutorial\WWW\kqxt\Application\Home\Controller\IndexController.class.php 第 195 行.
SQL: SELECT * FROM `attendance` INNER JOIN student ON attendance.student_id = student.id INNER JOIN classtime ON attendance.classtime_id = classtime.id  WHERE `student_id` = '1' AND `classtime_id` = ''  [ RunTime:0.0010s ]

[ 2019-12-13T11:44:03+08:00 ] 10.20.10.143 /kqxt/index.php/Home/index/__URL__/update_attendance_grade
INFO: [ app_init ] --START--
INFO: Run Behavior\BuildLiteBehavior [ RunTime:0.000000s ]
INFO: [ app_init ] --END-- [ RunTime:0.001000s ]
INFO: [ app_begin ] --START--
INFO: Run Behavior\ReadHtmlCacheBehavior [ RunTime:0.002000s ]
INFO: [ app_begin ] --END-- [ RunTime:0.002000s ]
ERR: 非法操作:__URL__

[ 2019-12-13T11:44:06+08:00 ] 10.20.10.143 /kqxt/index.php/Home/index/update_attendance_grade
INFO: [ app_init ] --START--
INFO: Run Behavior\BuildLiteBehavior [ RunTime:0.000000s ]
INFO: [ app_init ] --END-- [ RunTime:0.001000s ]
INFO: [ app_begin ] --START--
INFO: Run Behavior\ReadHtmlCacheBehavior [ RunTime:0.003000s ]
INFO: [ app_begin ] --END-- [ RunTime:0.003000s ]
SQL: SHOW COLUMNS FROM `attendance` [ RunTime:0.0150s ]
SQL: SHOW COLUMNS FROM `student` [ RunTime:0.0140s ]
SQL: SELECT `id` FROM `student` WHERE `s_name` = '&lt;a href=&quot;&quot;&gt;&lt;/a&gt;' LIMIT 1   [ RunTime:0.0010s ]
NOTIC: [8] Use of undefined constant id - assumed 'id' C:\phpStudy\PHPTutorial\WWW\kqxt\Application\Home\Controller\IndexController.class.php 第 195 行.
SQL: SELECT * FROM `attendance` INNER JOIN student ON attendance.student_id = student.id INNER JOIN classtime ON attendance.classtime_id = classtime.id  WHERE `student_id` = null AND `classtime_id` = ''  [ RunTime:0.0010s ]

[ 2019-12-13T11:44:06+08:00 ] 10.20.10.143 /kqxt/index.php/Home/index/__URL__/update_attendance_grade
INFO: [ app_init ] --START--
INFO: Run Behavior\BuildLiteBehavior [ RunTime:0.000000s ]
INFO: [ app_init ] --END-- [ RunTime:0.001000s ]
INFO: [ app_begin ] --START--
INFO: Run Behavior\ReadHtmlCacheBehavior [ RunTime:0.002000s ]
INFO: [ app_begin ] --END-- [ RunTime:0.002000s ]
ERR: 非法操作:__URL__

[ 2019-12-13T11:44:09+08:00 ] 10.20.10.143 /kqxt/index.php/Home/index/update_attendance_grade
INFO: [ app_init ] --START--
INFO: Run Behavior\BuildLiteBehavior [ RunTime:0.000000s ]
INFO: [ app_init ] --END-- [ RunTime:0.001000s ]
INFO: [ app_begin ] --START--
INFO: Run Behavior\ReadHtmlCacheBehavior [ RunTime:0.001000s ]
INFO: [ app_begin ] --END-- [ RunTime:0.001000s ]
SQL: SHOW COLUMNS FROM `attendance` [ RunTime:0.0140s ]
SQL: SHOW COLUMNS FROM `student` [ RunTime:0.0120s ]
SQL: SELECT `id` FROM `student` WHERE `s_name` = '&lt;a href=&quot;&quot;&gt;&lt;/a&gt;' LIMIT 1   [ RunTime:0.0010s ]
NOTIC: [8] Use of undefined constant id - assumed 'id' C:\phpStudy\PHPTutorial\WWW\kqxt\Application\Home\Controller\IndexController.class.php 第 195 行.
SQL: SELECT * FROM `attendance` INNER JOIN student ON attendance.student_id = student.id INNER JOIN classtime ON attendance.classtime_id = classtime.id  WHERE `student_id` = null AND `classtime_id` = ''  [ RunTime:0.0010s ]

[ 2019-12-13T11:44:09+08:00 ] 10.20.10.143 /kqxt/index.php/Home/index/__URL__/update_attendance_grade
INFO: [ app_init ] --START--
INFO: Run Behavior\BuildLiteBehavior [ RunTime:0.000000s ]
INFO: [ app_init ] --END-- [ RunTime:0.000000s ]
INFO: [ app_begin ] --START--
INFO: Run Behavior\ReadHtmlCacheBehavior [ RunTime:0.001000s ]
INFO: [ app_begin ] --END-- [ RunTime:0.001000s ]
ERR: 非法操作:__URL__

