[ 2019-12-12T01:07:41+08:00 ] 127.0.0.1 /kqxt/
INFO: [ app_init ] --START--
INFO: Run Behavior\BuildLiteBehavior [ RunTime:0.000022s ]
INFO: [ app_init ] --END-- [ RunTime:0.002758s ]
INFO: [ app_begin ] --START--
INFO: Run Behavior\ReadHtmlCacheBehavior [ RunTime:0.014966s ]
INFO: [ app_begin ] --END-- [ RunTime:0.015076s ]

[ 2019-12-12T01:08:09+08:00 ] 127.0.0.1 /kqxt/
INFO: [ app_init ] --START--
INFO: Run Behavior\BuildLiteBehavior [ RunTime:0.000011s ]
INFO: [ app_init ] --END-- [ RunTime:0.001497s ]
INFO: [ app_begin ] --START--
INFO: Run Behavior\ReadHtmlCacheBehavior [ RunTime:0.011125s ]
INFO: [ app_begin ] --END-- [ RunTime:0.011234s ]
INFO: [ view_parse ] --START--
INFO: [ template_filter ] --START--
INFO: Run Behavior\ContentReplaceBehavior [ RunTime:0.000058s ]
INFO: [ template_filter ] --END-- [ RunTime:0.000155s ]
INFO: Run Behavior\ParseTemplateBehavior [ RunTime:0.075030s ]
INFO: [ view_parse ] --END-- [ RunTime:0.075086s ]
INFO: [ view_filter ] --START--
INFO: Run Behavior\WriteHtmlCacheBehavior [ RunTime:0.015787s ]
INFO: [ view_filter ] --END-- [ RunTime:0.015832s ]
INFO: [ app_end ] --START--
INFO: Run Behavior\ShowPageTraceBehavior [ RunTime:0.013879s ]
INFO: [ app_end ] --END-- [ RunTime:0.013925s ]

[ 2019-12-12T11:20:41+08:00 ] 127.0.0.1 /kqxt/
INFO: [ app_init ] --START--
INFO: Run Behavior\BuildLiteBehavior [ RunTime:0.000019s ]
INFO: [ app_init ] --END-- [ RunTime:0.056938s ]
INFO: [ app_begin ] --START--
INFO: Run Behavior\ReadHtmlCacheBehavior [ RunTime:0.022380s ]
INFO: [ app_begin ] --END-- [ RunTime:0.022507s ]
INFO: [ view_parse ] --START--
INFO: [ template_filter ] --START--
INFO: Run Behavior\ContentReplaceBehavior [ RunTime:0.000423s ]
INFO: [ template_filter ] --END-- [ RunTime:0.000494s ]
INFO: Run Behavior\ParseTemplateBehavior [ RunTime:0.093881s ]
INFO: [ view_parse ] --END-- [ RunTime:0.093960s ]
INFO: [ view_filter ] --START--
INFO: Run Behavior\WriteHtmlCacheBehavior [ RunTime:0.030569s ]
INFO: [ view_filter ] --END-- [ RunTime:0.030645s ]
INFO: [ app_end ] --START--
INFO: Run Behavior\ShowPageTraceBehavior [ RunTime:0.046162s ]
INFO: [ app_end ] --END-- [ RunTime:0.046250s ]

[ 2019-12-12T11:20:53+08:00 ] 127.0.0.1 /kqxt/
INFO: [ app_init ] --START--
INFO: Run Behavior\BuildLiteBehavior [ RunTime:0.000021s ]
INFO: [ app_init ] --END-- [ RunTime:0.002199s ]
INFO: [ app_begin ] --START--
INFO: Run Behavior\ReadHtmlCacheBehavior [ RunTime:0.011955s ]
INFO: [ app_begin ] --END-- [ RunTime:0.012033s ]
INFO: [ view_parse ] --START--
INFO: [ template_filter ] --START--
INFO: Run Behavior\ContentReplaceBehavior [ RunTime:0.000067s ]
INFO: [ template_filter ] --END-- [ RunTime:0.000137s ]
INFO: Run Behavior\ParseTemplateBehavior [ RunTime:0.125567s ]
INFO: [ view_parse ] --END-- [ RunTime:0.125644s ]
INFO: [ view_filter ] --START--
INFO: Run Behavior\WriteHtmlCacheBehavior [ RunTime:0.018245s ]
INFO: [ view_filter ] --END-- [ RunTime:0.018305s ]
INFO: [ app_end ] --START--
INFO: Run Behavior\ShowPageTraceBehavior [ RunTime:0.018929s ]
INFO: [ app_end ] --END-- [ RunTime:0.019006s ]

[ 2019-12-12T11:21:56+08:00 ] 127.0.0.1 /kqxt/index.php/Home/User/xsland.html
INFO: [ app_init ] --START--
INFO: Run Behavior\BuildLiteBehavior [ RunTime:0.000018s ]
INFO: [ app_init ] --END-- [ RunTime:0.001982s ]
INFO: [ app_begin ] --START--
INFO: Run Behavior\ReadHtmlCacheBehavior [ RunTime:0.012886s ]
INFO: [ app_begin ] --END-- [ RunTime:0.012974s ]
INFO: [ view_parse ] --START--
INFO: [ template_filter ] --START--
INFO: Run Behavior\ContentReplaceBehavior [ RunTime:0.000046s ]
INFO: [ template_filter ] --END-- [ RunTime:0.000116s ]
INFO: Run Behavior\ParseTemplateBehavior [ RunTime:0.075996s ]
INFO: [ view_parse ] --END-- [ RunTime:0.076072s ]
INFO: [ view_filter ] --START--
INFO: Run Behavior\WriteHtmlCacheBehavior [ RunTime:0.015377s ]
INFO: [ view_filter ] --END-- [ RunTime:0.015441s ]
INFO: [ app_end ] --START--
INFO: Run Behavior\ShowPageTraceBehavior [ RunTime:0.014926s ]
INFO: [ app_end ] --END-- [ RunTime:0.014988s ]

[ 2019-12-12T11:22:07+08:00 ] 127.0.0.1 /kqxt/index.php/Home/User/do_login_student
INFO: [ app_init ] --START--
INFO: Run Behavior\BuildLiteBehavior [ RunTime:0.000018s ]
INFO: [ app_init ] --END-- [ RunTime:0.002018s ]
INFO: [ app_begin ] --START--
INFO: Run Behavior\ReadHtmlCacheBehavior [ RunTime:0.010575s ]
INFO: [ app_begin ] --END-- [ RunTime:0.010653s ]
SQL: SHOW COLUMNS FROM `student` [ RunTime:0.0279s ]
SQL: SELECT * FROM `student` WHERE ( s_name='曾同学' and s_number='2017001' ) LIMIT 1   [ RunTime:0.0004s ]
INFO: [ app_end ] --START--
INFO: Run Behavior\ShowPageTraceBehavior [ RunTime:0.011651s ]
INFO: [ app_end ] --END-- [ RunTime:0.011706s ]

[ 2019-12-12T11:22:07+08:00 ] 127.0.0.1 /kqxt/index.php/Home/index/xsqd.html
INFO: [ app_init ] --START--
INFO: Run Behavior\BuildLiteBehavior [ RunTime:0.000019s ]
INFO: [ app_init ] --END-- [ RunTime:0.001801s ]
INFO: [ app_begin ] --START--
INFO: Run Behavior\ReadHtmlCacheBehavior [ RunTime:0.012114s ]
INFO: [ app_begin ] --END-- [ RunTime:0.012195s ]
INFO: [ view_parse ] --START--
INFO: [ template_filter ] --START--
INFO: Run Behavior\ContentReplaceBehavior [ RunTime:0.000056s ]
INFO: [ template_filter ] --END-- [ RunTime:0.000102s ]
INFO: Run Behavior\ParseTemplateBehavior [ RunTime:0.495217s ]
INFO: [ view_parse ] --END-- [ RunTime:0.495285s ]
INFO: [ view_filter ] --START--
INFO: Run Behavior\WriteHtmlCacheBehavior [ RunTime:0.011211s ]
INFO: [ view_filter ] --END-- [ RunTime:0.011261s ]
INFO: [ app_end ] --START--
INFO: Run Behavior\ShowPageTraceBehavior [ RunTime:0.014387s ]
INFO: [ app_end ] --END-- [ RunTime:0.014459s ]

[ 2019-12-12T11:22:18+08:00 ] 127.0.0.1 /kqxt/index.php/Home/index/Judge
INFO: [ app_init ] --START--
INFO: Run Behavior\BuildLiteBehavior [ RunTime:0.000013s ]
INFO: [ app_init ] --END-- [ RunTime:0.001529s ]
INFO: [ app_begin ] --START--
INFO: Run Behavior\ReadHtmlCacheBehavior [ RunTime:0.008703s ]
INFO: [ app_begin ] --END-- [ RunTime:0.008759s ]
SQL: SHOW COLUMNS FROM `attendance` [ RunTime:0.0127s ]
NOTIC: [8] Use of undefined constant ture - assumed 'ture' D:\UPUPW_AP5.5-1510\UPUPW_AP5.5\htdocs\kqxt\Application\Home\Controller\IndexController.class.php 第 24 行.
SQL: SELECT * FROM `attendance` INNER JOIN student ON attendance.student_id = student.id INNER JOIN class ON student.class_id = class.id INNER JOIN classtime ON attendance.classtime_id = classtime.id INNER JOIN course_jihua ON classtime.course_jihua_id = course_jihua.id INNER JOIN course ON course_jihua.course_id = course.id INNER JOIN major_jihua ON course_jihua.major_jihua_id = major_jihua.id  WHERE student.s_name = '&lt;font style=&quot;vertical-align: inherit;&quot;&gt;&lt;font style=&quot;vertical-align: inherit;&quot;&gt;曾同学&lt;/font&gt;&lt;/font&gt;' AND classtime.weeks = 'Thu' AND classtime.weeklyTimes = 16 AND classtime.lesson = 3  [ RunTime:0.0017s ]

[ 2019-12-12T11:22:52+08:00 ] 127.0.0.1 /kqxt/index.php/Home/index/xsqd.html
INFO: [ app_init ] --START--
INFO: Run Behavior\BuildLiteBehavior [ RunTime:0.000014s ]
INFO: [ app_init ] --END-- [ RunTime:0.003297s ]
INFO: [ app_begin ] --START--
INFO: Run Behavior\ReadHtmlCacheBehavior [ RunTime:0.013517s ]
INFO: [ app_begin ] --END-- [ RunTime:0.013598s ]
INFO: [ view_parse ] --START--
INFO: [ template_filter ] --START--
INFO: Run Behavior\ContentReplaceBehavior [ RunTime:0.000074s ]
INFO: [ template_filter ] --END-- [ RunTime:0.000128s ]
INFO: Run Behavior\ParseTemplateBehavior [ RunTime:0.458846s ]
INFO: [ view_parse ] --END-- [ RunTime:0.458920s ]
INFO: [ view_filter ] --START--
INFO: Run Behavior\WriteHtmlCacheBehavior [ RunTime:0.012519s ]
INFO: [ view_filter ] --END-- [ RunTime:0.012583s ]
INFO: [ app_end ] --START--
INFO: Run Behavior\ShowPageTraceBehavior [ RunTime:0.012513s ]
INFO: [ app_end ] --END-- [ RunTime:0.012566s ]

[ 2019-12-12T11:22:58+08:00 ] 127.0.0.1 /kqxt/index.php/Home/index/Judge
INFO: [ app_init ] --START--
INFO: Run Behavior\BuildLiteBehavior [ RunTime:0.000010s ]
INFO: [ app_init ] --END-- [ RunTime:0.001296s ]
INFO: [ app_begin ] --START--
INFO: Run Behavior\ReadHtmlCacheBehavior [ RunTime:0.007637s ]
INFO: [ app_begin ] --END-- [ RunTime:0.007687s ]
SQL: SHOW COLUMNS FROM `attendance` [ RunTime:0.0189s ]
NOTIC: [8] Use of undefined constant ture - assumed 'ture' D:\UPUPW_AP5.5-1510\UPUPW_AP5.5\htdocs\kqxt\Application\Home\Controller\IndexController.class.php 第 24 行.
SQL: SELECT * FROM `attendance` INNER JOIN student ON attendance.student_id = student.id INNER JOIN class ON student.class_id = class.id INNER JOIN classtime ON attendance.classtime_id = classtime.id INNER JOIN course_jihua ON classtime.course_jihua_id = course_jihua.id INNER JOIN course ON course_jihua.course_id = course.id INNER JOIN major_jihua ON course_jihua.major_jihua_id = major_jihua.id  WHERE student.s_name = '&lt;font style=&quot;vertical-align: inherit;&quot;&gt;&lt;font style=&quot;vertical-align: inherit;&quot;&gt;曾同学&lt;/font&gt;&lt;/font&gt;' AND classtime.weeks = 'Thu' AND classtime.weeklyTimes = 16 AND classtime.lesson = 3  [ RunTime:0.0012s ]

[ 2019-12-12T11:23:26+08:00 ] 127.0.0.1 /kqxt/index.php/Home/index/xsqd.html
INFO: [ app_init ] --START--
INFO: Run Behavior\BuildLiteBehavior [ RunTime:0.000011s ]
INFO: [ app_init ] --END-- [ RunTime:0.001511s ]
INFO: [ app_begin ] --START--
INFO: Run Behavior\ReadHtmlCacheBehavior [ RunTime:0.010302s ]
INFO: [ app_begin ] --END-- [ RunTime:0.010361s ]
INFO: [ view_parse ] --START--
INFO: [ template_filter ] --START--
INFO: Run Behavior\ContentReplaceBehavior [ RunTime:0.000055s ]
INFO: [ template_filter ] --END-- [ RunTime:0.000099s ]
INFO: Run Behavior\ParseTemplateBehavior [ RunTime:0.479689s ]
INFO: [ view_parse ] --END-- [ RunTime:0.479771s ]
INFO: [ view_filter ] --START--
INFO: Run Behavior\WriteHtmlCacheBehavior [ RunTime:0.013998s ]
INFO: [ view_filter ] --END-- [ RunTime:0.014048s ]
INFO: [ app_end ] --START--
INFO: Run Behavior\ShowPageTraceBehavior [ RunTime:0.008846s ]
INFO: [ app_end ] --END-- [ RunTime:0.008890s ]

[ 2019-12-12T11:23:31+08:00 ] 127.0.0.1 /kqxt/index.php/Home/index/Judge
INFO: [ app_init ] --START--
INFO: Run Behavior\BuildLiteBehavior [ RunTime:0.000011s ]
INFO: [ app_init ] --END-- [ RunTime:0.001304s ]
INFO: [ app_begin ] --START--
INFO: Run Behavior\ReadHtmlCacheBehavior [ RunTime:0.007297s ]
INFO: [ app_begin ] --END-- [ RunTime:0.007348s ]
SQL: SHOW COLUMNS FROM `attendance` [ RunTime:0.0204s ]
NOTIC: [8] Use of undefined constant ture - assumed 'ture' D:\UPUPW_AP5.5-1510\UPUPW_AP5.5\htdocs\kqxt\Application\Home\Controller\IndexController.class.php 第 24 行.
SQL: SELECT * FROM `attendance` INNER JOIN student ON attendance.student_id = student.id INNER JOIN class ON student.class_id = class.id INNER JOIN classtime ON attendance.classtime_id = classtime.id INNER JOIN course_jihua ON classtime.course_jihua_id = course_jihua.id INNER JOIN course ON course_jihua.course_id = course.id INNER JOIN major_jihua ON course_jihua.major_jihua_id = major_jihua.id  WHERE student.s_name = '曾同学' AND classtime.weeks = 'Thu' AND classtime.weeklyTimes = 16 AND classtime.lesson = 3  [ RunTime:0.0017s ]

[ 2019-12-12T12:04:11+08:00 ] 127.0.0.1 /kqxt/
INFO: [ app_init ] --START--
INFO: Run Behavior\BuildLiteBehavior [ RunTime:0.000012s ]
INFO: [ app_init ] --END-- [ RunTime:0.001437s ]
INFO: [ app_begin ] --START--
INFO: Run Behavior\ReadHtmlCacheBehavior [ RunTime:0.007527s ]
INFO: [ app_begin ] --END-- [ RunTime:0.007628s ]
INFO: [ view_parse ] --START--
INFO: [ template_filter ] --START--
INFO: Run Behavior\ContentReplaceBehavior [ RunTime:0.000032s ]
INFO: [ template_filter ] --END-- [ RunTime:0.000096s ]
INFO: Run Behavior\ParseTemplateBehavior [ RunTime:0.037568s ]
INFO: [ view_parse ] --END-- [ RunTime:0.037618s ]
INFO: [ view_filter ] --START--
INFO: Run Behavior\WriteHtmlCacheBehavior [ RunTime:0.008689s ]
INFO: [ view_filter ] --END-- [ RunTime:0.008731s ]
INFO: [ app_end ] --START--
INFO: Run Behavior\ShowPageTraceBehavior [ RunTime:0.009951s ]
INFO: [ app_end ] --END-- [ RunTime:0.009996s ]

