[ 2019-11-29T10:47:39+08:00 ] 127.0.0.1 /kqxt/
INFO: [ app_init ] --START--
INFO: Run Behavior\BuildLiteBehavior [ RunTime:0.000000s ]
INFO: [ app_init ] --END-- [ RunTime:0.017000s ]
INFO: [ app_begin ] --START--
INFO: Run Behavior\ReadHtmlCacheBehavior [ RunTime:0.016000s ]
INFO: [ app_begin ] --END-- [ RunTime:0.016000s ]

[ 2019-11-29T10:49:48+08:00 ] 127.0.0.1 /kqxt/
INFO: [ app_init ] --START--
INFO: Run Behavior\BuildLiteBehavior [ RunTime:0.000000s ]
INFO: [ app_init ] --END-- [ RunTime:0.001000s ]
INFO: [ app_begin ] --START--
INFO: Run Behavior\ReadHtmlCacheBehavior [ RunTime:0.002000s ]
INFO: [ app_begin ] --END-- [ RunTime:0.002000s ]

[ 2019-11-29T10:49:48+08:00 ] 127.0.0.1 /kqxt/
INFO: [ app_init ] --START--
INFO: Run Behavior\BuildLiteBehavior [ RunTime:0.000000s ]
INFO: [ app_init ] --END-- [ RunTime:0.001000s ]
INFO: [ app_begin ] --START--
INFO: Run Behavior\ReadHtmlCacheBehavior [ RunTime:0.001000s ]
INFO: [ app_begin ] --END-- [ RunTime:0.002000s ]

[ 2019-11-29T10:49:48+08:00 ] 127.0.0.1 /kqxt/
INFO: [ app_init ] --START--
INFO: Run Behavior\BuildLiteBehavior [ RunTime:0.000000s ]
INFO: [ app_init ] --END-- [ RunTime:0.001000s ]
INFO: [ app_begin ] --START--
INFO: Run Behavior\ReadHtmlCacheBehavior [ RunTime:0.001000s ]
INFO: [ app_begin ] --END-- [ RunTime:0.001000s ]

[ 2019-11-29T10:49:48+08:00 ] 127.0.0.1 /kqxt/
INFO: [ app_init ] --START--
INFO: Run Behavior\BuildLiteBehavior [ RunTime:0.000000s ]
INFO: [ app_init ] --END-- [ RunTime:0.001000s ]
INFO: [ app_begin ] --START--
INFO: Run Behavior\ReadHtmlCacheBehavior [ RunTime:0.002000s ]
INFO: [ app_begin ] --END-- [ RunTime:0.002000s ]

[ 2019-11-29T10:49:49+08:00 ] 127.0.0.1 /kqxt/
INFO: [ app_init ] --START--
INFO: Run Behavior\BuildLiteBehavior [ RunTime:0.000000s ]
INFO: [ app_init ] --END-- [ RunTime:0.001000s ]
INFO: [ app_begin ] --START--
INFO: Run Behavior\ReadHtmlCacheBehavior [ RunTime:0.001000s ]
INFO: [ app_begin ] --END-- [ RunTime:0.002000s ]

[ 2019-11-29T10:49:49+08:00 ] 127.0.0.1 /kqxt/
INFO: [ app_init ] --START--
INFO: Run Behavior\BuildLiteBehavior [ RunTime:0.000000s ]
INFO: [ app_init ] --END-- [ RunTime:0.001000s ]
INFO: [ app_begin ] --START--
INFO: Run Behavior\ReadHtmlCacheBehavior [ RunTime:0.001000s ]
INFO: [ app_begin ] --END-- [ RunTime:0.001000s ]

[ 2019-11-29T10:49:49+08:00 ] 127.0.0.1 /kqxt/
INFO: [ app_init ] --START--
INFO: Run Behavior\BuildLiteBehavior [ RunTime:0.000000s ]
INFO: [ app_init ] --END-- [ RunTime:0.001000s ]
INFO: [ app_begin ] --START--
INFO: Run Behavior\ReadHtmlCacheBehavior [ RunTime:0.002000s ]
INFO: [ app_begin ] --END-- [ RunTime:0.002000s ]

[ 2019-11-29T10:49:49+08:00 ] 127.0.0.1 /kqxt/
INFO: [ app_init ] --START--
INFO: Run Behavior\BuildLiteBehavior [ RunTime:0.000000s ]
INFO: [ app_init ] --END-- [ RunTime:0.001000s ]
INFO: [ app_begin ] --START--
INFO: Run Behavior\ReadHtmlCacheBehavior [ RunTime:0.001000s ]
INFO: [ app_begin ] --END-- [ RunTime:0.002000s ]

[ 2019-11-29T10:49:49+08:00 ] 127.0.0.1 /kqxt/
INFO: [ app_init ] --START--
INFO: Run Behavior\BuildLiteBehavior [ RunTime:0.001000s ]
INFO: [ app_init ] --END-- [ RunTime:0.001000s ]
INFO: [ app_begin ] --START--
INFO: Run Behavior\ReadHtmlCacheBehavior [ RunTime:0.001000s ]
INFO: [ app_begin ] --END-- [ RunTime:0.001000s ]

[ 2019-11-29T10:49:49+08:00 ] 127.0.0.1 /kqxt/
INFO: [ app_init ] --START--
INFO: Run Behavior\BuildLiteBehavior [ RunTime:0.000000s ]
INFO: [ app_init ] --END-- [ RunTime:0.000000s ]
INFO: [ app_begin ] --START--
INFO: Run Behavior\ReadHtmlCacheBehavior [ RunTime:0.001000s ]
INFO: [ app_begin ] --END-- [ RunTime:0.002000s ]

[ 2019-11-29T10:49:49+08:00 ] 127.0.0.1 /kqxt/
INFO: [ app_init ] --START--
INFO: Run Behavior\BuildLiteBehavior [ RunTime:0.000000s ]
INFO: [ app_init ] --END-- [ RunTime:0.001000s ]
INFO: [ app_begin ] --START--
INFO: Run Behavior\ReadHtmlCacheBehavior [ RunTime:0.001000s ]
INFO: [ app_begin ] --END-- [ RunTime:0.001000s ]

[ 2019-11-29T10:49:50+08:00 ] 127.0.0.1 /kqxt/
INFO: [ app_init ] --START--
INFO: Run Behavior\BuildLiteBehavior [ RunTime:0.000000s ]
INFO: [ app_init ] --END-- [ RunTime:0.001000s ]
INFO: [ app_begin ] --START--
INFO: Run Behavior\ReadHtmlCacheBehavior [ RunTime:0.001000s ]
INFO: [ app_begin ] --END-- [ RunTime:0.002000s ]

[ 2019-11-29T10:49:50+08:00 ] 127.0.0.1 /kqxt/
INFO: [ app_init ] --START--
INFO: Run Behavior\BuildLiteBehavior [ RunTime:0.001000s ]
INFO: [ app_init ] --END-- [ RunTime:0.001000s ]
INFO: [ app_begin ] --START--
INFO: Run Behavior\ReadHtmlCacheBehavior [ RunTime:0.001000s ]
INFO: [ app_begin ] --END-- [ RunTime:0.001000s ]

[ 2019-11-29T10:50:07+08:00 ] 127.0.0.1 /kqxt/
INFO: [ app_init ] --START--
INFO: Run Behavior\BuildLiteBehavior [ RunTime:0.000000s ]
INFO: [ app_init ] --END-- [ RunTime:0.001000s ]
INFO: [ app_begin ] --START--
INFO: Run Behavior\ReadHtmlCacheBehavior [ RunTime:0.003000s ]
INFO: [ app_begin ] --END-- [ RunTime:0.003000s ]

[ 2019-11-29T10:50:07+08:00 ] 127.0.0.1 /kqxt/
INFO: [ app_init ] --START--
INFO: Run Behavior\BuildLiteBehavior [ RunTime:0.000000s ]
INFO: [ app_init ] --END-- [ RunTime:0.001000s ]
INFO: [ app_begin ] --START--
INFO: Run Behavior\ReadHtmlCacheBehavior [ RunTime:0.002000s ]
INFO: [ app_begin ] --END-- [ RunTime:0.002000s ]

[ 2019-11-29T10:50:07+08:00 ] 127.0.0.1 /kqxt/
INFO: [ app_init ] --START--
INFO: Run Behavior\BuildLiteBehavior [ RunTime:0.000000s ]
INFO: [ app_init ] --END-- [ RunTime:0.001000s ]
INFO: [ app_begin ] --START--
INFO: Run Behavior\ReadHtmlCacheBehavior [ RunTime:0.001000s ]
INFO: [ app_begin ] --END-- [ RunTime:0.001000s ]

[ 2019-11-29T10:50:08+08:00 ] 127.0.0.1 /kqxt/
INFO: [ app_init ] --START--
INFO: Run Behavior\BuildLiteBehavior [ RunTime:0.000000s ]
INFO: [ app_init ] --END-- [ RunTime:0.002000s ]
INFO: [ app_begin ] --START--
INFO: Run Behavior\ReadHtmlCacheBehavior [ RunTime:0.001000s ]
INFO: [ app_begin ] --END-- [ RunTime:0.001000s ]

[ 2019-11-29T10:50:08+08:00 ] 127.0.0.1 /kqxt/
INFO: [ app_init ] --START--
INFO: Run Behavior\BuildLiteBehavior [ RunTime:0.000000s ]
INFO: [ app_init ] --END-- [ RunTime:0.001000s ]
INFO: [ app_begin ] --START--
INFO: Run Behavior\ReadHtmlCacheBehavior [ RunTime:0.002000s ]
INFO: [ app_begin ] --END-- [ RunTime:0.002000s ]

[ 2019-11-29T10:50:08+08:00 ] 127.0.0.1 /kqxt/
INFO: [ app_init ] --START--
INFO: Run Behavior\BuildLiteBehavior [ RunTime:0.000000s ]
INFO: [ app_init ] --END-- [ RunTime:0.001000s ]
INFO: [ app_begin ] --START--
INFO: Run Behavior\ReadHtmlCacheBehavior [ RunTime:0.001000s ]
INFO: [ app_begin ] --END-- [ RunTime:0.001000s ]

[ 2019-11-29T10:50:08+08:00 ] 127.0.0.1 /kqxt/
INFO: [ app_init ] --START--
INFO: Run Behavior\BuildLiteBehavior [ RunTime:0.000000s ]
INFO: [ app_init ] --END-- [ RunTime:0.000000s ]
INFO: [ app_begin ] --START--
INFO: Run Behavior\ReadHtmlCacheBehavior [ RunTime:0.001000s ]
INFO: [ app_begin ] --END-- [ RunTime:0.003000s ]

[ 2019-11-29T10:50:08+08:00 ] 127.0.0.1 /kqxt/
INFO: [ app_init ] --START--
INFO: Run Behavior\BuildLiteBehavior [ RunTime:0.000000s ]
INFO: [ app_init ] --END-- [ RunTime:0.001000s ]
INFO: [ app_begin ] --START--
INFO: Run Behavior\ReadHtmlCacheBehavior [ RunTime:0.002000s ]
INFO: [ app_begin ] --END-- [ RunTime:0.002000s ]

[ 2019-11-29T10:50:08+08:00 ] 127.0.0.1 /kqxt/
INFO: [ app_init ] --START--
INFO: Run Behavior\BuildLiteBehavior [ RunTime:0.000000s ]
INFO: [ app_init ] --END-- [ RunTime:0.001000s ]
INFO: [ app_begin ] --START--
INFO: Run Behavior\ReadHtmlCacheBehavior [ RunTime:0.002000s ]
INFO: [ app_begin ] --END-- [ RunTime:0.002000s ]

[ 2019-11-29T10:50:15+08:00 ] 127.0.0.1 /kqxt/
INFO: [ app_init ] --START--
INFO: Run Behavior\BuildLiteBehavior [ RunTime:0.000000s ]
INFO: [ app_init ] --END-- [ RunTime:0.001000s ]
INFO: [ app_begin ] --START--
INFO: Run Behavior\ReadHtmlCacheBehavior [ RunTime:0.001000s ]
INFO: [ app_begin ] --END-- [ RunTime:0.002000s ]
INFO: [ view_parse ] --START--
INFO: [ template_filter ] --START--
INFO: Run Behavior\ContentReplaceBehavior [ RunTime:0.000000s ]
INFO: [ template_filter ] --END-- [ RunTime:0.000000s ]
INFO: Run Behavior\ParseTemplateBehavior [ RunTime:0.010000s ]
INFO: [ view_parse ] --END-- [ RunTime:0.010000s ]
INFO: [ view_filter ] --START--
INFO: Run Behavior\WriteHtmlCacheBehavior [ RunTime:0.017000s ]
INFO: [ view_filter ] --END-- [ RunTime:0.017000s ]
INFO: [ app_end ] --START--
INFO: Run Behavior\ShowPageTraceBehavior [ RunTime:0.008000s ]
INFO: [ app_end ] --END-- [ RunTime:0.009000s ]

[ 2019-11-29T10:50:16+08:00 ] 127.0.0.1 /kqxt/index.php/Home/User/xsland.html
INFO: [ app_init ] --START--
INFO: Run Behavior\BuildLiteBehavior [ RunTime:0.000000s ]
INFO: [ app_init ] --END-- [ RunTime:0.000000s ]
INFO: [ app_begin ] --START--
INFO: Run Behavior\ReadHtmlCacheBehavior [ RunTime:0.001000s ]
INFO: [ app_begin ] --END-- [ RunTime:0.001000s ]
INFO: [ view_parse ] --START--
INFO: [ template_filter ] --START--
INFO: Run Behavior\ContentReplaceBehavior [ RunTime:0.000000s ]
INFO: [ template_filter ] --END-- [ RunTime:0.000000s ]
INFO: Run Behavior\ParseTemplateBehavior [ RunTime:0.027000s ]
INFO: [ view_parse ] --END-- [ RunTime:0.027000s ]
INFO: [ view_filter ] --START--
INFO: Run Behavior\WriteHtmlCacheBehavior [ RunTime:0.001000s ]
INFO: [ view_filter ] --END-- [ RunTime:0.001000s ]
INFO: [ app_end ] --START--
INFO: Run Behavior\ShowPageTraceBehavior [ RunTime:0.001000s ]
INFO: [ app_end ] --END-- [ RunTime:0.001000s ]

[ 2019-11-29T10:51:07+08:00 ] 127.0.0.1 /kqxt/index.php/Home/User/do_login_student
INFO: [ app_init ] --START--
INFO: Run Behavior\BuildLiteBehavior [ RunTime:0.000000s ]
INFO: [ app_init ] --END-- [ RunTime:0.001000s ]
INFO: [ app_begin ] --START--
INFO: Run Behavior\ReadHtmlCacheBehavior [ RunTime:0.001000s ]
INFO: [ app_begin ] --END-- [ RunTime:0.001000s ]
SQL: SHOW COLUMNS FROM `student` [ RunTime:0.0050s ]
SQL: SELECT * FROM `student` WHERE ( name='曾同学' and number='2017001' ) LIMIT 1   [ RunTime:0.0010s ]
INFO: [ app_end ] --START--
INFO: Run Behavior\ShowPageTraceBehavior [ RunTime:0.002000s ]
INFO: [ app_end ] --END-- [ RunTime:0.002000s ]

[ 2019-11-29T10:51:07+08:00 ] 127.0.0.1 /kqxt/index.php/Home/index/xsqd.html
INFO: [ app_init ] --START--
INFO: Run Behavior\BuildLiteBehavior [ RunTime:0.000000s ]
INFO: [ app_init ] --END-- [ RunTime:0.001000s ]
INFO: [ app_begin ] --START--
INFO: Run Behavior\ReadHtmlCacheBehavior [ RunTime:0.001000s ]
INFO: [ app_begin ] --END-- [ RunTime:0.002000s ]
INFO: [ view_parse ] --START--
INFO: [ template_filter ] --START--
INFO: Run Behavior\ContentReplaceBehavior [ RunTime:0.000000s ]
INFO: [ template_filter ] --END-- [ RunTime:0.000000s ]
INFO: Run Behavior\ParseTemplateBehavior [ RunTime:0.012000s ]
INFO: [ view_parse ] --END-- [ RunTime:0.012000s ]
INFO: [ view_filter ] --START--
INFO: Run Behavior\WriteHtmlCacheBehavior [ RunTime:0.001000s ]
INFO: [ view_filter ] --END-- [ RunTime:0.001000s ]
INFO: [ app_end ] --START--
INFO: Run Behavior\ShowPageTraceBehavior [ RunTime:0.002000s ]
INFO: [ app_end ] --END-- [ RunTime:0.002000s ]

[ 2019-11-29T10:51:14+08:00 ] 127.0.0.1 /kqxt/index.php/Home/Index/Judge.html
INFO: [ app_init ] --START--
INFO: Run Behavior\BuildLiteBehavior [ RunTime:0.001000s ]
INFO: [ app_init ] --END-- [ RunTime:0.002000s ]
INFO: [ app_begin ] --START--
INFO: Run Behavior\ReadHtmlCacheBehavior [ RunTime:0.010000s ]
INFO: [ app_begin ] --END-- [ RunTime:0.012000s ]
SQL: SHOW COLUMNS FROM `attendance` [ RunTime:0.0060s ]
SQL: SELECT * FROM `attendance` INNER JOIN student ON attendance.student_id = student.id INNER JOIN classtime ON attendance.classtime_id = classtime.id INNER JOIN course_jihua ON classtime.course_jihua_id = course_jihua.id INNER JOIN course ON course_jihua.course_id = course.id  WHERE attendance.student_id = '1' AND attendance.classtime_id = '1' AND classtime.course_jihua_id = '1' AND course_jihua.course_id = '1'  [ RunTime:0.0280s ]

[ 2019-11-29T10:51:32+08:00 ] 127.0.0.1 /kqxt/index.php/Home/Index/Judge.html
INFO: [ app_init ] --START--
INFO: Run Behavior\BuildLiteBehavior [ RunTime:0.000000s ]
INFO: [ app_init ] --END-- [ RunTime:0.002000s ]
INFO: [ app_begin ] --START--
INFO: Run Behavior\ReadHtmlCacheBehavior [ RunTime:0.013000s ]
INFO: [ app_begin ] --END-- [ RunTime:0.013000s ]
SQL: SHOW COLUMNS FROM `attendance` [ RunTime:0.0110s ]
SQL: SELECT * FROM `attendance` INNER JOIN student ON attendance.student_id = student.id INNER JOIN classtime ON attendance.classtime_id = classtime.id INNER JOIN course_jihua ON classtime.course_jihua_id = course_jihua.id INNER JOIN course ON course_jihua.course_id = course.id  WHERE attendance.student_id = '1' AND attendance.classtime_id = '1' AND classtime.course_jihua_id = '1' AND course_jihua.course_id = '1'  [ RunTime:0.0230s ]

[ 2019-11-29T10:51:51+08:00 ] 127.0.0.1 /kqxt/index.php/Home/index/xsqd.html
INFO: [ app_init ] --START--
INFO: Run Behavior\BuildLiteBehavior [ RunTime:0.000000s ]
INFO: [ app_init ] --END-- [ RunTime:0.001000s ]
INFO: [ app_begin ] --START--
INFO: Run Behavior\ReadHtmlCacheBehavior [ RunTime:0.001000s ]
INFO: [ app_begin ] --END-- [ RunTime:0.001000s ]
INFO: [ view_parse ] --START--
INFO: [ template_filter ] --START--
INFO: Run Behavior\ContentReplaceBehavior [ RunTime:0.000000s ]
INFO: [ template_filter ] --END-- [ RunTime:0.000000s ]
INFO: Run Behavior\ParseTemplateBehavior [ RunTime:0.065000s ]
INFO: [ view_parse ] --END-- [ RunTime:0.066000s ]
INFO: [ view_filter ] --START--
INFO: Run Behavior\WriteHtmlCacheBehavior [ RunTime:0.004000s ]
INFO: [ view_filter ] --END-- [ RunTime:0.004000s ]
INFO: [ app_end ] --START--
INFO: Run Behavior\ShowPageTraceBehavior [ RunTime:0.009000s ]
INFO: [ app_end ] --END-- [ RunTime:0.010000s ]

[ 2019-11-29T10:51:51+08:00 ] 127.0.0.1 /kqxt/index.php/Home/Index/Judge.html
INFO: [ app_init ] --START--
INFO: Run Behavior\BuildLiteBehavior [ RunTime:0.000000s ]
INFO: [ app_init ] --END-- [ RunTime:0.001000s ]
INFO: [ app_begin ] --START--
INFO: Run Behavior\ReadHtmlCacheBehavior [ RunTime:0.001000s ]
INFO: [ app_begin ] --END-- [ RunTime:0.001000s ]
SQL: SHOW COLUMNS FROM `attendance` [ RunTime:0.0040s ]
SQL: SELECT * FROM `attendance` INNER JOIN student ON attendance.student_id = student.id INNER JOIN classtime ON attendance.classtime_id = classtime.id INNER JOIN course_jihua ON classtime.course_jihua_id = course_jihua.id INNER JOIN course ON course_jihua.course_id = course.id  WHERE attendance.student_id = '1' AND attendance.classtime_id = '1' AND classtime.course_jihua_id = '1' AND course_jihua.course_id = '1'  [ RunTime:0.0120s ]

[ 2019-11-29T10:53:02+08:00 ] 127.0.0.1 /kqxt/index.php/Home/index/xsqd.html
INFO: [ app_init ] --START--
INFO: Run Behavior\BuildLiteBehavior [ RunTime:0.000000s ]
INFO: [ app_init ] --END-- [ RunTime:0.000000s ]
INFO: [ app_begin ] --START--
INFO: Run Behavior\ReadHtmlCacheBehavior [ RunTime:0.002000s ]
INFO: [ app_begin ] --END-- [ RunTime:0.002000s ]
INFO: [ view_parse ] --START--
INFO: [ template_filter ] --START--
INFO: Run Behavior\ContentReplaceBehavior [ RunTime:0.000000s ]
INFO: [ template_filter ] --END-- [ RunTime:0.001000s ]
INFO: Run Behavior\ParseTemplateBehavior [ RunTime:0.009000s ]
INFO: [ view_parse ] --END-- [ RunTime:0.009000s ]
INFO: [ view_filter ] --START--
INFO: Run Behavior\WriteHtmlCacheBehavior [ RunTime:0.002000s ]
INFO: [ view_filter ] --END-- [ RunTime:0.002000s ]
INFO: [ app_end ] --START--
INFO: Run Behavior\ShowPageTraceBehavior [ RunTime:0.001000s ]
INFO: [ app_end ] --END-- [ RunTime:0.001000s ]

[ 2019-11-29T10:53:03+08:00 ] 127.0.0.1 /kqxt/index.php/Home/Index/Judge.html
INFO: [ app_init ] --START--
INFO: Run Behavior\BuildLiteBehavior [ RunTime:0.000000s ]
INFO: [ app_init ] --END-- [ RunTime:0.001000s ]
INFO: [ app_begin ] --START--
INFO: Run Behavior\ReadHtmlCacheBehavior [ RunTime:0.002000s ]
INFO: [ app_begin ] --END-- [ RunTime:0.002000s ]
SQL: SHOW COLUMNS FROM `attendance` [ RunTime:0.0040s ]
SQL: SELECT * FROM `attendance` INNER JOIN student ON attendance.student_id = student.id INNER JOIN classtime ON attendance.classtime_id = classtime.id INNER JOIN course_jihua ON classtime.course_jihua_id = course_jihua.id INNER JOIN course ON course_jihua.course_id = course.id  WHERE attendance.student_id = '1' AND attendance.classtime_id = '1' AND classtime.course_jihua_id = '1' AND course_jihua.course_id = '1'  [ RunTime:0.0110s ]

[ 2019-11-29T10:59:43+08:00 ] 127.0.0.1 /kqxt/index.php/Home/index/xsqd.html
INFO: [ app_init ] --START--
INFO: Run Behavior\BuildLiteBehavior [ RunTime:0.000000s ]
INFO: [ app_init ] --END-- [ RunTime:0.001000s ]
INFO: [ app_begin ] --START--
INFO: Run Behavior\ReadHtmlCacheBehavior [ RunTime:0.001000s ]
INFO: [ app_begin ] --END-- [ RunTime:0.001000s ]
INFO: [ view_parse ] --START--
INFO: [ template_filter ] --START--
INFO: Run Behavior\ContentReplaceBehavior [ RunTime:0.000000s ]
INFO: [ template_filter ] --END-- [ RunTime:0.000000s ]
INFO: Run Behavior\ParseTemplateBehavior [ RunTime:0.009000s ]
INFO: [ view_parse ] --END-- [ RunTime:0.009000s ]
INFO: [ view_filter ] --START--
INFO: Run Behavior\WriteHtmlCacheBehavior [ RunTime:0.001000s ]
INFO: [ view_filter ] --END-- [ RunTime:0.001000s ]
INFO: [ app_end ] --START--
INFO: Run Behavior\ShowPageTraceBehavior [ RunTime:0.001000s ]
INFO: [ app_end ] --END-- [ RunTime:0.001000s ]

[ 2019-11-29T10:59:44+08:00 ] 127.0.0.1 /kqxt/index.php/Home/Index/Judge.html
INFO: [ app_init ] --START--
INFO: Run Behavior\BuildLiteBehavior [ RunTime:0.000000s ]
INFO: [ app_init ] --END-- [ RunTime:0.001000s ]
INFO: [ app_begin ] --START--
INFO: Run Behavior\ReadHtmlCacheBehavior [ RunTime:0.002000s ]
INFO: [ app_begin ] --END-- [ RunTime:0.002000s ]
SQL: SHOW COLUMNS FROM `attendance` [ RunTime:0.0040s ]
SQL: SELECT * FROM `attendance` INNER JOIN student  INNER JOIN classtime ON attendance.classtime_id = classtime.id INNER JOIN course_jihua ON classtime.course_jihua_id = course_jihua.id INNER JOIN course ON course_jihua.course_id = course.id  WHERE attendance.student_id = '1' AND attendance.classtime_id = '1' AND classtime.course_jihua_id = '1' AND course_jihua.course_id = '1'  [ RunTime:0.0150s ]

[ 2019-11-29T10:59:55+08:00 ] 127.0.0.1 /kqxt/index.php/Home/index/xsqd.html
INFO: [ app_init ] --START--
INFO: Run Behavior\BuildLiteBehavior [ RunTime:0.000000s ]
INFO: [ app_init ] --END-- [ RunTime:0.000000s ]
INFO: [ app_begin ] --START--
INFO: Run Behavior\ReadHtmlCacheBehavior [ RunTime:0.001000s ]
INFO: [ app_begin ] --END-- [ RunTime:0.001000s ]
INFO: [ view_parse ] --START--
INFO: [ template_filter ] --START--
INFO: Run Behavior\ContentReplaceBehavior [ RunTime:0.000000s ]
INFO: [ template_filter ] --END-- [ RunTime:0.000000s ]
INFO: Run Behavior\ParseTemplateBehavior [ RunTime:0.009000s ]
INFO: [ view_parse ] --END-- [ RunTime:0.009000s ]
INFO: [ view_filter ] --START--
INFO: Run Behavior\WriteHtmlCacheBehavior [ RunTime:0.001000s ]
INFO: [ view_filter ] --END-- [ RunTime:0.001000s ]
INFO: [ app_end ] --START--
INFO: Run Behavior\ShowPageTraceBehavior [ RunTime:0.001000s ]
INFO: [ app_end ] --END-- [ RunTime:0.001000s ]

[ 2019-11-29T10:59:56+08:00 ] 127.0.0.1 /kqxt/index.php/Home/Index/Judge.html
INFO: [ app_init ] --START--
INFO: Run Behavior\BuildLiteBehavior [ RunTime:0.000000s ]
INFO: [ app_init ] --END-- [ RunTime:0.000000s ]
INFO: [ app_begin ] --START--
INFO: Run Behavior\ReadHtmlCacheBehavior [ RunTime:0.001000s ]
INFO: [ app_begin ] --END-- [ RunTime:0.001000s ]
SQL: SHOW COLUMNS FROM `attendance` [ RunTime:0.0040s ]
SQL: SELECT * FROM `attendance` INNER JOIN student ON attendance.student_id = student.id INNER JOIN classtime ON attendance.classtime_id = classtime.id INNER JOIN course_jihua ON classtime.course_jihua_id = course_jihua.id INNER JOIN course ON course_jihua.course_id = course.id  WHERE attendance.student_id = '1' AND attendance.classtime_id = '1' AND classtime.course_jihua_id = '1' AND course_jihua.course_id = '1'  [ RunTime:0.0140s ]

[ 2019-11-29T11:06:05+08:00 ] 127.0.0.1 /kqxt/index.php/Home/index/xsqd.html
INFO: [ app_init ] --START--
INFO: Run Behavior\BuildLiteBehavior [ RunTime:0.000000s ]
INFO: [ app_init ] --END-- [ RunTime:0.001000s ]
INFO: [ app_begin ] --START--
INFO: Run Behavior\ReadHtmlCacheBehavior [ RunTime:0.001000s ]
INFO: [ app_begin ] --END-- [ RunTime:0.001000s ]
INFO: [ view_parse ] --START--
INFO: [ template_filter ] --START--
INFO: Run Behavior\ContentReplaceBehavior [ RunTime:0.000000s ]
INFO: [ template_filter ] --END-- [ RunTime:0.000000s ]
INFO: Run Behavior\ParseTemplateBehavior [ RunTime:0.009000s ]
INFO: [ view_parse ] --END-- [ RunTime:0.009000s ]
INFO: [ view_filter ] --START--
INFO: Run Behavior\WriteHtmlCacheBehavior [ RunTime:0.001000s ]
INFO: [ view_filter ] --END-- [ RunTime:0.001000s ]
INFO: [ app_end ] --START--
INFO: Run Behavior\ShowPageTraceBehavior [ RunTime:0.001000s ]
INFO: [ app_end ] --END-- [ RunTime:0.001000s ]

[ 2019-11-29T11:06:07+08:00 ] 127.0.0.1 /kqxt/index.php/Home/Index/Judge.html
INFO: [ app_init ] --START--
INFO: Run Behavior\BuildLiteBehavior [ RunTime:0.000000s ]
INFO: [ app_init ] --END-- [ RunTime:0.001000s ]
INFO: [ app_begin ] --START--
INFO: Run Behavior\ReadHtmlCacheBehavior [ RunTime:0.002000s ]
INFO: [ app_begin ] --END-- [ RunTime:0.002000s ]
SQL: SHOW COLUMNS FROM `attendance` [ RunTime:0.0040s ]
SQL: SELECT * FROM `attendance` INNER JOIN student ON attendance.student_id = student.id INNER JOIN classtime ON attendance.classtime_id = classtime.id INNER JOIN course_jihua ON classtime.course_jihua_id = course_jihua.id INNER JOIN course ON course_jihua.course_id = course.id  WHERE attendance.student_id = '1' AND attendance.classtime_id = '1' AND classtime.course_jihua_id = '1' AND course_jihua.course_id = '1'  [ RunTime:0.0130s ]

[ 2019-11-29T11:07:55+08:00 ] 127.0.0.1 /kqxt/index.php/Home/index/xsqd.html
INFO: [ app_init ] --START--
INFO: Run Behavior\BuildLiteBehavior [ RunTime:0.000000s ]
INFO: [ app_init ] --END-- [ RunTime:0.000000s ]
INFO: [ app_begin ] --START--
INFO: Run Behavior\ReadHtmlCacheBehavior [ RunTime:0.001000s ]
INFO: [ app_begin ] --END-- [ RunTime:0.001000s ]
INFO: [ view_parse ] --START--
INFO: [ template_filter ] --START--
INFO: Run Behavior\ContentReplaceBehavior [ RunTime:0.000000s ]
INFO: [ template_filter ] --END-- [ RunTime:0.000000s ]
INFO: Run Behavior\ParseTemplateBehavior [ RunTime:0.009000s ]
INFO: [ view_parse ] --END-- [ RunTime:0.009000s ]
INFO: [ view_filter ] --START--
INFO: Run Behavior\WriteHtmlCacheBehavior [ RunTime:0.002000s ]
INFO: [ view_filter ] --END-- [ RunTime:0.002000s ]
INFO: [ app_end ] --START--
INFO: Run Behavior\ShowPageTraceBehavior [ RunTime:0.001000s ]
INFO: [ app_end ] --END-- [ RunTime:0.001000s ]

[ 2019-11-29T11:07:56+08:00 ] 127.0.0.1 /kqxt/index.php/Home/Index/Judge.html
INFO: [ app_init ] --START--
INFO: Run Behavior\BuildLiteBehavior [ RunTime:0.000000s ]
INFO: [ app_init ] --END-- [ RunTime:0.001000s ]
INFO: [ app_begin ] --START--
INFO: Run Behavior\ReadHtmlCacheBehavior [ RunTime:0.002000s ]
INFO: [ app_begin ] --END-- [ RunTime:0.002000s ]
SQL: SHOW COLUMNS FROM `attendance` [ RunTime:0.0010s ]
SQL: SELECT * FROM `attendance` INNER JOIN student ON attendance.student_id = student.id  WHERE attendance.student_id = '1'  [ RunTime:0.0030s ]

[ 2019-11-29T11:08:13+08:00 ] 127.0.0.1 /kqxt/index.php/Home/Index/Judge.html
INFO: [ app_init ] --START--
INFO: Run Behavior\BuildLiteBehavior [ RunTime:0.000000s ]
INFO: [ app_init ] --END-- [ RunTime:0.001000s ]
INFO: [ app_begin ] --START--
INFO: Run Behavior\ReadHtmlCacheBehavior [ RunTime:0.001000s ]
INFO: [ app_begin ] --END-- [ RunTime:0.001000s ]
SQL: SHOW COLUMNS FROM `attendance` [ RunTime:0.0050s ]
SQL: SELECT * FROM `attendance` INNER JOIN student ON attendance.student_id = student.id  WHERE attendance.student_id = '1'  [ RunTime:0.0040s ]

[ 2019-11-29T11:08:13+08:00 ] 127.0.0.1 /kqxt/index.php/Home/Index/Judge.html
INFO: [ app_init ] --START--
INFO: Run Behavior\BuildLiteBehavior [ RunTime:0.000000s ]
INFO: [ app_init ] --END-- [ RunTime:0.001000s ]
INFO: [ app_begin ] --START--
INFO: Run Behavior\ReadHtmlCacheBehavior [ RunTime:0.003000s ]
INFO: [ app_begin ] --END-- [ RunTime:0.003000s ]
SQL: SHOW COLUMNS FROM `attendance` [ RunTime:0.0040s ]
SQL: SELECT * FROM `attendance` INNER JOIN student ON attendance.student_id = student.id  WHERE attendance.student_id = '1'  [ RunTime:0.0030s ]

[ 2019-11-29T11:08:14+08:00 ] 127.0.0.1 /kqxt/index.php/Home/Index/Judge.html
INFO: [ app_init ] --START--
INFO: Run Behavior\BuildLiteBehavior [ RunTime:0.000000s ]
INFO: [ app_init ] --END-- [ RunTime:0.000000s ]
INFO: [ app_begin ] --START--
INFO: Run Behavior\ReadHtmlCacheBehavior [ RunTime:0.001000s ]
INFO: [ app_begin ] --END-- [ RunTime:0.001000s ]
SQL: SHOW COLUMNS FROM `attendance` [ RunTime:0.0040s ]
SQL: SELECT * FROM `attendance` INNER JOIN student ON attendance.student_id = student.id  WHERE attendance.student_id = '1'  [ RunTime:0.0040s ]

[ 2019-11-29T11:08:14+08:00 ] 127.0.0.1 /kqxt/index.php/Home/Index/Judge.html
INFO: [ app_init ] --START--
INFO: Run Behavior\BuildLiteBehavior [ RunTime:0.000000s ]
INFO: [ app_init ] --END-- [ RunTime:0.001000s ]
INFO: [ app_begin ] --START--
INFO: Run Behavior\ReadHtmlCacheBehavior [ RunTime:0.001000s ]
INFO: [ app_begin ] --END-- [ RunTime:0.001000s ]
SQL: SHOW COLUMNS FROM `attendance` [ RunTime:0.0000s ]
SQL: SELECT * FROM `attendance` INNER JOIN student ON attendance.student_id = student.id  WHERE attendance.student_id = '1'  [ RunTime:0.0000s ]

[ 2019-11-29T11:08:14+08:00 ] 127.0.0.1 /kqxt/index.php/Home/Index/Judge.html
INFO: [ app_init ] --START--
INFO: Run Behavior\BuildLiteBehavior [ RunTime:0.000000s ]
INFO: [ app_init ] --END-- [ RunTime:0.000000s ]
INFO: [ app_begin ] --START--
INFO: Run Behavior\ReadHtmlCacheBehavior [ RunTime:0.001000s ]
INFO: [ app_begin ] --END-- [ RunTime:0.002000s ]
SQL: SHOW COLUMNS FROM `attendance` [ RunTime:0.0040s ]
SQL: SELECT * FROM `attendance` INNER JOIN student ON attendance.student_id = student.id  WHERE attendance.student_id = '1'  [ RunTime:0.0040s ]

[ 2019-11-29T11:08:14+08:00 ] 127.0.0.1 /kqxt/index.php/Home/Index/Judge.html
INFO: [ app_init ] --START--
INFO: Run Behavior\BuildLiteBehavior [ RunTime:0.000000s ]
INFO: [ app_init ] --END-- [ RunTime:0.001000s ]
INFO: [ app_begin ] --START--
INFO: Run Behavior\ReadHtmlCacheBehavior [ RunTime:0.001000s ]
INFO: [ app_begin ] --END-- [ RunTime:0.001000s ]
SQL: SHOW COLUMNS FROM `attendance` [ RunTime:0.0040s ]
SQL: SELECT * FROM `attendance` INNER JOIN student ON attendance.student_id = student.id  WHERE attendance.student_id = '1'  [ RunTime:0.0050s ]

[ 2019-11-29T11:08:14+08:00 ] 127.0.0.1 /kqxt/index.php/Home/Index/Judge.html
INFO: [ app_init ] --START--
INFO: Run Behavior\BuildLiteBehavior [ RunTime:0.000000s ]
INFO: [ app_init ] --END-- [ RunTime:0.001000s ]
INFO: [ app_begin ] --START--
INFO: Run Behavior\ReadHtmlCacheBehavior [ RunTime:0.002000s ]
INFO: [ app_begin ] --END-- [ RunTime:0.002000s ]
SQL: SHOW COLUMNS FROM `attendance` [ RunTime:0.0040s ]
SQL: SELECT * FROM `attendance` INNER JOIN student ON attendance.student_id = student.id  WHERE attendance.student_id = '1'  [ RunTime:0.0050s ]

[ 2019-11-29T11:08:14+08:00 ] 127.0.0.1 /kqxt/index.php/Home/Index/Judge.html
INFO: [ app_init ] --START--
INFO: Run Behavior\BuildLiteBehavior [ RunTime:0.000000s ]
INFO: [ app_init ] --END-- [ RunTime:0.001000s ]
INFO: [ app_begin ] --START--
INFO: Run Behavior\ReadHtmlCacheBehavior [ RunTime:0.002000s ]
INFO: [ app_begin ] --END-- [ RunTime:0.002000s ]
SQL: SHOW COLUMNS FROM `attendance` [ RunTime:0.0050s ]
SQL: SELECT * FROM `attendance` INNER JOIN student ON attendance.student_id = student.id  WHERE attendance.student_id = '1'  [ RunTime:0.0010s ]

[ 2019-11-29T11:08:14+08:00 ] 127.0.0.1 /kqxt/index.php/Home/Index/Judge.html
INFO: [ app_init ] --START--
INFO: Run Behavior\BuildLiteBehavior [ RunTime:0.000000s ]
INFO: [ app_init ] --END-- [ RunTime:0.001000s ]
INFO: [ app_begin ] --START--
INFO: Run Behavior\ReadHtmlCacheBehavior [ RunTime:0.001000s ]
INFO: [ app_begin ] --END-- [ RunTime:0.002000s ]
SQL: SHOW COLUMNS FROM `attendance` [ RunTime:0.0000s ]
SQL: SELECT * FROM `attendance` INNER JOIN student ON attendance.student_id = student.id  WHERE attendance.student_id = '1'  [ RunTime:0.0000s ]

[ 2019-11-29T11:08:26+08:00 ] 127.0.0.1 /kqxt/index.php/Home/index/xsqd.html
INFO: [ app_init ] --START--
INFO: Run Behavior\BuildLiteBehavior [ RunTime:0.000000s ]
INFO: [ app_init ] --END-- [ RunTime:0.001000s ]
INFO: [ app_begin ] --START--
INFO: Run Behavior\ReadHtmlCacheBehavior [ RunTime:0.002000s ]
INFO: [ app_begin ] --END-- [ RunTime:0.002000s ]
INFO: [ view_parse ] --START--
INFO: [ template_filter ] --START--
INFO: Run Behavior\ContentReplaceBehavior [ RunTime:0.000000s ]
INFO: [ template_filter ] --END-- [ RunTime:0.000000s ]
INFO: Run Behavior\ParseTemplateBehavior [ RunTime:0.011000s ]
INFO: [ view_parse ] --END-- [ RunTime:0.011000s ]
INFO: [ view_filter ] --START--
INFO: Run Behavior\WriteHtmlCacheBehavior [ RunTime:0.002000s ]
INFO: [ view_filter ] --END-- [ RunTime:0.002000s ]
INFO: [ app_end ] --START--
INFO: Run Behavior\ShowPageTraceBehavior [ RunTime:0.001000s ]
INFO: [ app_end ] --END-- [ RunTime:0.001000s ]

[ 2019-11-29T11:08:27+08:00 ] 127.0.0.1 /kqxt/index.php/Home/Index/Judge.html
INFO: [ app_init ] --START--
INFO: Run Behavior\BuildLiteBehavior [ RunTime:0.000000s ]
INFO: [ app_init ] --END-- [ RunTime:0.000000s ]
INFO: [ app_begin ] --START--
INFO: Run Behavior\ReadHtmlCacheBehavior [ RunTime:0.002000s ]
INFO: [ app_begin ] --END-- [ RunTime:0.002000s ]
SQL: SHOW COLUMNS FROM `attendance` [ RunTime:0.0010s ]
SQL: SELECT * FROM `attendance` INNER JOIN student ON attendance.student_id = student.id INNER JOIN classtime ON attendance.classtime_id = classtime.id INNER JOIN course_jihua ON classtime.course_jihua_id = course_jihua.id INNER JOIN course ON course_jihua.course_id = course.id  WHERE attendance.student_id = '1' AND attendance.classtime_id = '1' AND classtime.course_jihua_id = '1' AND course_jihua.course_id = '1'  [ RunTime:0.0000s ]

[ 2019-11-29T11:10:52+08:00 ] 127.0.0.1 /kqxt/index.php/Home/index/xsqd.html
INFO: [ app_init ] --START--
INFO: Run Behavior\BuildLiteBehavior [ RunTime:0.000000s ]
INFO: [ app_init ] --END-- [ RunTime:0.000000s ]
INFO: [ app_begin ] --START--
INFO: Run Behavior\ReadHtmlCacheBehavior [ RunTime:0.001000s ]
INFO: [ app_begin ] --END-- [ RunTime:0.001000s ]
INFO: [ view_parse ] --START--
INFO: [ template_filter ] --START--
INFO: Run Behavior\ContentReplaceBehavior [ RunTime:0.000000s ]
INFO: [ template_filter ] --END-- [ RunTime:0.000000s ]
INFO: Run Behavior\ParseTemplateBehavior [ RunTime:0.008000s ]
INFO: [ view_parse ] --END-- [ RunTime:0.008000s ]
INFO: [ view_filter ] --START--
INFO: Run Behavior\WriteHtmlCacheBehavior [ RunTime:0.001000s ]
INFO: [ view_filter ] --END-- [ RunTime:0.001000s ]
INFO: [ app_end ] --START--
INFO: Run Behavior\ShowPageTraceBehavior [ RunTime:0.001000s ]
INFO: [ app_end ] --END-- [ RunTime:0.001000s ]

[ 2019-11-29T11:10:53+08:00 ] 127.0.0.1 /kqxt/index.php/Home/Index/Judge.html
INFO: [ app_init ] --START--
INFO: Run Behavior\BuildLiteBehavior [ RunTime:0.000000s ]
INFO: [ app_init ] --END-- [ RunTime:0.000000s ]
INFO: [ app_begin ] --START--
INFO: Run Behavior\ReadHtmlCacheBehavior [ RunTime:0.001000s ]
INFO: [ app_begin ] --END-- [ RunTime:0.001000s ]
SQL: SHOW COLUMNS FROM `attendance` [ RunTime:0.0000s ]
ERR: Think\Model:jion方法不存在！

[ 2019-11-29T11:11:34+08:00 ] 127.0.0.1 /kqxt/index.php/Home/index/xsqd.html
INFO: [ app_init ] --START--
INFO: Run Behavior\BuildLiteBehavior [ RunTime:0.000000s ]
INFO: [ app_init ] --END-- [ RunTime:0.001000s ]
INFO: [ app_begin ] --START--
INFO: Run Behavior\ReadHtmlCacheBehavior [ RunTime:0.001000s ]
INFO: [ app_begin ] --END-- [ RunTime:0.001000s ]
INFO: [ view_parse ] --START--
INFO: [ template_filter ] --START--
INFO: Run Behavior\ContentReplaceBehavior [ RunTime:0.000000s ]
INFO: [ template_filter ] --END-- [ RunTime:0.001000s ]
INFO: Run Behavior\ParseTemplateBehavior [ RunTime:0.011000s ]
INFO: [ view_parse ] --END-- [ RunTime:0.011000s ]
INFO: [ view_filter ] --START--
INFO: Run Behavior\WriteHtmlCacheBehavior [ RunTime:0.001000s ]
INFO: [ view_filter ] --END-- [ RunTime:0.001000s ]
INFO: [ app_end ] --START--
INFO: Run Behavior\ShowPageTraceBehavior [ RunTime:0.002000s ]
INFO: [ app_end ] --END-- [ RunTime:0.002000s ]

[ 2019-11-29T11:11:35+08:00 ] 127.0.0.1 /kqxt/index.php/Home/Index/Judge.html
INFO: [ app_init ] --START--
INFO: Run Behavior\BuildLiteBehavior [ RunTime:0.000000s ]
INFO: [ app_init ] --END-- [ RunTime:0.001000s ]
INFO: [ app_begin ] --START--
INFO: Run Behavior\ReadHtmlCacheBehavior [ RunTime:0.002000s ]
INFO: [ app_begin ] --END-- [ RunTime:0.002000s ]
SQL: SHOW COLUMNS FROM `attendance` [ RunTime:0.0000s ]
ERR: 1066:Not unique table/alias: 'major'
 [ SQL语句 ] : SELECT * FROM `attendance` INNER JOIN student ON attendance.student_id = student.id INNER JOIN classtime ON attendance.classtime_id = classtime.id INNER JOIN course_jihua ON classtime.course_jihua_id = course_jihua.id INNER JOIN course ON course_jihua.course_id = course.id INNER JOIN major_jihua ON course_jihua.major_jihua_id = major_jihua.id INNER JOIN major ON major_jihua.major_id = major.id INNER JOIN major ON class.major_id = major.id INNER JOIN class ON student.class_id = class.id  WHERE attendance.student_id = '1' AND attendance.classtime_id = '1' AND classtime.course_jihua_id = '1' AND course_jihua.course_id = '1' AND course_jihua.major_jihua_id = '1' AND major_jihua.major_id = '1' AND class.major_id = '1' AND student.class_id = '1' 
ERR: 1066:Not unique table/alias: 'major'
 [ SQL语句 ] : SELECT * FROM `attendance` INNER JOIN student ON attendance.student_id = student.id INNER JOIN classtime ON attendance.classtime_id = classtime.id INNER JOIN course_jihua ON classtime.course_jihua_id = course_jihua.id INNER JOIN course ON course_jihua.course_id = course.id INNER JOIN major_jihua ON course_jihua.major_jihua_id = major_jihua.id INNER JOIN major ON major_jihua.major_id = major.id INNER JOIN major ON class.major_id = major.id INNER JOIN class ON student.class_id = class.id  WHERE attendance.student_id = '1' AND attendance.classtime_id = '1' AND classtime.course_jihua_id = '1' AND course_jihua.course_id = '1' AND course_jihua.major_jihua_id = '1' AND major_jihua.major_id = '1' AND class.major_id = '1' AND student.class_id = '1' 

[ 2019-11-29T11:11:36+08:00 ] 127.0.0.1 /kqxt/index.php/Home/Index/Judge.html
INFO: [ app_init ] --START--
INFO: Run Behavior\BuildLiteBehavior [ RunTime:0.000000s ]
INFO: [ app_init ] --END-- [ RunTime:0.001000s ]
INFO: [ app_begin ] --START--
INFO: Run Behavior\ReadHtmlCacheBehavior [ RunTime:0.002000s ]
INFO: [ app_begin ] --END-- [ RunTime:0.002000s ]
SQL: SHOW COLUMNS FROM `attendance` [ RunTime:0.0000s ]
ERR: 1066:Not unique table/alias: 'major'
 [ SQL语句 ] : SELECT * FROM `attendance` INNER JOIN student ON attendance.student_id = student.id INNER JOIN classtime ON attendance.classtime_id = classtime.id INNER JOIN course_jihua ON classtime.course_jihua_id = course_jihua.id INNER JOIN course ON course_jihua.course_id = course.id INNER JOIN major_jihua ON course_jihua.major_jihua_id = major_jihua.id INNER JOIN major ON major_jihua.major_id = major.id INNER JOIN major ON class.major_id = major.id INNER JOIN class ON student.class_id = class.id  WHERE attendance.student_id = '1' AND attendance.classtime_id = '1' AND classtime.course_jihua_id = '1' AND course_jihua.course_id = '1' AND course_jihua.major_jihua_id = '1' AND major_jihua.major_id = '1' AND class.major_id = '1' AND student.class_id = '1' 
ERR: 1066:Not unique table/alias: 'major'
 [ SQL语句 ] : SELECT * FROM `attendance` INNER JOIN student ON attendance.student_id = student.id INNER JOIN classtime ON attendance.classtime_id = classtime.id INNER JOIN course_jihua ON classtime.course_jihua_id = course_jihua.id INNER JOIN course ON course_jihua.course_id = course.id INNER JOIN major_jihua ON course_jihua.major_jihua_id = major_jihua.id INNER JOIN major ON major_jihua.major_id = major.id INNER JOIN major ON class.major_id = major.id INNER JOIN class ON student.class_id = class.id  WHERE attendance.student_id = '1' AND attendance.classtime_id = '1' AND classtime.course_jihua_id = '1' AND course_jihua.course_id = '1' AND course_jihua.major_jihua_id = '1' AND major_jihua.major_id = '1' AND class.major_id = '1' AND student.class_id = '1' 

[ 2019-11-29T11:11:36+08:00 ] 127.0.0.1 /kqxt/index.php/Home/Index/Judge.html
INFO: [ app_init ] --START--
INFO: Run Behavior\BuildLiteBehavior [ RunTime:0.000000s ]
INFO: [ app_init ] --END-- [ RunTime:0.000000s ]
INFO: [ app_begin ] --START--
INFO: Run Behavior\ReadHtmlCacheBehavior [ RunTime:0.002000s ]
INFO: [ app_begin ] --END-- [ RunTime:0.002000s ]
SQL: SHOW COLUMNS FROM `attendance` [ RunTime:0.0000s ]
ERR: 1066:Not unique table/alias: 'major'
 [ SQL语句 ] : SELECT * FROM `attendance` INNER JOIN student ON attendance.student_id = student.id INNER JOIN classtime ON attendance.classtime_id = classtime.id INNER JOIN course_jihua ON classtime.course_jihua_id = course_jihua.id INNER JOIN course ON course_jihua.course_id = course.id INNER JOIN major_jihua ON course_jihua.major_jihua_id = major_jihua.id INNER JOIN major ON major_jihua.major_id = major.id INNER JOIN major ON class.major_id = major.id INNER JOIN class ON student.class_id = class.id  WHERE attendance.student_id = '1' AND attendance.classtime_id = '1' AND classtime.course_jihua_id = '1' AND course_jihua.course_id = '1' AND course_jihua.major_jihua_id = '1' AND major_jihua.major_id = '1' AND class.major_id = '1' AND student.class_id = '1' 
ERR: 1066:Not unique table/alias: 'major'
 [ SQL语句 ] : SELECT * FROM `attendance` INNER JOIN student ON attendance.student_id = student.id INNER JOIN classtime ON attendance.classtime_id = classtime.id INNER JOIN course_jihua ON classtime.course_jihua_id = course_jihua.id INNER JOIN course ON course_jihua.course_id = course.id INNER JOIN major_jihua ON course_jihua.major_jihua_id = major_jihua.id INNER JOIN major ON major_jihua.major_id = major.id INNER JOIN major ON class.major_id = major.id INNER JOIN class ON student.class_id = class.id  WHERE attendance.student_id = '1' AND attendance.classtime_id = '1' AND classtime.course_jihua_id = '1' AND course_jihua.course_id = '1' AND course_jihua.major_jihua_id = '1' AND major_jihua.major_id = '1' AND class.major_id = '1' AND student.class_id = '1' 

[ 2019-11-29T11:11:36+08:00 ] 127.0.0.1 /kqxt/index.php/Home/Index/Judge.html
INFO: [ app_init ] --START--
INFO: Run Behavior\BuildLiteBehavior [ RunTime:0.000000s ]
INFO: [ app_init ] --END-- [ RunTime:0.001000s ]
INFO: [ app_begin ] --START--
INFO: Run Behavior\ReadHtmlCacheBehavior [ RunTime:0.001000s ]
INFO: [ app_begin ] --END-- [ RunTime:0.001000s ]
SQL: SHOW COLUMNS FROM `attendance` [ RunTime:0.0010s ]
ERR: 1066:Not unique table/alias: 'major'
 [ SQL语句 ] : SELECT * FROM `attendance` INNER JOIN student ON attendance.student_id = student.id INNER JOIN classtime ON attendance.classtime_id = classtime.id INNER JOIN course_jihua ON classtime.course_jihua_id = course_jihua.id INNER JOIN course ON course_jihua.course_id = course.id INNER JOIN major_jihua ON course_jihua.major_jihua_id = major_jihua.id INNER JOIN major ON major_jihua.major_id = major.id INNER JOIN major ON class.major_id = major.id INNER JOIN class ON student.class_id = class.id  WHERE attendance.student_id = '1' AND attendance.classtime_id = '1' AND classtime.course_jihua_id = '1' AND course_jihua.course_id = '1' AND course_jihua.major_jihua_id = '1' AND major_jihua.major_id = '1' AND class.major_id = '1' AND student.class_id = '1' 
ERR: 1066:Not unique table/alias: 'major'
 [ SQL语句 ] : SELECT * FROM `attendance` INNER JOIN student ON attendance.student_id = student.id INNER JOIN classtime ON attendance.classtime_id = classtime.id INNER JOIN course_jihua ON classtime.course_jihua_id = course_jihua.id INNER JOIN course ON course_jihua.course_id = course.id INNER JOIN major_jihua ON course_jihua.major_jihua_id = major_jihua.id INNER JOIN major ON major_jihua.major_id = major.id INNER JOIN major ON class.major_id = major.id INNER JOIN class ON student.class_id = class.id  WHERE attendance.student_id = '1' AND attendance.classtime_id = '1' AND classtime.course_jihua_id = '1' AND course_jihua.course_id = '1' AND course_jihua.major_jihua_id = '1' AND major_jihua.major_id = '1' AND class.major_id = '1' AND student.class_id = '1' 

[ 2019-11-29T11:11:36+08:00 ] 127.0.0.1 /kqxt/index.php/Home/Index/Judge.html
INFO: [ app_init ] --START--
INFO: Run Behavior\BuildLiteBehavior [ RunTime:0.000000s ]
INFO: [ app_init ] --END-- [ RunTime:0.000000s ]
INFO: [ app_begin ] --START--
INFO: Run Behavior\ReadHtmlCacheBehavior [ RunTime:0.001000s ]
INFO: [ app_begin ] --END-- [ RunTime:0.002000s ]
SQL: SHOW COLUMNS FROM `attendance` [ RunTime:0.0000s ]
ERR: 1066:Not unique table/alias: 'major'
 [ SQL语句 ] : SELECT * FROM `attendance` INNER JOIN student ON attendance.student_id = student.id INNER JOIN classtime ON attendance.classtime_id = classtime.id INNER JOIN course_jihua ON classtime.course_jihua_id = course_jihua.id INNER JOIN course ON course_jihua.course_id = course.id INNER JOIN major_jihua ON course_jihua.major_jihua_id = major_jihua.id INNER JOIN major ON major_jihua.major_id = major.id INNER JOIN major ON class.major_id = major.id INNER JOIN class ON student.class_id = class.id  WHERE attendance.student_id = '1' AND attendance.classtime_id = '1' AND classtime.course_jihua_id = '1' AND course_jihua.course_id = '1' AND course_jihua.major_jihua_id = '1' AND major_jihua.major_id = '1' AND class.major_id = '1' AND student.class_id = '1' 
ERR: 1066:Not unique table/alias: 'major'
 [ SQL语句 ] : SELECT * FROM `attendance` INNER JOIN student ON attendance.student_id = student.id INNER JOIN classtime ON attendance.classtime_id = classtime.id INNER JOIN course_jihua ON classtime.course_jihua_id = course_jihua.id INNER JOIN course ON course_jihua.course_id = course.id INNER JOIN major_jihua ON course_jihua.major_jihua_id = major_jihua.id INNER JOIN major ON major_jihua.major_id = major.id INNER JOIN major ON class.major_id = major.id INNER JOIN class ON student.class_id = class.id  WHERE attendance.student_id = '1' AND attendance.classtime_id = '1' AND classtime.course_jihua_id = '1' AND course_jihua.course_id = '1' AND course_jihua.major_jihua_id = '1' AND major_jihua.major_id = '1' AND class.major_id = '1' AND student.class_id = '1' 

[ 2019-11-29T11:11:37+08:00 ] 127.0.0.1 /kqxt/index.php/Home/Index/Judge.html
INFO: [ app_init ] --START--
INFO: Run Behavior\BuildLiteBehavior [ RunTime:0.000000s ]
INFO: [ app_init ] --END-- [ RunTime:0.001000s ]
INFO: [ app_begin ] --START--
INFO: Run Behavior\ReadHtmlCacheBehavior [ RunTime:0.002000s ]
INFO: [ app_begin ] --END-- [ RunTime:0.002000s ]
SQL: SHOW COLUMNS FROM `attendance` [ RunTime:0.0010s ]
ERR: 1066:Not unique table/alias: 'major'
 [ SQL语句 ] : SELECT * FROM `attendance` INNER JOIN student ON attendance.student_id = student.id INNER JOIN classtime ON attendance.classtime_id = classtime.id INNER JOIN course_jihua ON classtime.course_jihua_id = course_jihua.id INNER JOIN course ON course_jihua.course_id = course.id INNER JOIN major_jihua ON course_jihua.major_jihua_id = major_jihua.id INNER JOIN major ON major_jihua.major_id = major.id INNER JOIN major ON class.major_id = major.id INNER JOIN class ON student.class_id = class.id  WHERE attendance.student_id = '1' AND attendance.classtime_id = '1' AND classtime.course_jihua_id = '1' AND course_jihua.course_id = '1' AND course_jihua.major_jihua_id = '1' AND major_jihua.major_id = '1' AND class.major_id = '1' AND student.class_id = '1' 
ERR: 1066:Not unique table/alias: 'major'
 [ SQL语句 ] : SELECT * FROM `attendance` INNER JOIN student ON attendance.student_id = student.id INNER JOIN classtime ON attendance.classtime_id = classtime.id INNER JOIN course_jihua ON classtime.course_jihua_id = course_jihua.id INNER JOIN course ON course_jihua.course_id = course.id INNER JOIN major_jihua ON course_jihua.major_jihua_id = major_jihua.id INNER JOIN major ON major_jihua.major_id = major.id INNER JOIN major ON class.major_id = major.id INNER JOIN class ON student.class_id = class.id  WHERE attendance.student_id = '1' AND attendance.classtime_id = '1' AND classtime.course_jihua_id = '1' AND course_jihua.course_id = '1' AND course_jihua.major_jihua_id = '1' AND major_jihua.major_id = '1' AND class.major_id = '1' AND student.class_id = '1' 

[ 2019-11-29T11:11:49+08:00 ] 127.0.0.1 /kqxt/index.php/Home/index/xsqd.html
INFO: [ app_init ] --START--
INFO: Run Behavior\BuildLiteBehavior [ RunTime:0.000000s ]
INFO: [ app_init ] --END-- [ RunTime:0.001000s ]
INFO: [ app_begin ] --START--
INFO: Run Behavior\ReadHtmlCacheBehavior [ RunTime:0.001000s ]
INFO: [ app_begin ] --END-- [ RunTime:0.001000s ]
INFO: [ view_parse ] --START--
INFO: [ template_filter ] --START--
INFO: Run Behavior\ContentReplaceBehavior [ RunTime:0.000000s ]
INFO: [ template_filter ] --END-- [ RunTime:0.000000s ]
INFO: Run Behavior\ParseTemplateBehavior [ RunTime:0.010000s ]
INFO: [ view_parse ] --END-- [ RunTime:0.011000s ]
INFO: [ view_filter ] --START--
INFO: Run Behavior\WriteHtmlCacheBehavior [ RunTime:0.002000s ]
INFO: [ view_filter ] --END-- [ RunTime:0.002000s ]
INFO: [ app_end ] --START--
INFO: Run Behavior\ShowPageTraceBehavior [ RunTime:0.001000s ]
INFO: [ app_end ] --END-- [ RunTime:0.001000s ]

[ 2019-11-29T11:11:49+08:00 ] 127.0.0.1 /kqxt/index.php/Home/Index/Judge.html
INFO: [ app_init ] --START--
INFO: Run Behavior\BuildLiteBehavior [ RunTime:0.000000s ]
INFO: [ app_init ] --END-- [ RunTime:0.001000s ]
INFO: [ app_begin ] --START--
INFO: Run Behavior\ReadHtmlCacheBehavior [ RunTime:0.002000s ]
INFO: [ app_begin ] --END-- [ RunTime:0.002000s ]
SQL: SHOW COLUMNS FROM `attendance` [ RunTime:0.0000s ]
SQL: SELECT * FROM `attendance` INNER JOIN student ON attendance.student_id = student.id INNER JOIN classtime ON attendance.classtime_id = classtime.id INNER JOIN course_jihua ON classtime.course_jihua_id = course_jihua.id INNER JOIN course ON course_jihua.course_id = course.id INNER JOIN major_jihua ON course_jihua.major_jihua_id = major_jihua.id  WHERE attendance.student_id = '1' AND attendance.classtime_id = '1' AND classtime.course_jihua_id = '1' AND course_jihua.course_id = '1' AND course_jihua.major_jihua_id = '1'  [ RunTime:0.0130s ]

[ 2019-11-29T11:17:39+08:00 ] 127.0.0.1 /kqxt/index.php/Home/index/xsqd.html
INFO: [ app_init ] --START--
INFO: Run Behavior\BuildLiteBehavior [ RunTime:0.000000s ]
INFO: [ app_init ] --END-- [ RunTime:0.001000s ]
INFO: [ app_begin ] --START--
INFO: Run Behavior\ReadHtmlCacheBehavior [ RunTime:0.001000s ]
INFO: [ app_begin ] --END-- [ RunTime:0.001000s ]
INFO: [ view_parse ] --START--
INFO: [ template_filter ] --START--
INFO: Run Behavior\ContentReplaceBehavior [ RunTime:0.000000s ]
INFO: [ template_filter ] --END-- [ RunTime:0.001000s ]
INFO: Run Behavior\ParseTemplateBehavior [ RunTime:0.009000s ]
INFO: [ view_parse ] --END-- [ RunTime:0.009000s ]
INFO: [ view_filter ] --START--
INFO: Run Behavior\WriteHtmlCacheBehavior [ RunTime:0.001000s ]
INFO: [ view_filter ] --END-- [ RunTime:0.001000s ]
INFO: [ app_end ] --START--
INFO: Run Behavior\ShowPageTraceBehavior [ RunTime:0.001000s ]
INFO: [ app_end ] --END-- [ RunTime:0.002000s ]

[ 2019-11-29T11:17:39+08:00 ] 127.0.0.1 /kqxt/index.php/Home/Index/Judge.html
INFO: [ app_init ] --START--
INFO: Run Behavior\BuildLiteBehavior [ RunTime:0.000000s ]
INFO: [ app_init ] --END-- [ RunTime:0.001000s ]
INFO: [ app_begin ] --START--
INFO: Run Behavior\ReadHtmlCacheBehavior [ RunTime:0.001000s ]
INFO: [ app_begin ] --END-- [ RunTime:0.001000s ]
SQL: SHOW COLUMNS FROM `attendance` [ RunTime:0.0010s ]
SQL: SELECT * FROM `attendance` INNER JOIN student ON attendance.student_id = student.id  WHERE attendance.student_id = '1'  [ RunTime:0.0000s ]

[ 2019-11-29T11:17:52+08:00 ] 127.0.0.1 /kqxt/index.php/Home/index/xsqd.html
INFO: [ app_init ] --START--
INFO: Run Behavior\BuildLiteBehavior [ RunTime:0.000000s ]
INFO: [ app_init ] --END-- [ RunTime:0.001000s ]
INFO: [ app_begin ] --START--
INFO: Run Behavior\ReadHtmlCacheBehavior [ RunTime:0.001000s ]
INFO: [ app_begin ] --END-- [ RunTime:0.001000s ]
INFO: [ view_parse ] --START--
INFO: [ template_filter ] --START--
INFO: Run Behavior\ContentReplaceBehavior [ RunTime:0.000000s ]
INFO: [ template_filter ] --END-- [ RunTime:0.000000s ]
INFO: Run Behavior\ParseTemplateBehavior [ RunTime:0.009000s ]
INFO: [ view_parse ] --END-- [ RunTime:0.009000s ]
INFO: [ view_filter ] --START--
INFO: Run Behavior\WriteHtmlCacheBehavior [ RunTime:0.001000s ]
INFO: [ view_filter ] --END-- [ RunTime:0.001000s ]
INFO: [ app_end ] --START--
INFO: Run Behavior\ShowPageTraceBehavior [ RunTime:0.002000s ]
INFO: [ app_end ] --END-- [ RunTime:0.002000s ]

[ 2019-11-29T11:17:52+08:00 ] 127.0.0.1 /kqxt/index.php/Home/Index/Judge.html
INFO: [ app_init ] --START--
INFO: Run Behavior\BuildLiteBehavior [ RunTime:0.000000s ]
INFO: [ app_init ] --END-- [ RunTime:0.001000s ]
INFO: [ app_begin ] --START--
INFO: Run Behavior\ReadHtmlCacheBehavior [ RunTime:0.001000s ]
INFO: [ app_begin ] --END-- [ RunTime:0.001000s ]
SQL: SHOW COLUMNS FROM `attendance` [ RunTime:0.0010s ]
SQL: SELECT * FROM `attendance` INNER JOIN student ON attendance.student_id = student.id   [ RunTime:0.0000s ]

[ 2019-11-29T11:18:31+08:00 ] 127.0.0.1 /kqxt/index.php/Home/index/xsqd.html
INFO: [ app_init ] --START--
INFO: Run Behavior\BuildLiteBehavior [ RunTime:0.000000s ]
INFO: [ app_init ] --END-- [ RunTime:0.001000s ]
INFO: [ app_begin ] --START--
INFO: Run Behavior\ReadHtmlCacheBehavior [ RunTime:0.001000s ]
INFO: [ app_begin ] --END-- [ RunTime:0.001000s ]
INFO: [ view_parse ] --START--
INFO: [ template_filter ] --START--
INFO: Run Behavior\ContentReplaceBehavior [ RunTime:0.000000s ]
INFO: [ template_filter ] --END-- [ RunTime:0.001000s ]
INFO: Run Behavior\ParseTemplateBehavior [ RunTime:0.008000s ]
INFO: [ view_parse ] --END-- [ RunTime:0.009000s ]
INFO: [ view_filter ] --START--
INFO: Run Behavior\WriteHtmlCacheBehavior [ RunTime:0.001000s ]
INFO: [ view_filter ] --END-- [ RunTime:0.001000s ]
INFO: [ app_end ] --START--
INFO: Run Behavior\ShowPageTraceBehavior [ RunTime:0.001000s ]
INFO: [ app_end ] --END-- [ RunTime:0.001000s ]

[ 2019-11-29T11:18:32+08:00 ] 127.0.0.1 /kqxt/index.php/Home/Index/Judge.html
INFO: [ app_init ] --START--
INFO: Run Behavior\BuildLiteBehavior [ RunTime:0.000000s ]
INFO: [ app_init ] --END-- [ RunTime:0.001000s ]
INFO: [ app_begin ] --START--
INFO: Run Behavior\ReadHtmlCacheBehavior [ RunTime:0.001000s ]
INFO: [ app_begin ] --END-- [ RunTime:0.001000s ]
SQL: SHOW COLUMNS FROM `attendance` [ RunTime:0.0000s ]
SQL: SELECT * FROM `attendance` INNER JOIN student INNER JOIN classtime  WHERE attendance.student_id = '1' AND attendance.classtime_id = '1'  [ RunTime:0.0000s ]

[ 2019-11-29T11:19:40+08:00 ] 127.0.0.1 /kqxt/index.php/Home/index/xsqd.html
INFO: [ app_init ] --START--
INFO: Run Behavior\BuildLiteBehavior [ RunTime:0.000000s ]
INFO: [ app_init ] --END-- [ RunTime:0.001000s ]
INFO: [ app_begin ] --START--
INFO: Run Behavior\ReadHtmlCacheBehavior [ RunTime:0.001000s ]
INFO: [ app_begin ] --END-- [ RunTime:0.001000s ]
INFO: [ view_parse ] --START--
INFO: [ template_filter ] --START--
INFO: Run Behavior\ContentReplaceBehavior [ RunTime:0.000000s ]
INFO: [ template_filter ] --END-- [ RunTime:0.000000s ]
INFO: Run Behavior\ParseTemplateBehavior [ RunTime:0.010000s ]
INFO: [ view_parse ] --END-- [ RunTime:0.010000s ]
INFO: [ view_filter ] --START--
INFO: Run Behavior\WriteHtmlCacheBehavior [ RunTime:0.000000s ]
INFO: [ view_filter ] --END-- [ RunTime:0.001000s ]
INFO: [ app_end ] --START--
INFO: Run Behavior\ShowPageTraceBehavior [ RunTime:0.001000s ]
INFO: [ app_end ] --END-- [ RunTime:0.001000s ]

[ 2019-11-29T11:19:40+08:00 ] 127.0.0.1 /kqxt/index.php/Home/Index/Judge.html
INFO: [ app_init ] --START--
INFO: Run Behavior\BuildLiteBehavior [ RunTime:0.001000s ]
INFO: [ app_init ] --END-- [ RunTime:0.001000s ]
INFO: [ app_begin ] --START--
INFO: Run Behavior\ReadHtmlCacheBehavior [ RunTime:0.002000s ]
INFO: [ app_begin ] --END-- [ RunTime:0.003000s ]
SQL: SHOW COLUMNS FROM `attendance` [ RunTime:0.0010s ]
ERR: 1146:Table 'kqxt.course_jiua' doesn't exist
 [ SQL语句 ] : SELECT * FROM `attendance` INNER JOIN student INNER JOIN classtime INNER JOIN course_jiua  WHERE attendance.student_id = '1' AND attendance.classtime_id = '1' 
ERR: 1146:Table 'kqxt.course_jiua' doesn't exist
 [ SQL语句 ] : SELECT * FROM `attendance` INNER JOIN student INNER JOIN classtime INNER JOIN course_jiua  WHERE attendance.student_id = '1' AND attendance.classtime_id = '1' 

[ 2019-11-29T11:19:45+08:00 ] 127.0.0.1 /kqxt/index.php/Home/index/xsqd.html
INFO: [ app_init ] --START--
INFO: Run Behavior\BuildLiteBehavior [ RunTime:0.000000s ]
INFO: [ app_init ] --END-- [ RunTime:0.001000s ]
INFO: [ app_begin ] --START--
INFO: Run Behavior\ReadHtmlCacheBehavior [ RunTime:0.001000s ]
INFO: [ app_begin ] --END-- [ RunTime:0.001000s ]
INFO: [ view_parse ] --START--
INFO: [ template_filter ] --START--
INFO: Run Behavior\ContentReplaceBehavior [ RunTime:0.000000s ]
INFO: [ template_filter ] --END-- [ RunTime:0.000000s ]
INFO: Run Behavior\ParseTemplateBehavior [ RunTime:0.010000s ]
INFO: [ view_parse ] --END-- [ RunTime:0.010000s ]
INFO: [ view_filter ] --START--
INFO: Run Behavior\WriteHtmlCacheBehavior [ RunTime:0.001000s ]
INFO: [ view_filter ] --END-- [ RunTime:0.001000s ]
INFO: [ app_end ] --START--
INFO: Run Behavior\ShowPageTraceBehavior [ RunTime:0.001000s ]
INFO: [ app_end ] --END-- [ RunTime:0.002000s ]

[ 2019-11-29T11:19:46+08:00 ] 127.0.0.1 /kqxt/index.php/Home/Index/Judge.html
INFO: [ app_init ] --START--
INFO: Run Behavior\BuildLiteBehavior [ RunTime:0.000000s ]
INFO: [ app_init ] --END-- [ RunTime:0.000000s ]
INFO: [ app_begin ] --START--
INFO: Run Behavior\ReadHtmlCacheBehavior [ RunTime:0.001000s ]
INFO: [ app_begin ] --END-- [ RunTime:0.001000s ]
SQL: SHOW COLUMNS FROM `attendance` [ RunTime:0.0000s ]
ERR: 1146:Table 'kqxt.course_jiua' doesn't exist
 [ SQL语句 ] : SELECT * FROM `attendance` INNER JOIN student INNER JOIN classtime INNER JOIN course_jiua  WHERE attendance.student_id = '1' AND attendance.classtime_id = '1' AND classtime.course_jihua_id = '1' 
ERR: 1146:Table 'kqxt.course_jiua' doesn't exist
 [ SQL语句 ] : SELECT * FROM `attendance` INNER JOIN student INNER JOIN classtime INNER JOIN course_jiua  WHERE attendance.student_id = '1' AND attendance.classtime_id = '1' AND classtime.course_jihua_id = '1' 

[ 2019-11-29T11:20:02+08:00 ] 127.0.0.1 /kqxt/index.php/Home/index/xsqd.html
INFO: [ app_init ] --START--
INFO: Run Behavior\BuildLiteBehavior [ RunTime:0.000000s ]
INFO: [ app_init ] --END-- [ RunTime:0.001000s ]
INFO: [ app_begin ] --START--
INFO: Run Behavior\ReadHtmlCacheBehavior [ RunTime:0.001000s ]
INFO: [ app_begin ] --END-- [ RunTime:0.001000s ]
INFO: [ view_parse ] --START--
INFO: [ template_filter ] --START--
INFO: Run Behavior\ContentReplaceBehavior [ RunTime:0.000000s ]
INFO: [ template_filter ] --END-- [ RunTime:0.000000s ]
INFO: Run Behavior\ParseTemplateBehavior [ RunTime:0.010000s ]
INFO: [ view_parse ] --END-- [ RunTime:0.010000s ]
INFO: [ view_filter ] --START--
INFO: Run Behavior\WriteHtmlCacheBehavior [ RunTime:0.001000s ]
INFO: [ view_filter ] --END-- [ RunTime:0.001000s ]
INFO: [ app_end ] --START--
INFO: Run Behavior\ShowPageTraceBehavior [ RunTime:0.001000s ]
INFO: [ app_end ] --END-- [ RunTime:0.001000s ]

[ 2019-11-29T11:20:02+08:00 ] 127.0.0.1 /kqxt/index.php/Home/Index/Judge.html
INFO: [ app_init ] --START--
INFO: Run Behavior\BuildLiteBehavior [ RunTime:0.000000s ]
INFO: [ app_init ] --END-- [ RunTime:0.000000s ]
INFO: [ app_begin ] --START--
INFO: Run Behavior\ReadHtmlCacheBehavior [ RunTime:0.001000s ]
INFO: [ app_begin ] --END-- [ RunTime:0.001000s ]
SQL: SHOW COLUMNS FROM `attendance` [ RunTime:0.0010s ]
SQL: SELECT * FROM `attendance` INNER JOIN student INNER JOIN classtime INNER JOIN course_jihua  WHERE attendance.student_id = '1' AND attendance.classtime_id = '1' AND classtime.course_jihua_id = '1'  [ RunTime:0.0000s ]

[ 2019-11-29T11:23:01+08:00 ] 127.0.0.1 /kqxt/index.php/Home/index/xsqd.html
INFO: [ app_init ] --START--
INFO: Run Behavior\BuildLiteBehavior [ RunTime:0.000000s ]
INFO: [ app_init ] --END-- [ RunTime:0.001000s ]
INFO: [ app_begin ] --START--
INFO: Run Behavior\ReadHtmlCacheBehavior [ RunTime:0.001000s ]
INFO: [ app_begin ] --END-- [ RunTime:0.002000s ]
INFO: [ view_parse ] --START--
INFO: [ template_filter ] --START--
INFO: Run Behavior\ContentReplaceBehavior [ RunTime:0.000000s ]
INFO: [ template_filter ] --END-- [ RunTime:0.000000s ]
INFO: Run Behavior\ParseTemplateBehavior [ RunTime:0.009000s ]
INFO: [ view_parse ] --END-- [ RunTime:0.009000s ]
INFO: [ view_filter ] --START--
INFO: Run Behavior\WriteHtmlCacheBehavior [ RunTime:0.001000s ]
INFO: [ view_filter ] --END-- [ RunTime:0.002000s ]
INFO: [ app_end ] --START--
INFO: Run Behavior\ShowPageTraceBehavior [ RunTime:0.001000s ]
INFO: [ app_end ] --END-- [ RunTime:0.001000s ]

[ 2019-11-29T11:23:02+08:00 ] 127.0.0.1 /kqxt/index.php/Home/Index/Judge.html
INFO: [ app_init ] --START--
INFO: Run Behavior\BuildLiteBehavior [ RunTime:0.000000s ]
INFO: [ app_init ] --END-- [ RunTime:0.001000s ]
INFO: [ app_begin ] --START--
INFO: Run Behavior\ReadHtmlCacheBehavior [ RunTime:0.002000s ]
INFO: [ app_begin ] --END-- [ RunTime:0.002000s ]
SQL: SHOW COLUMNS FROM `attendance` [ RunTime:0.0000s ]
SQL: SELECT * FROM `attendance` INNER JOIN student INNER JOIN classtime INNER JOIN course_jihua INNER JOIN course INNER JOIN major_jihua INNER JOIN major INNER JOIN class  WHERE attendance.student_id = '1' AND attendance.classtime_id = '1' AND classtime.course_jihua_id = '1' AND course_jihua.course_id = '1' AND course_jihua.major_jihua_id = '1' AND major_jihua.major_id = '1' AND class.major_id = '1' AND student.class_id = '1'  [ RunTime:0.0200s ]

[ 2019-11-29T11:25:26+08:00 ] 127.0.0.1 /kqxt/index.php/Home/index/xsqd.html
INFO: [ app_init ] --START--
INFO: Run Behavior\BuildLiteBehavior [ RunTime:0.000000s ]
INFO: [ app_init ] --END-- [ RunTime:0.001000s ]
INFO: [ app_begin ] --START--
INFO: Run Behavior\ReadHtmlCacheBehavior [ RunTime:0.001000s ]
INFO: [ app_begin ] --END-- [ RunTime:0.001000s ]
INFO: [ view_parse ] --START--
INFO: [ template_filter ] --START--
INFO: Run Behavior\ContentReplaceBehavior [ RunTime:0.000000s ]
INFO: [ template_filter ] --END-- [ RunTime:0.000000s ]
INFO: Run Behavior\ParseTemplateBehavior [ RunTime:0.010000s ]
INFO: [ view_parse ] --END-- [ RunTime:0.010000s ]
INFO: [ view_filter ] --START--
INFO: Run Behavior\WriteHtmlCacheBehavior [ RunTime:0.001000s ]
INFO: [ view_filter ] --END-- [ RunTime:0.001000s ]
INFO: [ app_end ] --START--
INFO: Run Behavior\ShowPageTraceBehavior [ RunTime:0.002000s ]
INFO: [ app_end ] --END-- [ RunTime:0.002000s ]

[ 2019-11-29T11:25:27+08:00 ] 127.0.0.1 /kqxt/index.php/Home/Index/Judge.html
INFO: [ app_init ] --START--
INFO: Run Behavior\BuildLiteBehavior [ RunTime:0.000000s ]
INFO: [ app_init ] --END-- [ RunTime:0.001000s ]
INFO: [ app_begin ] --START--
INFO: Run Behavior\ReadHtmlCacheBehavior [ RunTime:0.001000s ]
INFO: [ app_begin ] --END-- [ RunTime:0.001000s ]
SQL: SHOW COLUMNS FROM `attendance` [ RunTime:0.0010s ]
SQL: SELECT * FROM `attendance` INNER JOIN student INNER JOIN classtime INNER JOIN course_jihua INNER JOIN course INNER JOIN major_jihua INNER JOIN major INNER JOIN class  WHERE attendance.student_id = '1' AND attendance.classtime_id = 'classtime.id' AND classtime.course_jihua_id = '1' AND course_jihua.course_id = '1' AND course_jihua.major_jihua_id = '1' AND major_jihua.major_id = '1' AND class.major_id = '1' AND student.class_id = '1'  [ RunTime:0.0100s ]

[ 2019-11-29T11:26:17+08:00 ] 127.0.0.1 /kqxt/index.php/Home/index/xsqd.html
INFO: [ app_init ] --START--
INFO: Run Behavior\BuildLiteBehavior [ RunTime:0.000000s ]
INFO: [ app_init ] --END-- [ RunTime:0.001000s ]
INFO: [ app_begin ] --START--
INFO: Run Behavior\ReadHtmlCacheBehavior [ RunTime:0.002000s ]
INFO: [ app_begin ] --END-- [ RunTime:0.002000s ]
INFO: [ view_parse ] --START--
INFO: [ template_filter ] --START--
INFO: Run Behavior\ContentReplaceBehavior [ RunTime:0.000000s ]
INFO: [ template_filter ] --END-- [ RunTime:0.000000s ]
INFO: Run Behavior\ParseTemplateBehavior [ RunTime:0.012000s ]
INFO: [ view_parse ] --END-- [ RunTime:0.012000s ]
INFO: [ view_filter ] --START--
INFO: Run Behavior\WriteHtmlCacheBehavior [ RunTime:0.001000s ]
INFO: [ view_filter ] --END-- [ RunTime:0.001000s ]
INFO: [ app_end ] --START--
INFO: Run Behavior\ShowPageTraceBehavior [ RunTime:0.001000s ]
INFO: [ app_end ] --END-- [ RunTime:0.001000s ]

[ 2019-11-29T11:26:18+08:00 ] 127.0.0.1 /kqxt/index.php/Home/Index/Judge.html
INFO: [ app_init ] --START--
INFO: Run Behavior\BuildLiteBehavior [ RunTime:0.000000s ]
INFO: [ app_init ] --END-- [ RunTime:0.001000s ]
INFO: [ app_begin ] --START--
INFO: Run Behavior\ReadHtmlCacheBehavior [ RunTime:0.001000s ]
INFO: [ app_begin ] --END-- [ RunTime:0.001000s ]
SQL: SHOW COLUMNS FROM `attendance` [ RunTime:0.0010s ]
SQL: SELECT * FROM `attendance` INNER JOIN student INNER JOIN classtime INNER JOIN course_jihua INNER JOIN course INNER JOIN major_jihua INNER JOIN major INNER JOIN class  WHERE attendance.student_id = '1' AND attendance.classtime_id = 'classtime.id' AND classtime.course_jihua_id = '1' AND course_jihua.course_id = '1' AND course_jihua.major_jihua_id = '1' AND major_jihua.major_id = '1' AND class.major_id = '1' AND student.class_id = '1'  [ RunTime:0.0100s ]

[ 2019-11-29T11:27:24+08:00 ] 127.0.0.1 /kqxt/index.php/Home/index/xsqd.html
INFO: [ app_init ] --START--
INFO: Run Behavior\BuildLiteBehavior [ RunTime:0.000000s ]
INFO: [ app_init ] --END-- [ RunTime:0.000000s ]
INFO: [ app_begin ] --START--
INFO: Run Behavior\ReadHtmlCacheBehavior [ RunTime:0.001000s ]
INFO: [ app_begin ] --END-- [ RunTime:0.001000s ]
INFO: [ view_parse ] --START--
INFO: [ template_filter ] --START--
INFO: Run Behavior\ContentReplaceBehavior [ RunTime:0.000000s ]
INFO: [ template_filter ] --END-- [ RunTime:0.000000s ]
INFO: Run Behavior\ParseTemplateBehavior [ RunTime:0.008000s ]
INFO: [ view_parse ] --END-- [ RunTime:0.009000s ]
INFO: [ view_filter ] --START--
INFO: Run Behavior\WriteHtmlCacheBehavior [ RunTime:0.002000s ]
INFO: [ view_filter ] --END-- [ RunTime:0.002000s ]
INFO: [ app_end ] --START--
INFO: Run Behavior\ShowPageTraceBehavior [ RunTime:0.002000s ]
INFO: [ app_end ] --END-- [ RunTime:0.002000s ]

[ 2019-11-29T11:27:25+08:00 ] 127.0.0.1 /kqxt/index.php/Home/Index/Judge.html
INFO: [ app_init ] --START--
INFO: Run Behavior\BuildLiteBehavior [ RunTime:0.000000s ]
INFO: [ app_init ] --END-- [ RunTime:0.001000s ]
INFO: [ app_begin ] --START--
INFO: Run Behavior\ReadHtmlCacheBehavior [ RunTime:0.002000s ]
INFO: [ app_begin ] --END-- [ RunTime:0.002000s ]
SQL: SHOW COLUMNS FROM `attendance` [ RunTime:0.0010s ]
SQL: SELECT * FROM `attendance` INNER JOIN student INNER JOIN classtime INNER JOIN course_jihua INNER JOIN course INNER JOIN major_jihua INNER JOIN major INNER JOIN class  WHERE attendance.student_id = '1' AND attendance.classtime_id = '1' AND classtime.course_jihua_id = '1' AND course_jihua.course_id = '1' AND course_jihua.major_jihua_id = '1' AND major_jihua.major_id = '1' AND class.major_id = '1' AND student.class_id = '1'  [ RunTime:0.0000s ]

[ 2019-11-29T11:28:01+08:00 ] 127.0.0.1 /kqxt/index.php/Home/Index/Judge.html
INFO: [ app_init ] --START--
INFO: Run Behavior\BuildLiteBehavior [ RunTime:0.000000s ]
INFO: [ app_init ] --END-- [ RunTime:0.001000s ]
INFO: [ app_begin ] --START--
INFO: Run Behavior\ReadHtmlCacheBehavior [ RunTime:0.002000s ]
INFO: [ app_begin ] --END-- [ RunTime:0.002000s ]
SQL: SHOW COLUMNS FROM `attendance` [ RunTime:0.0000s ]
SQL: SELECT * FROM `attendance` INNER JOIN student INNER JOIN classtime INNER JOIN course_jihua INNER JOIN course INNER JOIN major_jihua INNER JOIN major INNER JOIN class  WHERE attendance.student_id = '1' AND attendance.classtime_id = '1' AND classtime.course_jihua_id = '1' AND course_jihua.course_id = '1' AND course_jihua.major_jihua_id = '1' AND major_jihua.major_id = '1' AND class.major_id = '1' AND student.class_id = '1'  [ RunTime:0.0190s ]

[ 2019-11-29T11:28:02+08:00 ] 127.0.0.1 /kqxt/index.php/Home/index/xsqd.html
INFO: [ app_init ] --START--
INFO: Run Behavior\BuildLiteBehavior [ RunTime:0.000000s ]
INFO: [ app_init ] --END-- [ RunTime:0.001000s ]
INFO: [ app_begin ] --START--
INFO: Run Behavior\ReadHtmlCacheBehavior [ RunTime:0.002000s ]
INFO: [ app_begin ] --END-- [ RunTime:0.002000s ]
INFO: [ view_parse ] --START--
INFO: [ template_filter ] --START--
INFO: Run Behavior\ContentReplaceBehavior [ RunTime:0.000000s ]
INFO: [ template_filter ] --END-- [ RunTime:0.000000s ]
INFO: Run Behavior\ParseTemplateBehavior [ RunTime:0.009000s ]
INFO: [ view_parse ] --END-- [ RunTime:0.009000s ]
INFO: [ view_filter ] --START--
INFO: Run Behavior\WriteHtmlCacheBehavior [ RunTime:0.001000s ]
INFO: [ view_filter ] --END-- [ RunTime:0.001000s ]
INFO: [ app_end ] --START--
INFO: Run Behavior\ShowPageTraceBehavior [ RunTime:0.001000s ]
INFO: [ app_end ] --END-- [ RunTime:0.001000s ]

[ 2019-11-29T11:28:10+08:00 ] 127.0.0.1 /kqxt/index.php/Home/index/xsqd.html
INFO: [ app_init ] --START--
INFO: Run Behavior\BuildLiteBehavior [ RunTime:0.000000s ]
INFO: [ app_init ] --END-- [ RunTime:0.001000s ]
INFO: [ app_begin ] --START--
INFO: Run Behavior\ReadHtmlCacheBehavior [ RunTime:0.001000s ]
INFO: [ app_begin ] --END-- [ RunTime:0.001000s ]
INFO: [ view_parse ] --START--
INFO: [ template_filter ] --START--
INFO: Run Behavior\ContentReplaceBehavior [ RunTime:0.000000s ]
INFO: [ template_filter ] --END-- [ RunTime:0.000000s ]
INFO: Run Behavior\ParseTemplateBehavior [ RunTime:0.009000s ]
INFO: [ view_parse ] --END-- [ RunTime:0.009000s ]
INFO: [ view_filter ] --START--
INFO: Run Behavior\WriteHtmlCacheBehavior [ RunTime:0.001000s ]
INFO: [ view_filter ] --END-- [ RunTime:0.001000s ]
INFO: [ app_end ] --START--
INFO: Run Behavior\ShowPageTraceBehavior [ RunTime:0.002000s ]
INFO: [ app_end ] --END-- [ RunTime:0.002000s ]

[ 2019-11-29T11:28:11+08:00 ] 127.0.0.1 /kqxt/index.php/Home/Index/Judge.html
INFO: [ app_init ] --START--
INFO: Run Behavior\BuildLiteBehavior [ RunTime:0.000000s ]
INFO: [ app_init ] --END-- [ RunTime:0.000000s ]
INFO: [ app_begin ] --START--
INFO: Run Behavior\ReadHtmlCacheBehavior [ RunTime:0.001000s ]
INFO: [ app_begin ] --END-- [ RunTime:0.001000s ]
SQL: SHOW COLUMNS FROM `attendance` [ RunTime:0.0000s ]
SQL: SELECT * FROM `attendance` INNER JOIN student INNER JOIN classtime INNER JOIN course_jihua INNER JOIN course INNER JOIN major_jihua INNER JOIN major INNER JOIN class  WHERE attendance.student_id = '1' AND attendance.classtime_id = '1' AND classtime.course_jihua_id = '1' AND course_jihua.course_id = '1' AND course_jihua.major_jihua_id = '1' AND major_jihua.major_id = '1' AND class.major_id = '1' AND student.class_id = '1'  [ RunTime:0.0070s ]

[ 2019-11-29T11:30:43+08:00 ] 127.0.0.1 /kqxt/index.php/Home/index/xsqd.html
INFO: [ app_init ] --START--
INFO: Run Behavior\BuildLiteBehavior [ RunTime:0.000000s ]
INFO: [ app_init ] --END-- [ RunTime:0.001000s ]
INFO: [ app_begin ] --START--
INFO: Run Behavior\ReadHtmlCacheBehavior [ RunTime:0.001000s ]
INFO: [ app_begin ] --END-- [ RunTime:0.002000s ]

[ 2019-11-29T11:31:05+08:00 ] 127.0.0.1 /kqxt/index.php/Home/index/xsqd.html
INFO: [ app_init ] --START--
INFO: Run Behavior\BuildLiteBehavior [ RunTime:0.000000s ]
INFO: [ app_init ] --END-- [ RunTime:0.000000s ]
INFO: [ app_begin ] --START--
INFO: Run Behavior\ReadHtmlCacheBehavior [ RunTime:0.001000s ]
INFO: [ app_begin ] --END-- [ RunTime:0.002000s ]

[ 2019-11-29T11:31:06+08:00 ] 127.0.0.1 /kqxt/index.php/Home/index/xsqd.html
INFO: [ app_init ] --START--
INFO: Run Behavior\BuildLiteBehavior [ RunTime:0.000000s ]
INFO: [ app_init ] --END-- [ RunTime:0.001000s ]
INFO: [ app_begin ] --START--
INFO: Run Behavior\ReadHtmlCacheBehavior [ RunTime:0.001000s ]
INFO: [ app_begin ] --END-- [ RunTime:0.002000s ]

[ 2019-11-29T11:31:06+08:00 ] 127.0.0.1 /kqxt/index.php/Home/index/xsqd.html
INFO: [ app_init ] --START--
INFO: Run Behavior\BuildLiteBehavior [ RunTime:0.000000s ]
INFO: [ app_init ] --END-- [ RunTime:0.001000s ]
INFO: [ app_begin ] --START--
INFO: Run Behavior\ReadHtmlCacheBehavior [ RunTime:0.001000s ]
INFO: [ app_begin ] --END-- [ RunTime:0.002000s ]

[ 2019-11-29T11:31:06+08:00 ] 127.0.0.1 /kqxt/index.php/Home/index/xsqd.html
INFO: [ app_init ] --START--
INFO: Run Behavior\BuildLiteBehavior [ RunTime:0.000000s ]
INFO: [ app_init ] --END-- [ RunTime:0.001000s ]
INFO: [ app_begin ] --START--
INFO: Run Behavior\ReadHtmlCacheBehavior [ RunTime:0.001000s ]
INFO: [ app_begin ] --END-- [ RunTime:0.001000s ]

[ 2019-11-29T11:31:07+08:00 ] 127.0.0.1 /kqxt/index.php/Home/index/xsqd.html
INFO: [ app_init ] --START--
INFO: Run Behavior\BuildLiteBehavior [ RunTime:0.000000s ]
INFO: [ app_init ] --END-- [ RunTime:0.001000s ]
INFO: [ app_begin ] --START--
INFO: Run Behavior\ReadHtmlCacheBehavior [ RunTime:0.002000s ]
INFO: [ app_begin ] --END-- [ RunTime:0.002000s ]

[ 2019-11-29T11:31:10+08:00 ] 127.0.0.1 /kqxt/index.php/Home/index/xsqd.html
INFO: [ app_init ] --START--
INFO: Run Behavior\BuildLiteBehavior [ RunTime:0.000000s ]
INFO: [ app_init ] --END-- [ RunTime:0.001000s ]
INFO: [ app_begin ] --START--
INFO: Run Behavior\ReadHtmlCacheBehavior [ RunTime:0.001000s ]
INFO: [ app_begin ] --END-- [ RunTime:0.001000s ]

[ 2019-11-29T11:31:12+08:00 ] 127.0.0.1 /kqxt/index.php/Home/index/xsqd.html
INFO: [ app_init ] --START--
INFO: Run Behavior\BuildLiteBehavior [ RunTime:0.001000s ]
INFO: [ app_init ] --END-- [ RunTime:0.001000s ]
INFO: [ app_begin ] --START--
INFO: Run Behavior\ReadHtmlCacheBehavior [ RunTime:0.001000s ]
INFO: [ app_begin ] --END-- [ RunTime:0.001000s ]

[ 2019-11-29T11:31:12+08:00 ] 127.0.0.1 /kqxt/index.php/Home/index/xsqd.html
INFO: [ app_init ] --START--
INFO: Run Behavior\BuildLiteBehavior [ RunTime:0.000000s ]
INFO: [ app_init ] --END-- [ RunTime:0.001000s ]
INFO: [ app_begin ] --START--
INFO: Run Behavior\ReadHtmlCacheBehavior [ RunTime:0.002000s ]
INFO: [ app_begin ] --END-- [ RunTime:0.003000s ]

[ 2019-11-29T11:31:12+08:00 ] 127.0.0.1 /kqxt/index.php/Home/index/xsqd.html
INFO: [ app_init ] --START--
INFO: Run Behavior\BuildLiteBehavior [ RunTime:0.000000s ]
INFO: [ app_init ] --END-- [ RunTime:0.000000s ]
INFO: [ app_begin ] --START--
INFO: Run Behavior\ReadHtmlCacheBehavior [ RunTime:0.001000s ]
INFO: [ app_begin ] --END-- [ RunTime:0.001000s ]

[ 2019-11-29T11:31:12+08:00 ] 127.0.0.1 /kqxt/index.php/Home/index/xsqd.html
INFO: [ app_init ] --START--
INFO: Run Behavior\BuildLiteBehavior [ RunTime:0.000000s ]
INFO: [ app_init ] --END-- [ RunTime:0.001000s ]
INFO: [ app_begin ] --START--
INFO: Run Behavior\ReadHtmlCacheBehavior [ RunTime:0.001000s ]
INFO: [ app_begin ] --END-- [ RunTime:0.002000s ]

[ 2019-11-29T11:31:12+08:00 ] 127.0.0.1 /kqxt/index.php/Home/index/xsqd.html
INFO: [ app_init ] --START--
INFO: Run Behavior\BuildLiteBehavior [ RunTime:0.000000s ]
INFO: [ app_init ] --END-- [ RunTime:0.001000s ]
INFO: [ app_begin ] --START--
INFO: Run Behavior\ReadHtmlCacheBehavior [ RunTime:0.001000s ]
INFO: [ app_begin ] --END-- [ RunTime:0.001000s ]

[ 2019-11-29T11:31:12+08:00 ] 127.0.0.1 /kqxt/index.php/Home/index/xsqd.html
INFO: [ app_init ] --START--
INFO: Run Behavior\BuildLiteBehavior [ RunTime:0.000000s ]
INFO: [ app_init ] --END-- [ RunTime:0.000000s ]
INFO: [ app_begin ] --START--
INFO: Run Behavior\ReadHtmlCacheBehavior [ RunTime:0.001000s ]
INFO: [ app_begin ] --END-- [ RunTime:0.001000s ]

[ 2019-11-29T11:31:12+08:00 ] 127.0.0.1 /kqxt/index.php/Home/index/xsqd.html
INFO: [ app_init ] --START--
INFO: Run Behavior\BuildLiteBehavior [ RunTime:0.000000s ]
INFO: [ app_init ] --END-- [ RunTime:0.001000s ]
INFO: [ app_begin ] --START--
INFO: Run Behavior\ReadHtmlCacheBehavior [ RunTime:0.001000s ]
INFO: [ app_begin ] --END-- [ RunTime:0.001000s ]

[ 2019-11-29T11:31:12+08:00 ] 127.0.0.1 /kqxt/index.php/Home/index/xsqd.html
INFO: [ app_init ] --START--
INFO: Run Behavior\BuildLiteBehavior [ RunTime:0.000000s ]
INFO: [ app_init ] --END-- [ RunTime:0.001000s ]
INFO: [ app_begin ] --START--
INFO: Run Behavior\ReadHtmlCacheBehavior [ RunTime:0.002000s ]
INFO: [ app_begin ] --END-- [ RunTime:0.002000s ]

[ 2019-11-29T11:31:13+08:00 ] 127.0.0.1 /kqxt/index.php/Home/index/xsqd.html
INFO: [ app_init ] --START--
INFO: Run Behavior\BuildLiteBehavior [ RunTime:0.000000s ]
INFO: [ app_init ] --END-- [ RunTime:0.001000s ]
INFO: [ app_begin ] --START--
INFO: Run Behavior\ReadHtmlCacheBehavior [ RunTime:0.002000s ]
INFO: [ app_begin ] --END-- [ RunTime:0.002000s ]

[ 2019-11-29T11:31:13+08:00 ] 127.0.0.1 /kqxt/index.php/Home/index/xsqd.html
INFO: [ app_init ] --START--
INFO: Run Behavior\BuildLiteBehavior [ RunTime:0.000000s ]
INFO: [ app_init ] --END-- [ RunTime:0.001000s ]
INFO: [ app_begin ] --START--
INFO: Run Behavior\ReadHtmlCacheBehavior [ RunTime:0.002000s ]
INFO: [ app_begin ] --END-- [ RunTime:0.002000s ]

[ 2019-11-29T11:31:44+08:00 ] 127.0.0.1 /kqxt/index.php/Home/index/xsqd.html
INFO: [ app_init ] --START--
INFO: Run Behavior\BuildLiteBehavior [ RunTime:0.000000s ]
INFO: [ app_init ] --END-- [ RunTime:0.001000s ]
INFO: [ app_begin ] --START--
INFO: Run Behavior\ReadHtmlCacheBehavior [ RunTime:0.001000s ]
INFO: [ app_begin ] --END-- [ RunTime:0.001000s ]

[ 2019-11-29T11:31:44+08:00 ] 127.0.0.1 /kqxt/index.php/Home/index/xsqd.html
INFO: [ app_init ] --START--
INFO: Run Behavior\BuildLiteBehavior [ RunTime:0.000000s ]
INFO: [ app_init ] --END-- [ RunTime:0.000000s ]
INFO: [ app_begin ] --START--
INFO: Run Behavior\ReadHtmlCacheBehavior [ RunTime:0.001000s ]
INFO: [ app_begin ] --END-- [ RunTime:0.001000s ]

[ 2019-11-29T11:31:45+08:00 ] 127.0.0.1 /kqxt/index.php/Home/index/xsqd.html
INFO: [ app_init ] --START--
INFO: Run Behavior\BuildLiteBehavior [ RunTime:0.000000s ]
INFO: [ app_init ] --END-- [ RunTime:0.000000s ]
INFO: [ app_begin ] --START--
INFO: Run Behavior\ReadHtmlCacheBehavior [ RunTime:0.002000s ]
INFO: [ app_begin ] --END-- [ RunTime:0.002000s ]

[ 2019-11-29T11:31:45+08:00 ] 127.0.0.1 /kqxt/index.php/Home/index/xsqd.html
INFO: [ app_init ] --START--
INFO: Run Behavior\BuildLiteBehavior [ RunTime:0.000000s ]
INFO: [ app_init ] --END-- [ RunTime:0.001000s ]
INFO: [ app_begin ] --START--
INFO: Run Behavior\ReadHtmlCacheBehavior [ RunTime:0.001000s ]
INFO: [ app_begin ] --END-- [ RunTime:0.001000s ]

[ 2019-11-29T11:31:45+08:00 ] 127.0.0.1 /kqxt/index.php/Home/index/xsqd.html
INFO: [ app_init ] --START--
INFO: Run Behavior\BuildLiteBehavior [ RunTime:0.000000s ]
INFO: [ app_init ] --END-- [ RunTime:0.001000s ]
INFO: [ app_begin ] --START--
INFO: Run Behavior\ReadHtmlCacheBehavior [ RunTime:0.001000s ]
INFO: [ app_begin ] --END-- [ RunTime:0.001000s ]

[ 2019-11-29T11:31:45+08:00 ] 127.0.0.1 /kqxt/index.php/Home/index/xsqd.html
INFO: [ app_init ] --START--
INFO: Run Behavior\BuildLiteBehavior [ RunTime:0.000000s ]
INFO: [ app_init ] --END-- [ RunTime:0.001000s ]
INFO: [ app_begin ] --START--
INFO: Run Behavior\ReadHtmlCacheBehavior [ RunTime:0.002000s ]
INFO: [ app_begin ] --END-- [ RunTime:0.003000s ]

[ 2019-11-29T11:31:45+08:00 ] 127.0.0.1 /kqxt/index.php/Home/index/xsqd.html
INFO: [ app_init ] --START--
INFO: Run Behavior\BuildLiteBehavior [ RunTime:0.000000s ]
INFO: [ app_init ] --END-- [ RunTime:0.001000s ]
INFO: [ app_begin ] --START--
INFO: Run Behavior\ReadHtmlCacheBehavior [ RunTime:0.002000s ]
INFO: [ app_begin ] --END-- [ RunTime:0.002000s ]

[ 2019-11-29T11:32:06+08:00 ] 127.0.0.1 /kqxt/index.php/Home/index/xsqd.html
INFO: [ app_init ] --START--
INFO: Run Behavior\BuildLiteBehavior [ RunTime:0.000000s ]
INFO: [ app_init ] --END-- [ RunTime:0.000000s ]
INFO: [ app_begin ] --START--
INFO: Run Behavior\ReadHtmlCacheBehavior [ RunTime:0.001000s ]
INFO: [ app_begin ] --END-- [ RunTime:0.001000s ]
INFO: [ view_parse ] --START--
INFO: [ template_filter ] --START--
INFO: Run Behavior\ContentReplaceBehavior [ RunTime:0.000000s ]
INFO: [ template_filter ] --END-- [ RunTime:0.001000s ]
INFO: Run Behavior\ParseTemplateBehavior [ RunTime:0.009000s ]
INFO: [ view_parse ] --END-- [ RunTime:0.009000s ]
INFO: [ view_filter ] --START--
INFO: Run Behavior\WriteHtmlCacheBehavior [ RunTime:0.001000s ]
INFO: [ view_filter ] --END-- [ RunTime:0.001000s ]
INFO: [ app_end ] --START--
INFO: Run Behavior\ShowPageTraceBehavior [ RunTime:0.001000s ]
INFO: [ app_end ] --END-- [ RunTime:0.001000s ]

[ 2019-11-29T11:32:07+08:00 ] 127.0.0.1 /kqxt/index.php/Home/Index/Judge.html
INFO: [ app_init ] --START--
INFO: Run Behavior\BuildLiteBehavior [ RunTime:0.000000s ]
INFO: [ app_init ] --END-- [ RunTime:0.001000s ]
INFO: [ app_begin ] --START--
INFO: Run Behavior\ReadHtmlCacheBehavior [ RunTime:0.001000s ]
INFO: [ app_begin ] --END-- [ RunTime:0.001000s ]
SQL: SHOW COLUMNS FROM `attendance` [ RunTime:0.0010s ]
SQL: SELECT * FROM `attendance` INNER JOIN student INNER JOIN classtime INNER JOIN course_jihua INNER JOIN course INNER JOIN major_jihua INNER JOIN major INNER JOIN class  WHERE attendance.student_id = '1' AND attendance.classtime_id = '1' AND classtime.course_jihua_id = '1' AND course_jihua.course_id = '1' AND course_jihua.major_jihua_id = '1' AND major_jihua.major_id = '1' AND class.major_id = '1' AND student.class_id = '1' AND classtime.weeks = '周一'  [ RunTime:0.0000s ]

[ 2019-11-29T11:32:32+08:00 ] 127.0.0.1 /kqxt/index.php/Home/index/xsqd.html
INFO: [ app_init ] --START--
INFO: Run Behavior\BuildLiteBehavior [ RunTime:0.000000s ]
INFO: [ app_init ] --END-- [ RunTime:0.001000s ]
INFO: [ app_begin ] --START--
INFO: Run Behavior\ReadHtmlCacheBehavior [ RunTime:0.001000s ]
INFO: [ app_begin ] --END-- [ RunTime:0.001000s ]
INFO: [ view_parse ] --START--
INFO: [ template_filter ] --START--
INFO: Run Behavior\ContentReplaceBehavior [ RunTime:0.000000s ]
INFO: [ template_filter ] --END-- [ RunTime:0.000000s ]
INFO: Run Behavior\ParseTemplateBehavior [ RunTime:0.010000s ]
INFO: [ view_parse ] --END-- [ RunTime:0.011000s ]
INFO: [ view_filter ] --START--
INFO: Run Behavior\WriteHtmlCacheBehavior [ RunTime:0.001000s ]
INFO: [ view_filter ] --END-- [ RunTime:0.001000s ]
INFO: [ app_end ] --START--
INFO: Run Behavior\ShowPageTraceBehavior [ RunTime:0.001000s ]
INFO: [ app_end ] --END-- [ RunTime:0.001000s ]

[ 2019-11-29T11:32:33+08:00 ] 127.0.0.1 /kqxt/index.php/Home/Index/Judge.html
INFO: [ app_init ] --START--
INFO: Run Behavior\BuildLiteBehavior [ RunTime:0.000000s ]
INFO: [ app_init ] --END-- [ RunTime:0.000000s ]
INFO: [ app_begin ] --START--
INFO: Run Behavior\ReadHtmlCacheBehavior [ RunTime:0.002000s ]
INFO: [ app_begin ] --END-- [ RunTime:0.002000s ]
SQL: SHOW COLUMNS FROM `attendance` [ RunTime:0.0010s ]
SQL: SELECT * FROM `attendance` INNER JOIN student INNER JOIN classtime INNER JOIN course_jihua INNER JOIN course INNER JOIN major_jihua INNER JOIN major INNER JOIN class  WHERE attendance.student_id = '1' AND attendance.classtime_id = '1' AND classtime.course_jihua_id = '1' AND course_jihua.course_id = '1' AND course_jihua.major_jihua_id = '1' AND major_jihua.major_id = '1' AND class.major_id = '1' AND student.class_id = '1' AND classtime.weeks = '周一'  [ RunTime:0.0210s ]

[ 2019-11-29T11:32:54+08:00 ] 127.0.0.1 /kqxt/index.php/Home/index/xsqd.html
INFO: [ app_init ] --START--
INFO: Run Behavior\BuildLiteBehavior [ RunTime:0.000000s ]
INFO: [ app_init ] --END-- [ RunTime:0.000000s ]
INFO: [ app_begin ] --START--
INFO: Run Behavior\ReadHtmlCacheBehavior [ RunTime:0.001000s ]
INFO: [ app_begin ] --END-- [ RunTime:0.002000s ]
INFO: [ view_parse ] --START--
INFO: [ template_filter ] --START--
INFO: Run Behavior\ContentReplaceBehavior [ RunTime:0.000000s ]
INFO: [ template_filter ] --END-- [ RunTime:0.001000s ]
INFO: Run Behavior\ParseTemplateBehavior [ RunTime:0.010000s ]
INFO: [ view_parse ] --END-- [ RunTime:0.010000s ]
INFO: [ view_filter ] --START--
INFO: Run Behavior\WriteHtmlCacheBehavior [ RunTime:0.001000s ]
INFO: [ view_filter ] --END-- [ RunTime:0.001000s ]
INFO: [ app_end ] --START--
INFO: Run Behavior\ShowPageTraceBehavior [ RunTime:0.002000s ]
INFO: [ app_end ] --END-- [ RunTime:0.002000s ]

[ 2019-11-29T11:32:55+08:00 ] 127.0.0.1 /kqxt/index.php/Home/Index/Judge.html
INFO: [ app_init ] --START--
INFO: Run Behavior\BuildLiteBehavior [ RunTime:0.000000s ]
INFO: [ app_init ] --END-- [ RunTime:0.001000s ]
INFO: [ app_begin ] --START--
INFO: Run Behavior\ReadHtmlCacheBehavior [ RunTime:0.001000s ]
INFO: [ app_begin ] --END-- [ RunTime:0.002000s ]
SQL: SHOW COLUMNS FROM `attendance` [ RunTime:0.0010s ]
SQL: SELECT * FROM `attendance` INNER JOIN student INNER JOIN classtime INNER JOIN course_jihua INNER JOIN course INNER JOIN major_jihua INNER JOIN major INNER JOIN class  WHERE attendance.student_id = '1' AND attendance.classtime_id = '1' AND classtime.course_jihua_id = '1' AND course_jihua.course_id = '1' AND course_jihua.major_jihua_id = '1' AND major_jihua.major_id = '1' AND class.major_id = '1' AND student.class_id = '1' AND classtime.weeks = '周一'  [ RunTime:0.0120s ]

[ 2019-11-29T11:34:58+08:00 ] 127.0.0.1 /kqxt/index.php/Home/Index/Judge.html
INFO: [ app_init ] --START--
INFO: Run Behavior\BuildLiteBehavior [ RunTime:0.000000s ]
INFO: [ app_init ] --END-- [ RunTime:0.000000s ]
INFO: [ app_begin ] --START--
INFO: Run Behavior\ReadHtmlCacheBehavior [ RunTime:0.001000s ]
INFO: [ app_begin ] --END-- [ RunTime:0.001000s ]
SQL: SHOW COLUMNS FROM `attendance` [ RunTime:0.0000s ]
SQL: SELECT * FROM `attendance` INNER JOIN student INNER JOIN classtime INNER JOIN course_jihua INNER JOIN course INNER JOIN major_jihua INNER JOIN major INNER JOIN class  WHERE attendance.student_id = '1' AND attendance.classtime_id = '1' AND classtime.course_jihua_id = '1' AND course_jihua.course_id = '1' AND course_jihua.major_jihua_id = '1' AND major_jihua.major_id = '1' AND class.major_id = '1' AND student.class_id = '1' AND classtime.weeks = '周一'  [ RunTime:0.0190s ]

[ 2019-11-29T11:34:58+08:00 ] 127.0.0.1 /kqxt/index.php/Home/Index/Judge.html
INFO: [ app_init ] --START--
INFO: Run Behavior\BuildLiteBehavior [ RunTime:0.000000s ]
INFO: [ app_init ] --END-- [ RunTime:0.001000s ]
INFO: [ app_begin ] --START--
INFO: Run Behavior\ReadHtmlCacheBehavior [ RunTime:0.001000s ]
INFO: [ app_begin ] --END-- [ RunTime:0.001000s ]
SQL: SHOW COLUMNS FROM `attendance` [ RunTime:0.0010s ]
SQL: SELECT * FROM `attendance` INNER JOIN student INNER JOIN classtime INNER JOIN course_jihua INNER JOIN course INNER JOIN major_jihua INNER JOIN major INNER JOIN class  WHERE attendance.student_id = '1' AND attendance.classtime_id = '1' AND classtime.course_jihua_id = '1' AND course_jihua.course_id = '1' AND course_jihua.major_jihua_id = '1' AND major_jihua.major_id = '1' AND class.major_id = '1' AND student.class_id = '1' AND classtime.weeks = '周一'  [ RunTime:0.0230s ]

[ 2019-11-29T11:34:58+08:00 ] 127.0.0.1 /kqxt/index.php/Home/Index/Judge.html
INFO: [ app_init ] --START--
INFO: Run Behavior\BuildLiteBehavior [ RunTime:0.000000s ]
INFO: [ app_init ] --END-- [ RunTime:0.001000s ]
INFO: [ app_begin ] --START--
INFO: Run Behavior\ReadHtmlCacheBehavior [ RunTime:0.001000s ]
INFO: [ app_begin ] --END-- [ RunTime:0.001000s ]
SQL: SHOW COLUMNS FROM `attendance` [ RunTime:0.0000s ]
SQL: SELECT * FROM `attendance` INNER JOIN student INNER JOIN classtime INNER JOIN course_jihua INNER JOIN course INNER JOIN major_jihua INNER JOIN major INNER JOIN class  WHERE attendance.student_id = '1' AND attendance.classtime_id = '1' AND classtime.course_jihua_id = '1' AND course_jihua.course_id = '1' AND course_jihua.major_jihua_id = '1' AND major_jihua.major_id = '1' AND class.major_id = '1' AND student.class_id = '1' AND classtime.weeks = '周一'  [ RunTime:0.0000s ]

[ 2019-11-29T11:34:58+08:00 ] 127.0.0.1 /kqxt/index.php/Home/Index/Judge.html
INFO: [ app_init ] --START--
INFO: Run Behavior\BuildLiteBehavior [ RunTime:0.000000s ]
INFO: [ app_init ] --END-- [ RunTime:0.001000s ]
INFO: [ app_begin ] --START--
INFO: Run Behavior\ReadHtmlCacheBehavior [ RunTime:0.002000s ]
INFO: [ app_begin ] --END-- [ RunTime:0.002000s ]
SQL: SHOW COLUMNS FROM `attendance` [ RunTime:0.0010s ]
SQL: SELECT * FROM `attendance` INNER JOIN student INNER JOIN classtime INNER JOIN course_jihua INNER JOIN course INNER JOIN major_jihua INNER JOIN major INNER JOIN class  WHERE attendance.student_id = '1' AND attendance.classtime_id = '1' AND classtime.course_jihua_id = '1' AND course_jihua.course_id = '1' AND course_jihua.major_jihua_id = '1' AND major_jihua.major_id = '1' AND class.major_id = '1' AND student.class_id = '1' AND classtime.weeks = '周一'  [ RunTime:0.0010s ]

[ 2019-11-29T11:34:58+08:00 ] 127.0.0.1 /kqxt/index.php/Home/Index/Judge.html
INFO: [ app_init ] --START--
INFO: Run Behavior\BuildLiteBehavior [ RunTime:0.000000s ]
INFO: [ app_init ] --END-- [ RunTime:0.000000s ]
INFO: [ app_begin ] --START--
INFO: Run Behavior\ReadHtmlCacheBehavior [ RunTime:0.002000s ]
INFO: [ app_begin ] --END-- [ RunTime:0.002000s ]
SQL: SHOW COLUMNS FROM `attendance` [ RunTime:0.0010s ]
SQL: SELECT * FROM `attendance` INNER JOIN student INNER JOIN classtime INNER JOIN course_jihua INNER JOIN course INNER JOIN major_jihua INNER JOIN major INNER JOIN class  WHERE attendance.student_id = '1' AND attendance.classtime_id = '1' AND classtime.course_jihua_id = '1' AND course_jihua.course_id = '1' AND course_jihua.major_jihua_id = '1' AND major_jihua.major_id = '1' AND class.major_id = '1' AND student.class_id = '1' AND classtime.weeks = '周一'  [ RunTime:0.0010s ]

[ 2019-11-29T11:34:58+08:00 ] 127.0.0.1 /kqxt/index.php/Home/Index/Judge.html
INFO: [ app_init ] --START--
INFO: Run Behavior\BuildLiteBehavior [ RunTime:0.000000s ]
INFO: [ app_init ] --END-- [ RunTime:0.000000s ]
INFO: [ app_begin ] --START--
INFO: Run Behavior\ReadHtmlCacheBehavior [ RunTime:0.001000s ]
INFO: [ app_begin ] --END-- [ RunTime:0.001000s ]
SQL: SHOW COLUMNS FROM `attendance` [ RunTime:0.0010s ]
SQL: SELECT * FROM `attendance` INNER JOIN student INNER JOIN classtime INNER JOIN course_jihua INNER JOIN course INNER JOIN major_jihua INNER JOIN major INNER JOIN class  WHERE attendance.student_id = '1' AND attendance.classtime_id = '1' AND classtime.course_jihua_id = '1' AND course_jihua.course_id = '1' AND course_jihua.major_jihua_id = '1' AND major_jihua.major_id = '1' AND class.major_id = '1' AND student.class_id = '1' AND classtime.weeks = '周一'  [ RunTime:0.0250s ]

[ 2019-11-29T11:34:58+08:00 ] 127.0.0.1 /kqxt/index.php/Home/Index/Judge.html
INFO: [ app_init ] --START--
INFO: Run Behavior\BuildLiteBehavior [ RunTime:0.000000s ]
INFO: [ app_init ] --END-- [ RunTime:0.000000s ]
INFO: [ app_begin ] --START--
INFO: Run Behavior\ReadHtmlCacheBehavior [ RunTime:0.001000s ]
INFO: [ app_begin ] --END-- [ RunTime:0.001000s ]
SQL: SHOW COLUMNS FROM `attendance` [ RunTime:0.0010s ]
SQL: SELECT * FROM `attendance` INNER JOIN student INNER JOIN classtime INNER JOIN course_jihua INNER JOIN course INNER JOIN major_jihua INNER JOIN major INNER JOIN class  WHERE attendance.student_id = '1' AND attendance.classtime_id = '1' AND classtime.course_jihua_id = '1' AND course_jihua.course_id = '1' AND course_jihua.major_jihua_id = '1' AND major_jihua.major_id = '1' AND class.major_id = '1' AND student.class_id = '1' AND classtime.weeks = '周一'  [ RunTime:0.0240s ]

[ 2019-11-29T11:34:59+08:00 ] 127.0.0.1 /kqxt/index.php/Home/Index/Judge.html
INFO: [ app_init ] --START--
INFO: Run Behavior\BuildLiteBehavior [ RunTime:0.000000s ]
INFO: [ app_init ] --END-- [ RunTime:0.000000s ]
INFO: [ app_begin ] --START--
INFO: Run Behavior\ReadHtmlCacheBehavior [ RunTime:0.001000s ]
INFO: [ app_begin ] --END-- [ RunTime:0.001000s ]
SQL: SHOW COLUMNS FROM `attendance` [ RunTime:0.0010s ]
SQL: SELECT * FROM `attendance` INNER JOIN student INNER JOIN classtime INNER JOIN course_jihua INNER JOIN course INNER JOIN major_jihua INNER JOIN major INNER JOIN class  WHERE attendance.student_id = '1' AND attendance.classtime_id = '1' AND classtime.course_jihua_id = '1' AND course_jihua.course_id = '1' AND course_jihua.major_jihua_id = '1' AND major_jihua.major_id = '1' AND class.major_id = '1' AND student.class_id = '1' AND classtime.weeks = '周一'  [ RunTime:0.0090s ]

[ 2019-11-29T11:34:59+08:00 ] 127.0.0.1 /kqxt/index.php/Home/Index/Judge.html
INFO: [ app_init ] --START--
INFO: Run Behavior\BuildLiteBehavior [ RunTime:0.000000s ]
INFO: [ app_init ] --END-- [ RunTime:0.001000s ]
INFO: [ app_begin ] --START--
INFO: Run Behavior\ReadHtmlCacheBehavior [ RunTime:0.001000s ]
INFO: [ app_begin ] --END-- [ RunTime:0.002000s ]
SQL: SHOW COLUMNS FROM `attendance` [ RunTime:0.0010s ]
SQL: SELECT * FROM `attendance` INNER JOIN student INNER JOIN classtime INNER JOIN course_jihua INNER JOIN course INNER JOIN major_jihua INNER JOIN major INNER JOIN class  WHERE attendance.student_id = '1' AND attendance.classtime_id = '1' AND classtime.course_jihua_id = '1' AND course_jihua.course_id = '1' AND course_jihua.major_jihua_id = '1' AND major_jihua.major_id = '1' AND class.major_id = '1' AND student.class_id = '1' AND classtime.weeks = '周一'  [ RunTime:0.0120s ]

[ 2019-11-29T11:34:59+08:00 ] 127.0.0.1 /kqxt/index.php/Home/Index/Judge.html
INFO: [ app_init ] --START--
INFO: Run Behavior\BuildLiteBehavior [ RunTime:0.000000s ]
INFO: [ app_init ] --END-- [ RunTime:0.001000s ]
INFO: [ app_begin ] --START--
INFO: Run Behavior\ReadHtmlCacheBehavior [ RunTime:0.002000s ]
INFO: [ app_begin ] --END-- [ RunTime:0.002000s ]
SQL: SHOW COLUMNS FROM `attendance` [ RunTime:0.0010s ]
SQL: SELECT * FROM `attendance` INNER JOIN student INNER JOIN classtime INNER JOIN course_jihua INNER JOIN course INNER JOIN major_jihua INNER JOIN major INNER JOIN class  WHERE attendance.student_id = '1' AND attendance.classtime_id = '1' AND classtime.course_jihua_id = '1' AND course_jihua.course_id = '1' AND course_jihua.major_jihua_id = '1' AND major_jihua.major_id = '1' AND class.major_id = '1' AND student.class_id = '1' AND classtime.weeks = '周一'  [ RunTime:0.0140s ]

[ 2019-11-29T11:34:59+08:00 ] 127.0.0.1 /kqxt/index.php/Home/Index/Judge.html
INFO: [ app_init ] --START--
INFO: Run Behavior\BuildLiteBehavior [ RunTime:0.000000s ]
INFO: [ app_init ] --END-- [ RunTime:0.000000s ]
INFO: [ app_begin ] --START--
INFO: Run Behavior\ReadHtmlCacheBehavior [ RunTime:0.001000s ]
INFO: [ app_begin ] --END-- [ RunTime:0.001000s ]
SQL: SHOW COLUMNS FROM `attendance` [ RunTime:0.0010s ]
SQL: SELECT * FROM `attendance` INNER JOIN student INNER JOIN classtime INNER JOIN course_jihua INNER JOIN course INNER JOIN major_jihua INNER JOIN major INNER JOIN class  WHERE attendance.student_id = '1' AND attendance.classtime_id = '1' AND classtime.course_jihua_id = '1' AND course_jihua.course_id = '1' AND course_jihua.major_jihua_id = '1' AND major_jihua.major_id = '1' AND class.major_id = '1' AND student.class_id = '1' AND classtime.weeks = '周一'  [ RunTime:0.0130s ]

[ 2019-11-29T11:34:59+08:00 ] 127.0.0.1 /kqxt/index.php/Home/Index/Judge.html
INFO: [ app_init ] --START--
INFO: Run Behavior\BuildLiteBehavior [ RunTime:0.000000s ]
INFO: [ app_init ] --END-- [ RunTime:0.001000s ]
INFO: [ app_begin ] --START--
INFO: Run Behavior\ReadHtmlCacheBehavior [ RunTime:0.001000s ]
INFO: [ app_begin ] --END-- [ RunTime:0.001000s ]
SQL: SHOW COLUMNS FROM `attendance` [ RunTime:0.0000s ]
SQL: SELECT * FROM `attendance` INNER JOIN student INNER JOIN classtime INNER JOIN course_jihua INNER JOIN course INNER JOIN major_jihua INNER JOIN major INNER JOIN class  WHERE attendance.student_id = '1' AND attendance.classtime_id = '1' AND classtime.course_jihua_id = '1' AND course_jihua.course_id = '1' AND course_jihua.major_jihua_id = '1' AND major_jihua.major_id = '1' AND class.major_id = '1' AND student.class_id = '1' AND classtime.weeks = '周一'  [ RunTime:0.0000s ]

[ 2019-11-29T11:34:59+08:00 ] 127.0.0.1 /kqxt/index.php/Home/Index/Judge.html
INFO: [ app_init ] --START--
INFO: Run Behavior\BuildLiteBehavior [ RunTime:0.000000s ]
INFO: [ app_init ] --END-- [ RunTime:0.001000s ]
INFO: [ app_begin ] --START--
INFO: Run Behavior\ReadHtmlCacheBehavior [ RunTime:0.002000s ]
INFO: [ app_begin ] --END-- [ RunTime:0.002000s ]
SQL: SHOW COLUMNS FROM `attendance` [ RunTime:0.0010s ]
SQL: SELECT * FROM `attendance` INNER JOIN student INNER JOIN classtime INNER JOIN course_jihua INNER JOIN course INNER JOIN major_jihua INNER JOIN major INNER JOIN class  WHERE attendance.student_id = '1' AND attendance.classtime_id = '1' AND classtime.course_jihua_id = '1' AND course_jihua.course_id = '1' AND course_jihua.major_jihua_id = '1' AND major_jihua.major_id = '1' AND class.major_id = '1' AND student.class_id = '1' AND classtime.weeks = '周一'  [ RunTime:0.0010s ]

[ 2019-11-29T11:35:00+08:00 ] 127.0.0.1 /kqxt/index.php/Home/Index/Judge.html
INFO: [ app_init ] --START--
INFO: Run Behavior\BuildLiteBehavior [ RunTime:0.000000s ]
INFO: [ app_init ] --END-- [ RunTime:0.001000s ]
INFO: [ app_begin ] --START--
INFO: Run Behavior\ReadHtmlCacheBehavior [ RunTime:0.001000s ]
INFO: [ app_begin ] --END-- [ RunTime:0.002000s ]
SQL: SHOW COLUMNS FROM `attendance` [ RunTime:0.0010s ]
SQL: SELECT * FROM `attendance` INNER JOIN student INNER JOIN classtime INNER JOIN course_jihua INNER JOIN course INNER JOIN major_jihua INNER JOIN major INNER JOIN class  WHERE attendance.student_id = '1' AND attendance.classtime_id = '1' AND classtime.course_jihua_id = '1' AND course_jihua.course_id = '1' AND course_jihua.major_jihua_id = '1' AND major_jihua.major_id = '1' AND class.major_id = '1' AND student.class_id = '1' AND classtime.weeks = '周一'  [ RunTime:0.0010s ]

[ 2019-11-29T11:35:00+08:00 ] 127.0.0.1 /kqxt/index.php/Home/Index/Judge.html
INFO: [ app_init ] --START--
INFO: Run Behavior\BuildLiteBehavior [ RunTime:0.000000s ]
INFO: [ app_init ] --END-- [ RunTime:0.001000s ]
INFO: [ app_begin ] --START--
INFO: Run Behavior\ReadHtmlCacheBehavior [ RunTime:0.002000s ]
INFO: [ app_begin ] --END-- [ RunTime:0.002000s ]
SQL: SHOW COLUMNS FROM `attendance` [ RunTime:0.0010s ]
SQL: SELECT * FROM `attendance` INNER JOIN student INNER JOIN classtime INNER JOIN course_jihua INNER JOIN course INNER JOIN major_jihua INNER JOIN major INNER JOIN class  WHERE attendance.student_id = '1' AND attendance.classtime_id = '1' AND classtime.course_jihua_id = '1' AND course_jihua.course_id = '1' AND course_jihua.major_jihua_id = '1' AND major_jihua.major_id = '1' AND class.major_id = '1' AND student.class_id = '1' AND classtime.weeks = '周一'  [ RunTime:0.0000s ]

[ 2019-11-29T11:35:00+08:00 ] 127.0.0.1 /kqxt/index.php/Home/Index/Judge.html
INFO: [ app_init ] --START--
INFO: Run Behavior\BuildLiteBehavior [ RunTime:0.000000s ]
INFO: [ app_init ] --END-- [ RunTime:0.001000s ]
INFO: [ app_begin ] --START--
INFO: Run Behavior\ReadHtmlCacheBehavior [ RunTime:0.001000s ]
INFO: [ app_begin ] --END-- [ RunTime:0.001000s ]
SQL: SHOW COLUMNS FROM `attendance` [ RunTime:0.0010s ]
SQL: SELECT * FROM `attendance` INNER JOIN student INNER JOIN classtime INNER JOIN course_jihua INNER JOIN course INNER JOIN major_jihua INNER JOIN major INNER JOIN class  WHERE attendance.student_id = '1' AND attendance.classtime_id = '1' AND classtime.course_jihua_id = '1' AND course_jihua.course_id = '1' AND course_jihua.major_jihua_id = '1' AND major_jihua.major_id = '1' AND class.major_id = '1' AND student.class_id = '1' AND classtime.weeks = '周一'  [ RunTime:0.0000s ]

[ 2019-11-29T11:35:00+08:00 ] 127.0.0.1 /kqxt/index.php/Home/Index/Judge.html
INFO: [ app_init ] --START--
INFO: Run Behavior\BuildLiteBehavior [ RunTime:0.000000s ]
INFO: [ app_init ] --END-- [ RunTime:0.000000s ]
INFO: [ app_begin ] --START--
INFO: Run Behavior\ReadHtmlCacheBehavior [ RunTime:0.001000s ]
INFO: [ app_begin ] --END-- [ RunTime:0.001000s ]
SQL: SHOW COLUMNS FROM `attendance` [ RunTime:0.0010s ]
SQL: SELECT * FROM `attendance` INNER JOIN student INNER JOIN classtime INNER JOIN course_jihua INNER JOIN course INNER JOIN major_jihua INNER JOIN major INNER JOIN class  WHERE attendance.student_id = '1' AND attendance.classtime_id = '1' AND classtime.course_jihua_id = '1' AND course_jihua.course_id = '1' AND course_jihua.major_jihua_id = '1' AND major_jihua.major_id = '1' AND class.major_id = '1' AND student.class_id = '1' AND classtime.weeks = '周一'  [ RunTime:0.0010s ]

[ 2019-11-29T11:40:08+08:00 ] 127.0.0.1 /kqxt/index.php/Home/index/xsqd.html
INFO: [ app_init ] --START--
INFO: Run Behavior\BuildLiteBehavior [ RunTime:0.001000s ]
INFO: [ app_init ] --END-- [ RunTime:0.001000s ]
INFO: [ app_begin ] --START--
INFO: Run Behavior\ReadHtmlCacheBehavior [ RunTime:0.001000s ]
INFO: [ app_begin ] --END-- [ RunTime:0.001000s ]
INFO: [ view_parse ] --START--
INFO: [ template_filter ] --START--
INFO: Run Behavior\ContentReplaceBehavior [ RunTime:0.000000s ]
INFO: [ template_filter ] --END-- [ RunTime:0.000000s ]
INFO: Run Behavior\ParseTemplateBehavior [ RunTime:0.010000s ]
INFO: [ view_parse ] --END-- [ RunTime:0.010000s ]
INFO: [ view_filter ] --START--
INFO: Run Behavior\WriteHtmlCacheBehavior [ RunTime:0.001000s ]
INFO: [ view_filter ] --END-- [ RunTime:0.001000s ]
INFO: [ app_end ] --START--
INFO: Run Behavior\ShowPageTraceBehavior [ RunTime:0.001000s ]
INFO: [ app_end ] --END-- [ RunTime:0.002000s ]

[ 2019-11-29T11:40:08+08:00 ] 127.0.0.1 /kqxt/index.php/Home/Index/Judge.html
INFO: [ app_init ] --START--
INFO: Run Behavior\BuildLiteBehavior [ RunTime:0.000000s ]
INFO: [ app_init ] --END-- [ RunTime:0.001000s ]
INFO: [ app_begin ] --START--
INFO: Run Behavior\ReadHtmlCacheBehavior [ RunTime:0.001000s ]
INFO: [ app_begin ] --END-- [ RunTime:0.001000s ]
SQL: SHOW COLUMNS FROM `attendance` [ RunTime:0.0010s ]
SQL: SELECT * FROM `attendance` INNER JOIN student INNER JOIN classtime INNER JOIN course_jihua INNER JOIN course INNER JOIN major_jihua INNER JOIN major INNER JOIN class   [ RunTime:0.0010s ]

