[ 2019-09-29T10:27:57+08:00 ] 127.0.0.1 /kqxt/xuesheng.html
INFO: [ app_init ] --START--
INFO: Run Behavior\BuildLiteBehavior [ RunTime:0.000000s ]
INFO: [ app_init ] --END-- [ RunTime:0.000000s ]
ERR: 无法加载模块:Xuesheng

[ 2019-09-29T10:28:00+08:00 ] 127.0.0.1 /kqxt/laoshi.html
INFO: [ app_init ] --START--
INFO: Run Behavior\BuildLiteBehavior [ RunTime:0.000000s ]
INFO: [ app_init ] --END-- [ RunTime:0.001000s ]
ERR: 无法加载模块:Laoshi

[ 2019-09-29T10:28:02+08:00 ] 127.0.0.1 /kqxt/fudaoyuan.html
INFO: [ app_init ] --START--
INFO: Run Behavior\BuildLiteBehavior [ RunTime:0.000000s ]
INFO: [ app_init ] --END-- [ RunTime:0.001000s ]
ERR: 无法加载模块:Fudaoyuan

[ 2019-09-29T10:28:04+08:00 ] 127.0.0.1 /kqxt/xuesheng.html
INFO: [ app_init ] --START--
INFO: Run Behavior\BuildLiteBehavior [ RunTime:0.000000s ]
INFO: [ app_init ] --END-- [ RunTime:0.001000s ]
ERR: 无法加载模块:Xuesheng

[ 2019-09-29T10:29:58+08:00 ] 127.0.0.1 /kqxt/xuesheng.html
INFO: [ app_init ] --START--
INFO: Run Behavior\BuildLiteBehavior [ RunTime:0.000000s ]
INFO: [ app_init ] --END-- [ RunTime:0.001000s ]
ERR: 无法加载模块:Xuesheng

[ 2019-09-29T10:30:00+08:00 ] 127.0.0.1 /kqxt/xuesheng.html
INFO: [ app_init ] --START--
INFO: Run Behavior\BuildLiteBehavior [ RunTime:0.000000s ]
INFO: [ app_init ] --END-- [ RunTime:0.001000s ]
ERR: 无法加载模块:Xuesheng

[ 2019-09-29T10:30:00+08:00 ] 127.0.0.1 /kqxt/xuesheng.html
INFO: [ app_init ] --START--
INFO: Run Behavior\BuildLiteBehavior [ RunTime:0.000000s ]
INFO: [ app_init ] --END-- [ RunTime:0.001000s ]
ERR: 无法加载模块:Xuesheng

[ 2019-09-29T10:30:00+08:00 ] 127.0.0.1 /kqxt/xuesheng.html
INFO: [ app_init ] --START--
INFO: Run Behavior\BuildLiteBehavior [ RunTime:0.000000s ]
INFO: [ app_init ] --END-- [ RunTime:0.000000s ]
ERR: 无法加载模块:Xuesheng

[ 2019-09-29T10:30:01+08:00 ] 127.0.0.1 /kqxt/xuesheng.html
INFO: [ app_init ] --START--
INFO: Run Behavior\BuildLiteBehavior [ RunTime:0.000000s ]
INFO: [ app_init ] --END-- [ RunTime:0.001000s ]
ERR: 无法加载模块:Xuesheng

[ 2019-09-29T10:30:01+08:00 ] 127.0.0.1 /kqxt/xuesheng.html
INFO: [ app_init ] --START--
INFO: Run Behavior\BuildLiteBehavior [ RunTime:0.000000s ]
INFO: [ app_init ] --END-- [ RunTime:0.000000s ]
ERR: 无法加载模块:Xuesheng

[ 2019-09-29T10:30:09+08:00 ] 127.0.0.1 /kqxt/xuesheng.html
INFO: [ app_init ] --START--
INFO: Run Behavior\BuildLiteBehavior [ RunTime:0.000000s ]
INFO: [ app_init ] --END-- [ RunTime:0.001000s ]
ERR: 无法加载模块:Xuesheng

[ 2019-09-29T10:32:17+08:00 ] 127.0.0.1 /kqxt/xuesheng.html
INFO: [ app_init ] --START--
INFO: Run Behavior\BuildLiteBehavior [ RunTime:0.000000s ]
INFO: [ app_init ] --END-- [ RunTime:0.001000s ]
ERR: 无法加载模块:Xuesheng

[ 2019-09-29T10:32:18+08:00 ] 127.0.0.1 /kqxt/xuesheng.html
INFO: [ app_init ] --START--
INFO: Run Behavior\BuildLiteBehavior [ RunTime:0.000000s ]
INFO: [ app_init ] --END-- [ RunTime:0.001000s ]
ERR: 无法加载模块:Xuesheng

[ 2019-09-29T10:32:18+08:00 ] 127.0.0.1 /kqxt/xuesheng.html
INFO: [ app_init ] --START--
INFO: Run Behavior\BuildLiteBehavior [ RunTime:0.000000s ]
INFO: [ app_init ] --END-- [ RunTime:0.001000s ]
ERR: 无法加载模块:Xuesheng

[ 2019-09-29T10:32:18+08:00 ] 127.0.0.1 /kqxt/xuesheng.html
INFO: [ app_init ] --START--
INFO: Run Behavior\BuildLiteBehavior [ RunTime:0.000000s ]
INFO: [ app_init ] --END-- [ RunTime:0.001000s ]
ERR: 无法加载模块:Xuesheng

[ 2019-09-29T10:32:19+08:00 ] 127.0.0.1 /kqxt/xuesheng.html
INFO: [ app_init ] --START--
INFO: Run Behavior\BuildLiteBehavior [ RunTime:0.000000s ]
INFO: [ app_init ] --END-- [ RunTime:0.000000s ]
ERR: 无法加载模块:Xuesheng

[ 2019-09-29T10:32:19+08:00 ] 127.0.0.1 /kqxt/xuesheng.html
INFO: [ app_init ] --START--
INFO: Run Behavior\BuildLiteBehavior [ RunTime:0.000000s ]
INFO: [ app_init ] --END-- [ RunTime:0.001000s ]
ERR: 无法加载模块:Xuesheng

[ 2019-09-29T10:32:19+08:00 ] 127.0.0.1 /kqxt/xuesheng.html
INFO: [ app_init ] --START--
INFO: Run Behavior\BuildLiteBehavior [ RunTime:0.000000s ]
INFO: [ app_init ] --END-- [ RunTime:0.001000s ]
ERR: 无法加载模块:Xuesheng

[ 2019-09-29T10:32:19+08:00 ] 127.0.0.1 /kqxt/xuesheng.html
INFO: [ app_init ] --START--
INFO: Run Behavior\BuildLiteBehavior [ RunTime:0.000000s ]
INFO: [ app_init ] --END-- [ RunTime:0.000000s ]
ERR: 无法加载模块:Xuesheng

[ 2019-09-29T10:32:20+08:00 ] 127.0.0.1 /kqxt/xuesheng.html
INFO: [ app_init ] --START--
INFO: Run Behavior\BuildLiteBehavior [ RunTime:0.000000s ]
INFO: [ app_init ] --END-- [ RunTime:0.001000s ]
ERR: 无法加载模块:Xuesheng

[ 2019-09-29T10:32:20+08:00 ] 127.0.0.1 /kqxt/xuesheng.html
INFO: [ app_init ] --START--
INFO: Run Behavior\BuildLiteBehavior [ RunTime:0.000000s ]
INFO: [ app_init ] --END-- [ RunTime:0.000000s ]
ERR: 无法加载模块:Xuesheng

[ 2019-09-29T10:32:20+08:00 ] 127.0.0.1 /kqxt/xuesheng.html
INFO: [ app_init ] --START--
INFO: Run Behavior\BuildLiteBehavior [ RunTime:0.000000s ]
INFO: [ app_init ] --END-- [ RunTime:0.000000s ]
ERR: 无法加载模块:Xuesheng

[ 2019-09-29T10:32:20+08:00 ] 127.0.0.1 /kqxt/xuesheng.html
INFO: [ app_init ] --START--
INFO: Run Behavior\BuildLiteBehavior [ RunTime:0.000000s ]
INFO: [ app_init ] --END-- [ RunTime:0.001000s ]
ERR: 无法加载模块:Xuesheng

[ 2019-09-29T10:32:20+08:00 ] 127.0.0.1 /kqxt/xuesheng.html
INFO: [ app_init ] --START--
INFO: Run Behavior\BuildLiteBehavior [ RunTime:0.000000s ]
INFO: [ app_init ] --END-- [ RunTime:0.001000s ]
ERR: 无法加载模块:Xuesheng

[ 2019-09-29T10:43:36+08:00 ] 127.0.0.1 /kqxt/xuesheng.html
INFO: [ app_init ] --START--
INFO: Run Behavior\BuildLiteBehavior [ RunTime:0.000000s ]
INFO: [ app_init ] --END-- [ RunTime:0.001000s ]
ERR: 无法加载模块:Xuesheng

[ 2019-09-29T10:43:37+08:00 ] 127.0.0.1 /kqxt/xuesheng.html
INFO: [ app_init ] --START--
INFO: Run Behavior\BuildLiteBehavior [ RunTime:0.000000s ]
INFO: [ app_init ] --END-- [ RunTime:0.000000s ]
ERR: 无法加载模块:Xuesheng

[ 2019-09-29T10:43:37+08:00 ] 127.0.0.1 /kqxt/xuesheng.html
INFO: [ app_init ] --START--
INFO: Run Behavior\BuildLiteBehavior [ RunTime:0.000000s ]
INFO: [ app_init ] --END-- [ RunTime:0.001000s ]
ERR: 无法加载模块:Xuesheng

[ 2019-09-29T10:43:37+08:00 ] 127.0.0.1 /kqxt/xuesheng.html
INFO: [ app_init ] --START--
INFO: Run Behavior\BuildLiteBehavior [ RunTime:0.000000s ]
INFO: [ app_init ] --END-- [ RunTime:0.001000s ]
ERR: 无法加载模块:Xuesheng

[ 2019-09-29T10:43:37+08:00 ] 127.0.0.1 /kqxt/xuesheng.html
INFO: [ app_init ] --START--
INFO: Run Behavior\BuildLiteBehavior [ RunTime:0.000000s ]
INFO: [ app_init ] --END-- [ RunTime:0.001000s ]
ERR: 无法加载模块:Xuesheng

[ 2019-09-29T10:43:39+08:00 ] 127.0.0.1 /kqxt/xuesheng.html
INFO: [ app_init ] --START--
INFO: Run Behavior\BuildLiteBehavior [ RunTime:0.000000s ]
INFO: [ app_init ] --END-- [ RunTime:0.001000s ]
ERR: 无法加载模块:Xuesheng

[ 2019-09-29T10:44:01+08:00 ] 127.0.0.1 /kqxt/xuesheng.html
INFO: [ app_init ] --START--
INFO: Run Behavior\BuildLiteBehavior [ RunTime:0.000000s ]
INFO: [ app_init ] --END-- [ RunTime:0.001000s ]
ERR: 无法加载模块:Xuesheng

[ 2019-09-29T10:44:05+08:00 ] 127.0.0.1 /kqxt/xuesheng.html
INFO: [ app_init ] --START--
INFO: Run Behavior\BuildLiteBehavior [ RunTime:0.000000s ]
INFO: [ app_init ] --END-- [ RunTime:0.001000s ]
ERR: 无法加载模块:Xuesheng

[ 2019-09-29T10:46:14+08:00 ] 127.0.0.1 /kqxt/xuesheng.html
INFO: [ app_init ] --START--
INFO: Run Behavior\BuildLiteBehavior [ RunTime:0.000000s ]
INFO: [ app_init ] --END-- [ RunTime:0.001000s ]
ERR: 无法加载模块:Xuesheng

[ 2019-09-29T10:46:21+08:00 ] 127.0.0.1 /kqxt/xuesheng.html
INFO: [ app_init ] --START--
INFO: Run Behavior\BuildLiteBehavior [ RunTime:0.000000s ]
INFO: [ app_init ] --END-- [ RunTime:0.000000s ]
ERR: 无法加载模块:Xuesheng

